#
# There is insufficient memory for the Java Runtime Environment to continue.
# Native memory allocation (mmap) failed to map 204472320 bytes for G1 virtual space
# Possible reasons:
#   The system is out of physical RAM or swap space
#   The process is running with CompressedOops enabled, and the Java Heap may be blocking the growth of the native heap
# Possible solutions:
#   Reduce memory load on the system
#   Increase physical memory or swap space
#   Check if swap backing store is full
#   Decrease Java heap size (-Xmx/-Xms)
#   Decrease number of Java threads
#   Decrease Java thread stack sizes (-Xss)
#   Set larger code cache with -XX:ReservedCodeCacheSize=
#   JVM is running with Unscaled Compressed Oops mode in which the Java heap is
#     placed in the first 4GB address space. The Java Heap base address is the
#     maximum limit for the native heap growth. Please use -XX:HeapBaseMinAddress
#     to set the Java Heap base and to place the Java Heap above 4GB virtual address.
# This output file may be truncated or incomplete.
#
#  Out of Memory Error (os_windows.cpp:3600), pid=17688, tid=21768
#
# JRE version: Java(TM) SE Runtime Environment (21.0.2+13) (build 21.0.2+13-LTS-58)
# Java VM: Java HotSpot(TM) 64-Bit Server VM (21.0.2+13-LTS-58, mixed mode, sharing, tiered, compressed oops, compressed class ptrs, g1 gc, windows-amd64)
# No core dump will be written. Minidumps are not enabled by default on client versions of Windows
#

---------------  S U M M A R Y ------------

Command Line: -Xmx1g -Xss4M -Djava.library.path=..\lib prism.PrismCL D:\GitHub Repos\ADTransformer\ADTransformer\GeneratedPrismFiles\generatedSample.prism D:\GitHub Repos\ADTransformer\ADTransformer\ParetoFrontProps\paretoFrontProperty.props -const INIT_DEFENDER_BUDGET=48,INIT_ATTACKER_BUDGET=7

Host: AMD Ryzen 5 5600H with Radeon Graphics         , 12 cores, 15G,  Windows 10 , 64 bit Build 19041 (10.0.19041.5794)
Time: Sat May 17 10:21:13 2025  Windows 10 , 64 bit Build 19041 (10.0.19041.5794) elapsed time: 3.792357 seconds (0d 0h 0m 3s)

---------------  T H R E A D  ---------------

Current thread (0x00000164d3754250):  VMThread "VM Thread"          [id=21768, stack(0x00000048d5000000,0x00000048d5100000) (1024K)]

Stack: [0x00000048d5000000,0x00000048d5100000]
Native frames: (J=compiled Java code, j=interpreted, Vv=VM code, C=native code)
V  [jvm.dll+0x6cade9]
V  [jvm.dll+0x8569c1]
V  [jvm.dll+0x858d2e]
V  [jvm.dll+0x859413]
V  [jvm.dll+0x280e56]
V  [jvm.dll+0x6c74d5]
V  [jvm.dll+0x6bbeca]
V  [jvm.dll+0x355bca]
V  [jvm.dll+0x35d816]
V  [jvm.dll+0x3ae67e]
V  [jvm.dll+0x3ae928]
V  [jvm.dll+0x3295dc]
V  [jvm.dll+0x329667]
V  [jvm.dll+0x36df1c]
V  [jvm.dll+0x36c71d]
V  [jvm.dll+0x328d51]
V  [jvm.dll+0x36be2a]
V  [jvm.dll+0x85ef18]
V  [jvm.dll+0x860014]
V  [jvm.dll+0x860550]
V  [jvm.dll+0x8607f3]
V  [jvm.dll+0x7ff568]
V  [jvm.dll+0x6c953d]
C  [ucrtbase.dll+0x21bb2]
C  [KERNEL32.DLL+0x17374]
C  [ntdll.dll+0x4cc91]

VM_Operation (0x00000048d49fec50): G1CollectForAllocation, mode: safepoint, requested by thread 0x00000164b5dad8a0


---------------  P R O C E S S  ---------------

Threads class SMR info:
_java_thread_list=0x000001651925db00, length=13, elements={
0x00000164b5dad8a0, 0x00000164d3772fe0, 0x00000164d37773d0, 0x00000164d3779150,
0x00000164d3779bb0, 0x00000164d377a610, 0x00000164d377b070, 0x00000164d377fe10,
0x00000164d3782720, 0x00000164d3918eb0, 0x00000164d3920910, 0x00000164d3a7c6d0,
0x0000016519653ea0
}

Java Threads: ( => current thread )
  0x00000164b5dad8a0 JavaThread "main"                              [_thread_blocked, id=19032, stack(0x00000048d4600000,0x00000048d4a00000) (4096K)]
  0x00000164d3772fe0 JavaThread "Reference Handler"          daemon [_thread_blocked, id=11164, stack(0x00000048d5100000,0x00000048d5500000) (4096K)]
  0x00000164d37773d0 JavaThread "Finalizer"                  daemon [_thread_blocked, id=18660, stack(0x00000048d5500000,0x00000048d5900000) (4096K)]
  0x00000164d3779150 JavaThread "Signal Dispatcher"          daemon [_thread_blocked, id=7428, stack(0x00000048d5900000,0x00000048d5d00000) (4096K)]
  0x00000164d3779bb0 JavaThread "Attach Listener"            daemon [_thread_blocked, id=19492, stack(0x00000048d5d00000,0x00000048d6100000) (4096K)]
  0x00000164d377a610 JavaThread "Service Thread"             daemon [_thread_blocked, id=11552, stack(0x00000048d6100000,0x00000048d6500000) (4096K)]
  0x00000164d377b070 JavaThread "Monitor Deflation Thread"   daemon [_thread_blocked, id=21740, stack(0x00000048d6500000,0x00000048d6900000) (4096K)]
  0x00000164d377fe10 JavaThread "C2 CompilerThread0"         daemon [_thread_blocked, id=17228, stack(0x00000048d6900000,0x00000048d6a00000) (1024K)]
  0x00000164d3782720 JavaThread "C1 CompilerThread0"         daemon [_thread_blocked, id=3816, stack(0x00000048d6a00000,0x00000048d6b00000) (1024K)]
  0x00000164d3918eb0 JavaThread "Notification Thread"        daemon [_thread_blocked, id=19784, stack(0x00000048d6b00000,0x00000048d6f00000) (4096K)]
  0x00000164d3920910 JavaThread "Common-Cleaner"             daemon [_thread_blocked, id=22408, stack(0x00000048d6f00000,0x00000048d7300000) (4096K)]
  0x00000164d3a7c6d0 JavaThread "C2 CompilerThread1"         daemon [_thread_in_native, id=14648, stack(0x00000048d7300000,0x00000048d7400000) (1024K)]
  0x0000016519653ea0 JavaThread "C2 CompilerThread2"         daemon [_thread_blocked, id=5228, stack(0x00000048d7c00000,0x00000048d7d00000) (1024K)]
Total: 13

Other Threads:
=>0x00000164d3754250 VMThread "VM Thread"                           [id=21768, stack(0x00000048d5000000,0x00000048d5100000) (1024K)]
  0x00000164d373a620 WatcherThread "VM Periodic Task Thread"        [id=13240, stack(0x00000048d4f00000,0x00000048d5000000) (1024K)]
  0x00000164b5de4b20 WorkerThread "GC Thread#0"                     [id=21156, stack(0x00000048d4a00000,0x00000048d4b00000) (1024K)]
  0x0000016519146fb0 WorkerThread "GC Thread#1"                     [id=18016, stack(0x00000048d7400000,0x00000048d7500000) (1024K)]
  0x0000016519147350 WorkerThread "GC Thread#2"                     [id=21848, stack(0x00000048d7500000,0x00000048d7600000) (1024K)]
  0x00000165197fdf40 WorkerThread "GC Thread#3"                     [id=1300, stack(0x00000048d7600000,0x00000048d7700000) (1024K)]
  0x00000165197fe2e0 WorkerThread "GC Thread#4"                     [id=13984, stack(0x00000048d7700000,0x00000048d7800000) (1024K)]
  0x00000165196527c0 WorkerThread "GC Thread#5"                     [id=12224, stack(0x00000048d7800000,0x00000048d7900000) (1024K)]
  0x0000016519652b60 WorkerThread "GC Thread#6"                     [id=9844, stack(0x00000048d7900000,0x00000048d7a00000) (1024K)]
  0x0000016519652f00 WorkerThread "GC Thread#7"                     [id=13100, stack(0x00000048d7a00000,0x00000048d7b00000) (1024K)]
  0x00000165196532a0 WorkerThread "GC Thread#8"                     [id=10624, stack(0x00000048d7b00000,0x00000048d7c00000) (1024K)]
  0x00000164b5dedb00 ConcurrentGCThread "G1 Main Marker"            [id=15576, stack(0x00000048d4b00000,0x00000048d4c00000) (1024K)]
  0x00000164b5def210 WorkerThread "G1 Conc#0"                       [id=14528, stack(0x00000048d4c00000,0x00000048d4d00000) (1024K)]
  0x00000164d3611560 ConcurrentGCThread "G1 Refine#0"               [id=22020, stack(0x00000048d4d00000,0x00000048d4e00000) (1024K)]
  0x00000164d3611f70 ConcurrentGCThread "G1 Service"                [id=20636, stack(0x00000048d4e00000,0x00000048d4f00000) (1024K)]
Total: 15

Threads with active compile tasks:
C2 CompilerThread0     3808  957       4       java.util.ArrayList::<init> (65 bytes)
C2 CompilerThread1     3808  951       4       parser.PrismParser::Update (166 bytes)
C2 CompilerThread2     3808  964       4       java.util.Arrays::rangeCheck (74 bytes)
Total: 3

VM state: at safepoint (normal execution)

VM Mutex/Monitor currently owned by a thread:  ([mutex/lock_event])
[0x00007ffe1cc6cd68] Threads_lock - owner thread: 0x00000164d3754250
[0x00007ffe1cc6ce68] Heap_lock - owner thread: 0x00000164b5dad8a0

Heap address: 0x00000000c0000000, size: 1024 MB, Compressed Oops mode: 32-bit

CDS archive(s) mapped at: [0x00000164d4000000-0x00000164d4c90000-0x00000164d4c90000), size 13172736, SharedBaseAddress: 0x00000164d4000000, ArchiveRelocationMode: 1.
Compressed class space mapped at: 0x00000164d5000000-0x0000016515000000, reserved size: 1073741824
Narrow klass base: 0x00000164d4000000, Narrow klass shift: 0, Narrow klass range: 0x100000000

GC Precious Log:
 CardTable entry size: 512
 Card Set container configuration: InlinePtr #cards 5 size 8 Array Of Cards #cards 12 size 40 Howl #buckets 4 coarsen threshold 1843 Howl Bitmap #cards 512 size 80 coarsen threshold 460 Card regions per heap region 1 cards per card region 2048
 CPUs: 12 total, 12 available
 Memory: 15716M
 Large Page Support: Disabled
 NUMA Support: Disabled
 Compressed Oops: Enabled (32-bit)
 Heap Region Size: 1M
 Heap Min Capacity: 8M
 Heap Initial Capacity: 246M
 Heap Max Capacity: 1G
 Pre-touch: Disabled
 Parallel Workers: 10
 Concurrent Workers: 3
 Concurrent Refinement Workers: 10
 Periodic GC: Disabled

Heap:
 garbage-first heap   total 251904K, used 162304K [0x00000000c0000000, 0x0000000100000000)
  region size 1024K, 6 young (6144K), 6 survivors (6144K)
 Metaspace       used 4084K, committed 4288K, reserved 1114112K
  class space    used 342K, committed 448K, reserved 1048576K

Heap Regions: E=young(eden), S=young(survivor), O=old, HS=humongous(starts), HC=humongous(continues), CS=collection set, F=free, TAMS=top-at-mark-start, PB=parsable bottom
|   0|0x00000000c0000000, 0x00000000c0100000, 0x00000000c0100000|100%| O|  |TAMS 0x00000000c0100000| PB 0x00000000c0000000| Untracked 
|   1|0x00000000c0100000, 0x00000000c0200000, 0x00000000c0200000|100%| O|  |TAMS 0x00000000c0200000| PB 0x00000000c0100000| Untracked 
|   2|0x00000000c0200000, 0x00000000c0300000, 0x00000000c0300000|100%| O|  |TAMS 0x00000000c0300000| PB 0x00000000c0200000| Untracked 
|   3|0x00000000c0300000, 0x00000000c0400000, 0x00000000c0400000|100%| O|  |TAMS 0x00000000c0400000| PB 0x00000000c0300000| Untracked 
|   4|0x00000000c0400000, 0x00000000c0500000, 0x00000000c0500000|100%| O|  |TAMS 0x00000000c0500000| PB 0x00000000c0400000| Untracked 
|   5|0x00000000c0500000, 0x00000000c0600000, 0x00000000c0600000|100%| O|  |TAMS 0x00000000c0600000| PB 0x00000000c0500000| Untracked 
|   6|0x00000000c0600000, 0x00000000c0700000, 0x00000000c0700000|100%| O|  |TAMS 0x00000000c0700000| PB 0x00000000c0600000| Untracked 
|   7|0x00000000c0700000, 0x00000000c0800000, 0x00000000c0800000|100%| O|  |TAMS 0x00000000c0800000| PB 0x00000000c0700000| Untracked 
|   8|0x00000000c0800000, 0x00000000c0900000, 0x00000000c0900000|100%| O|  |TAMS 0x00000000c0900000| PB 0x00000000c0800000| Untracked 
|   9|0x00000000c0900000, 0x00000000c0a00000, 0x00000000c0a00000|100%| O|  |TAMS 0x00000000c0a00000| PB 0x00000000c0900000| Untracked 
|  10|0x00000000c0a00000, 0x00000000c0b00000, 0x00000000c0b00000|100%| O|  |TAMS 0x00000000c0b00000| PB 0x00000000c0a00000| Untracked 
|  11|0x00000000c0b00000, 0x00000000c0c00000, 0x00000000c0c00000|100%| O|  |TAMS 0x00000000c0c00000| PB 0x00000000c0b00000| Untracked 
|  12|0x00000000c0c00000, 0x00000000c0d00000, 0x00000000c0d00000|100%| O|  |TAMS 0x00000000c0d00000| PB 0x00000000c0c00000| Untracked 
|  13|0x00000000c0d00000, 0x00000000c0e00000, 0x00000000c0e00000|100%| O|  |TAMS 0x00000000c0e00000| PB 0x00000000c0d00000| Untracked 
|  14|0x00000000c0e00000, 0x00000000c0f00000, 0x00000000c0f00000|100%| O|  |TAMS 0x00000000c0f00000| PB 0x00000000c0e00000| Untracked 
|  15|0x00000000c0f00000, 0x00000000c1000000, 0x00000000c1000000|100%| O|  |TAMS 0x00000000c1000000| PB 0x00000000c0f00000| Untracked 
|  16|0x00000000c1000000, 0x00000000c1100000, 0x00000000c1100000|100%| O|  |TAMS 0x00000000c1100000| PB 0x00000000c1000000| Untracked 
|  17|0x00000000c1100000, 0x00000000c1200000, 0x00000000c1200000|100%| O|  |TAMS 0x00000000c1200000| PB 0x00000000c1100000| Untracked 
|  18|0x00000000c1200000, 0x00000000c1300000, 0x00000000c1300000|100%| O|  |TAMS 0x00000000c1300000| PB 0x00000000c1200000| Untracked 
|  19|0x00000000c1300000, 0x00000000c1400000, 0x00000000c1400000|100%| O|  |TAMS 0x00000000c1400000| PB 0x00000000c1300000| Untracked 
|  20|0x00000000c1400000, 0x00000000c1500000, 0x00000000c1500000|100%| O|  |TAMS 0x00000000c1500000| PB 0x00000000c1400000| Untracked 
|  21|0x00000000c1500000, 0x00000000c1600000, 0x00000000c1600000|100%| O|  |TAMS 0x00000000c1600000| PB 0x00000000c1500000| Untracked 
|  22|0x00000000c1600000, 0x00000000c1700000, 0x00000000c1700000|100%| O|  |TAMS 0x00000000c1700000| PB 0x00000000c1600000| Untracked 
|  23|0x00000000c1700000, 0x00000000c1800000, 0x00000000c1800000|100%| O|  |TAMS 0x00000000c1800000| PB 0x00000000c1700000| Untracked 
|  24|0x00000000c1800000, 0x00000000c1900000, 0x00000000c1900000|100%| O|  |TAMS 0x00000000c1900000| PB 0x00000000c1800000| Untracked 
|  25|0x00000000c1900000, 0x00000000c1a00000, 0x00000000c1a00000|100%| O|  |TAMS 0x00000000c1a00000| PB 0x00000000c1900000| Untracked 
|  26|0x00000000c1a00000, 0x00000000c1b00000, 0x00000000c1b00000|100%| O|  |TAMS 0x00000000c1b00000| PB 0x00000000c1a00000| Untracked 
|  27|0x00000000c1b00000, 0x00000000c1c00000, 0x00000000c1c00000|100%| O|  |TAMS 0x00000000c1c00000| PB 0x00000000c1b00000| Untracked 
|  28|0x00000000c1c00000, 0x00000000c1d00000, 0x00000000c1d00000|100%| O|  |TAMS 0x00000000c1d00000| PB 0x00000000c1c00000| Untracked 
|  29|0x00000000c1d00000, 0x00000000c1e00000, 0x00000000c1e00000|100%| O|  |TAMS 0x00000000c1e00000| PB 0x00000000c1d00000| Untracked 
|  30|0x00000000c1e00000, 0x00000000c1f00000, 0x00000000c1f00000|100%| O|  |TAMS 0x00000000c1f00000| PB 0x00000000c1e00000| Untracked 
|  31|0x00000000c1f00000, 0x00000000c2000000, 0x00000000c2000000|100%| O|  |TAMS 0x00000000c2000000| PB 0x00000000c1f00000| Untracked 
|  32|0x00000000c2000000, 0x00000000c2100000, 0x00000000c2100000|100%| O|  |TAMS 0x00000000c2100000| PB 0x00000000c2000000| Untracked 
|  33|0x00000000c2100000, 0x00000000c2200000, 0x00000000c2200000|100%| O|  |TAMS 0x00000000c2200000| PB 0x00000000c2100000| Untracked 
|  34|0x00000000c2200000, 0x00000000c2300000, 0x00000000c2300000|100%| O|  |TAMS 0x00000000c2300000| PB 0x00000000c2200000| Untracked 
|  35|0x00000000c2300000, 0x00000000c2400000, 0x00000000c2400000|100%| O|  |TAMS 0x00000000c2400000| PB 0x00000000c2300000| Untracked 
|  36|0x00000000c2400000, 0x00000000c2500000, 0x00000000c2500000|100%| O|  |TAMS 0x00000000c2500000| PB 0x00000000c2400000| Untracked 
|  37|0x00000000c2500000, 0x00000000c2600000, 0x00000000c2600000|100%| O|  |TAMS 0x00000000c2600000| PB 0x00000000c2500000| Untracked 
|  38|0x00000000c2600000, 0x00000000c2700000, 0x00000000c2700000|100%| O|  |TAMS 0x00000000c2700000| PB 0x00000000c2600000| Untracked 
|  39|0x00000000c2700000, 0x00000000c2800000, 0x00000000c2800000|100%| O|  |TAMS 0x00000000c2800000| PB 0x00000000c2700000| Untracked 
|  40|0x00000000c2800000, 0x00000000c2900000, 0x00000000c2900000|100%| O|  |TAMS 0x00000000c2900000| PB 0x00000000c2800000| Untracked 
|  41|0x00000000c2900000, 0x00000000c2a00000, 0x00000000c2a00000|100%| O|  |TAMS 0x00000000c2a00000| PB 0x00000000c2900000| Untracked 
|  42|0x00000000c2a00000, 0x00000000c2b00000, 0x00000000c2b00000|100%| O|  |TAMS 0x00000000c2b00000| PB 0x00000000c2a00000| Untracked 
|  43|0x00000000c2b00000, 0x00000000c2c00000, 0x00000000c2c00000|100%| O|  |TAMS 0x00000000c2c00000| PB 0x00000000c2b00000| Untracked 
|  44|0x00000000c2c00000, 0x00000000c2d00000, 0x00000000c2d00000|100%| O|  |TAMS 0x00000000c2d00000| PB 0x00000000c2c00000| Untracked 
|  45|0x00000000c2d00000, 0x00000000c2e00000, 0x00000000c2e00000|100%| O|  |TAMS 0x00000000c2e00000| PB 0x00000000c2d00000| Untracked 
|  46|0x00000000c2e00000, 0x00000000c2f00000, 0x00000000c2f00000|100%| O|  |TAMS 0x00000000c2f00000| PB 0x00000000c2e00000| Untracked 
|  47|0x00000000c2f00000, 0x00000000c3000000, 0x00000000c3000000|100%| O|  |TAMS 0x00000000c3000000| PB 0x00000000c2f00000| Untracked 
|  48|0x00000000c3000000, 0x00000000c3100000, 0x00000000c3100000|100%| O|  |TAMS 0x00000000c3100000| PB 0x00000000c3000000| Untracked 
|  49|0x00000000c3100000, 0x00000000c3200000, 0x00000000c3200000|100%| O|  |TAMS 0x00000000c3200000| PB 0x00000000c3100000| Untracked 
|  50|0x00000000c3200000, 0x00000000c3300000, 0x00000000c3300000|100%| O|  |TAMS 0x00000000c3300000| PB 0x00000000c3200000| Untracked 
|  51|0x00000000c3300000, 0x00000000c3400000, 0x00000000c3400000|100%| O|  |TAMS 0x00000000c3400000| PB 0x00000000c3300000| Untracked 
|  52|0x00000000c3400000, 0x00000000c3500000, 0x00000000c3500000|100%| O|  |TAMS 0x00000000c3500000| PB 0x00000000c3400000| Untracked 
|  53|0x00000000c3500000, 0x00000000c3600000, 0x00000000c3600000|100%| O|  |TAMS 0x00000000c3600000| PB 0x00000000c3500000| Untracked 
|  54|0x00000000c3600000, 0x00000000c3700000, 0x00000000c3700000|100%| O|  |TAMS 0x00000000c3700000| PB 0x00000000c3600000| Untracked 
|  55|0x00000000c3700000, 0x00000000c3800000, 0x00000000c3800000|100%| O|  |TAMS 0x00000000c3800000| PB 0x00000000c3700000| Untracked 
|  56|0x00000000c3800000, 0x00000000c3900000, 0x00000000c3900000|100%| O|  |TAMS 0x00000000c3900000| PB 0x00000000c3800000| Untracked 
|  57|0x00000000c3900000, 0x00000000c3a00000, 0x00000000c3a00000|100%| O|  |TAMS 0x00000000c3a00000| PB 0x00000000c3900000| Untracked 
|  58|0x00000000c3a00000, 0x00000000c3b00000, 0x00000000c3b00000|100%| O|  |TAMS 0x00000000c3b00000| PB 0x00000000c3a00000| Untracked 
|  59|0x00000000c3b00000, 0x00000000c3c00000, 0x00000000c3c00000|100%| O|  |TAMS 0x00000000c3c00000| PB 0x00000000c3b00000| Untracked 
|  60|0x00000000c3c00000, 0x00000000c3d00000, 0x00000000c3d00000|100%| O|  |TAMS 0x00000000c3d00000| PB 0x00000000c3c00000| Untracked 
|  61|0x00000000c3d00000, 0x00000000c3e00000, 0x00000000c3e00000|100%| O|  |TAMS 0x00000000c3e00000| PB 0x00000000c3d00000| Untracked 
|  62|0x00000000c3e00000, 0x00000000c3f00000, 0x00000000c3f00000|100%| O|  |TAMS 0x00000000c3f00000| PB 0x00000000c3e00000| Untracked 
|  63|0x00000000c3f00000, 0x00000000c4000000, 0x00000000c4000000|100%| O|  |TAMS 0x00000000c4000000| PB 0x00000000c3f00000| Untracked 
|  64|0x00000000c4000000, 0x00000000c4100000, 0x00000000c4100000|100%| O|  |TAMS 0x00000000c4100000| PB 0x00000000c4000000| Untracked 
|  65|0x00000000c4100000, 0x00000000c4200000, 0x00000000c4200000|100%| O|  |TAMS 0x00000000c4200000| PB 0x00000000c4100000| Untracked 
|  66|0x00000000c4200000, 0x00000000c4300000, 0x00000000c4300000|100%| O|  |TAMS 0x00000000c4300000| PB 0x00000000c4200000| Untracked 
|  67|0x00000000c4300000, 0x00000000c4400000, 0x00000000c4400000|100%| O|  |TAMS 0x00000000c4400000| PB 0x00000000c4300000| Untracked 
|  68|0x00000000c4400000, 0x00000000c4500000, 0x00000000c4500000|100%| O|  |TAMS 0x00000000c4500000| PB 0x00000000c4400000| Untracked 
|  69|0x00000000c4500000, 0x00000000c4600000, 0x00000000c4600000|100%| O|  |TAMS 0x00000000c4600000| PB 0x00000000c4500000| Untracked 
|  70|0x00000000c4600000, 0x00000000c4700000, 0x00000000c4700000|100%| O|  |TAMS 0x00000000c4700000| PB 0x00000000c4600000| Untracked 
|  71|0x00000000c4700000, 0x00000000c4800000, 0x00000000c4800000|100%| O|  |TAMS 0x00000000c4800000| PB 0x00000000c4700000| Untracked 
|  72|0x00000000c4800000, 0x00000000c4900000, 0x00000000c4900000|100%| O|  |TAMS 0x00000000c4900000| PB 0x00000000c4800000| Untracked 
|  73|0x00000000c4900000, 0x00000000c4a00000, 0x00000000c4a00000|100%| O|  |TAMS 0x00000000c4a00000| PB 0x00000000c4900000| Untracked 
|  74|0x00000000c4a00000, 0x00000000c4b00000, 0x00000000c4b00000|100%| O|  |TAMS 0x00000000c4b00000| PB 0x00000000c4a00000| Untracked 
|  75|0x00000000c4b00000, 0x00000000c4c00000, 0x00000000c4c00000|100%| O|  |TAMS 0x00000000c4c00000| PB 0x00000000c4b00000| Untracked 
|  76|0x00000000c4c00000, 0x00000000c4d00000, 0x00000000c4d00000|100%| O|  |TAMS 0x00000000c4d00000| PB 0x00000000c4c00000| Untracked 
|  77|0x00000000c4d00000, 0x00000000c4e00000, 0x00000000c4e00000|100%| O|  |TAMS 0x00000000c4e00000| PB 0x00000000c4d00000| Untracked 
|  78|0x00000000c4e00000, 0x00000000c4f00000, 0x00000000c4f00000|100%| O|  |TAMS 0x00000000c4f00000| PB 0x00000000c4e00000| Untracked 
|  79|0x00000000c4f00000, 0x00000000c5000000, 0x00000000c5000000|100%| O|  |TAMS 0x00000000c5000000| PB 0x00000000c4f00000| Untracked 
|  80|0x00000000c5000000, 0x00000000c5100000, 0x00000000c5100000|100%| O|  |TAMS 0x00000000c5100000| PB 0x00000000c5000000| Untracked 
|  81|0x00000000c5100000, 0x00000000c5200000, 0x00000000c5200000|100%| O|  |TAMS 0x00000000c5200000| PB 0x00000000c5100000| Untracked 
|  82|0x00000000c5200000, 0x00000000c5300000, 0x00000000c5300000|100%| O|  |TAMS 0x00000000c5300000| PB 0x00000000c5200000| Untracked 
|  83|0x00000000c5300000, 0x00000000c5400000, 0x00000000c5400000|100%| O|  |TAMS 0x00000000c5400000| PB 0x00000000c5300000| Untracked 
|  84|0x00000000c5400000, 0x00000000c5500000, 0x00000000c5500000|100%| O|  |TAMS 0x00000000c5500000| PB 0x00000000c5400000| Untracked 
|  85|0x00000000c5500000, 0x00000000c5600000, 0x00000000c5600000|100%| O|  |TAMS 0x00000000c5600000| PB 0x00000000c5500000| Untracked 
|  86|0x00000000c5600000, 0x00000000c5700000, 0x00000000c5700000|100%| O|  |TAMS 0x00000000c5700000| PB 0x00000000c5600000| Untracked 
|  87|0x00000000c5700000, 0x00000000c5800000, 0x00000000c5800000|100%| O|  |TAMS 0x00000000c5800000| PB 0x00000000c5700000| Untracked 
|  88|0x00000000c5800000, 0x00000000c5900000, 0x00000000c5900000|100%| O|  |TAMS 0x00000000c5900000| PB 0x00000000c5800000| Untracked 
|  89|0x00000000c5900000, 0x00000000c5a00000, 0x00000000c5a00000|100%| O|  |TAMS 0x00000000c5a00000| PB 0x00000000c5900000| Untracked 
|  90|0x00000000c5a00000, 0x00000000c5b00000, 0x00000000c5b00000|100%| O|  |TAMS 0x00000000c5b00000| PB 0x00000000c5a00000| Untracked 
|  91|0x00000000c5b00000, 0x00000000c5c00000, 0x00000000c5c00000|100%| O|  |TAMS 0x00000000c5c00000| PB 0x00000000c5b00000| Untracked 
|  92|0x00000000c5c00000, 0x00000000c5d00000, 0x00000000c5d00000|100%| O|  |TAMS 0x00000000c5d00000| PB 0x00000000c5c00000| Untracked 
|  93|0x00000000c5d00000, 0x00000000c5e00000, 0x00000000c5e00000|100%| O|  |TAMS 0x00000000c5e00000| PB 0x00000000c5d00000| Untracked 
|  94|0x00000000c5e00000, 0x00000000c5f00000, 0x00000000c5f00000|100%| O|  |TAMS 0x00000000c5f00000| PB 0x00000000c5e00000| Untracked 
|  95|0x00000000c5f00000, 0x00000000c6000000, 0x00000000c6000000|100%| O|  |TAMS 0x00000000c6000000| PB 0x00000000c5f00000| Untracked 
|  96|0x00000000c6000000, 0x00000000c6100000, 0x00000000c6100000|100%| O|  |TAMS 0x00000000c6100000| PB 0x00000000c6000000| Untracked 
|  97|0x00000000c6100000, 0x00000000c6200000, 0x00000000c6200000|100%| O|  |TAMS 0x00000000c6200000| PB 0x00000000c6100000| Untracked 
|  98|0x00000000c6200000, 0x00000000c6300000, 0x00000000c6300000|100%| O|  |TAMS 0x00000000c6300000| PB 0x00000000c6200000| Untracked 
|  99|0x00000000c6300000, 0x00000000c6400000, 0x00000000c6400000|100%| O|  |TAMS 0x00000000c6400000| PB 0x00000000c6300000| Untracked 
| 100|0x00000000c6400000, 0x00000000c6500000, 0x00000000c6500000|100%| O|  |TAMS 0x00000000c6500000| PB 0x00000000c6400000| Untracked 
| 101|0x00000000c6500000, 0x00000000c6600000, 0x00000000c6600000|100%| O|  |TAMS 0x00000000c6600000| PB 0x00000000c6500000| Untracked 
| 102|0x00000000c6600000, 0x00000000c6700000, 0x00000000c6700000|100%| O|  |TAMS 0x00000000c6700000| PB 0x00000000c6600000| Untracked 
| 103|0x00000000c6700000, 0x00000000c6800000, 0x00000000c6800000|100%| O|  |TAMS 0x00000000c6800000| PB 0x00000000c6700000| Untracked 
| 104|0x00000000c6800000, 0x00000000c6900000, 0x00000000c6900000|100%| O|  |TAMS 0x00000000c6900000| PB 0x00000000c6800000| Untracked 
| 105|0x00000000c6900000, 0x00000000c6a00000, 0x00000000c6a00000|100%| O|  |TAMS 0x00000000c6a00000| PB 0x00000000c6900000| Untracked 
| 106|0x00000000c6a00000, 0x00000000c6b00000, 0x00000000c6b00000|100%| O|  |TAMS 0x00000000c6b00000| PB 0x00000000c6a00000| Untracked 
| 107|0x00000000c6b00000, 0x00000000c6c00000, 0x00000000c6c00000|100%| O|  |TAMS 0x00000000c6c00000| PB 0x00000000c6b00000| Untracked 
| 108|0x00000000c6c00000, 0x00000000c6d00000, 0x00000000c6d00000|100%| O|  |TAMS 0x00000000c6d00000| PB 0x00000000c6c00000| Untracked 
| 109|0x00000000c6d00000, 0x00000000c6e00000, 0x00000000c6e00000|100%| O|  |TAMS 0x00000000c6e00000| PB 0x00000000c6d00000| Untracked 
| 110|0x00000000c6e00000, 0x00000000c6f00000, 0x00000000c6f00000|100%| O|  |TAMS 0x00000000c6f00000| PB 0x00000000c6e00000| Untracked 
| 111|0x00000000c6f00000, 0x00000000c7000000, 0x00000000c7000000|100%| O|  |TAMS 0x00000000c7000000| PB 0x00000000c6f00000| Untracked 
| 112|0x00000000c7000000, 0x00000000c7100000, 0x00000000c7100000|100%| O|  |TAMS 0x00000000c7100000| PB 0x00000000c7000000| Untracked 
| 113|0x00000000c7100000, 0x00000000c7200000, 0x00000000c7200000|100%| O|  |TAMS 0x00000000c7180000| PB 0x00000000c7100000| Untracked 
| 114|0x00000000c7200000, 0x00000000c7300000, 0x00000000c7300000|100%| O|  |TAMS 0x00000000c7200000| PB 0x00000000c7200000| Untracked 
| 115|0x00000000c7300000, 0x00000000c7400000, 0x00000000c7400000|100%| O|  |TAMS 0x00000000c7300000| PB 0x00000000c7300000| Untracked 
| 116|0x00000000c7400000, 0x00000000c7500000, 0x00000000c7500000|100%| O|  |TAMS 0x00000000c7400000| PB 0x00000000c7400000| Untracked 
| 117|0x00000000c7500000, 0x00000000c7600000, 0x00000000c7600000|100%| O|  |TAMS 0x00000000c7500000| PB 0x00000000c7500000| Untracked 
| 118|0x00000000c7600000, 0x00000000c7700000, 0x00000000c7700000|100%| O|  |TAMS 0x00000000c7600000| PB 0x00000000c7600000| Untracked 
| 119|0x00000000c7700000, 0x00000000c7800000, 0x00000000c7800000|100%| O|  |TAMS 0x00000000c7700000| PB 0x00000000c7700000| Untracked 
| 120|0x00000000c7800000, 0x00000000c7900000, 0x00000000c7900000|100%| O|  |TAMS 0x00000000c7800000| PB 0x00000000c7800000| Untracked 
| 121|0x00000000c7900000, 0x00000000c7a00000, 0x00000000c7a00000|100%| O|  |TAMS 0x00000000c7900000| PB 0x00000000c7900000| Untracked 
| 122|0x00000000c7a00000, 0x00000000c7b00000, 0x00000000c7b00000|100%| O|  |TAMS 0x00000000c7a00000| PB 0x00000000c7a00000| Untracked 
| 123|0x00000000c7b00000, 0x00000000c7c00000, 0x00000000c7c00000|100%| O|  |TAMS 0x00000000c7b00000| PB 0x00000000c7b00000| Untracked 
| 124|0x00000000c7c00000, 0x00000000c7d00000, 0x00000000c7d00000|100%| O|  |TAMS 0x00000000c7c00000| PB 0x00000000c7c00000| Untracked 
| 125|0x00000000c7d00000, 0x00000000c7e00000, 0x00000000c7e00000|100%| O|  |TAMS 0x00000000c7d00000| PB 0x00000000c7d00000| Untracked 
| 126|0x00000000c7e00000, 0x00000000c7f00000, 0x00000000c7f00000|100%| O|  |TAMS 0x00000000c7e00000| PB 0x00000000c7e00000| Untracked 
| 127|0x00000000c7f00000, 0x00000000c8000000, 0x00000000c8000000|100%| O|  |TAMS 0x00000000c7f00000| PB 0x00000000c7f00000| Untracked 
| 128|0x00000000c8000000, 0x00000000c8100000, 0x00000000c8100000|100%| O|  |TAMS 0x00000000c8000000| PB 0x00000000c8000000| Untracked 
| 129|0x00000000c8100000, 0x00000000c8200000, 0x00000000c8200000|100%| O|  |TAMS 0x00000000c8100000| PB 0x00000000c8100000| Untracked 
| 130|0x00000000c8200000, 0x00000000c8300000, 0x00000000c8300000|100%| O|  |TAMS 0x00000000c8200000| PB 0x00000000c8200000| Untracked 
| 131|0x00000000c8300000, 0x00000000c8400000, 0x00000000c8400000|100%| O|  |TAMS 0x00000000c8300000| PB 0x00000000c8300000| Untracked 
| 132|0x00000000c8400000, 0x00000000c8500000, 0x00000000c8500000|100%| O|  |TAMS 0x00000000c8400000| PB 0x00000000c8400000| Untracked 
| 133|0x00000000c8500000, 0x00000000c8600000, 0x00000000c8600000|100%| O|  |TAMS 0x00000000c8500000| PB 0x00000000c8500000| Untracked 
| 134|0x00000000c8600000, 0x00000000c8700000, 0x00000000c8700000|100%| O|  |TAMS 0x00000000c8600000| PB 0x00000000c8600000| Untracked 
| 135|0x00000000c8700000, 0x00000000c8800000, 0x00000000c8800000|100%| O|  |TAMS 0x00000000c8700000| PB 0x00000000c8700000| Untracked 
| 136|0x00000000c8800000, 0x00000000c8900000, 0x00000000c8900000|100%| O|  |TAMS 0x00000000c8800000| PB 0x00000000c8800000| Untracked 
| 137|0x00000000c8900000, 0x00000000c8a00000, 0x00000000c8a00000|100%| O|  |TAMS 0x00000000c8900000| PB 0x00000000c8900000| Untracked 
| 138|0x00000000c8a00000, 0x00000000c8b00000, 0x00000000c8b00000|100%| O|  |TAMS 0x00000000c8a00000| PB 0x00000000c8a00000| Untracked 
| 139|0x00000000c8b00000, 0x00000000c8c00000, 0x00000000c8c00000|100%| O|  |TAMS 0x00000000c8b00000| PB 0x00000000c8b00000| Untracked 
| 140|0x00000000c8c00000, 0x00000000c8d00000, 0x00000000c8d00000|100%| O|  |TAMS 0x00000000c8c00000| PB 0x00000000c8c00000| Untracked 
| 141|0x00000000c8d00000, 0x00000000c8e00000, 0x00000000c8e00000|100%| O|  |TAMS 0x00000000c8d00000| PB 0x00000000c8d00000| Untracked 
| 142|0x00000000c8e00000, 0x00000000c8f00000, 0x00000000c8f00000|100%| O|  |TAMS 0x00000000c8e00000| PB 0x00000000c8e00000| Untracked 
| 143|0x00000000c8f00000, 0x00000000c9000000, 0x00000000c9000000|100%| O|  |TAMS 0x00000000c8f00000| PB 0x00000000c8f00000| Untracked 
| 144|0x00000000c9000000, 0x00000000c9100000, 0x00000000c9100000|100%| O|  |TAMS 0x00000000c9000000| PB 0x00000000c9000000| Untracked 
| 145|0x00000000c9100000, 0x00000000c9200000, 0x00000000c9200000|100%| O|  |TAMS 0x00000000c9100000| PB 0x00000000c9100000| Untracked 
| 146|0x00000000c9200000, 0x00000000c9300000, 0x00000000c9300000|100%| O|  |TAMS 0x00000000c9200000| PB 0x00000000c9200000| Untracked 
| 147|0x00000000c9300000, 0x00000000c9400000, 0x00000000c9400000|100%| O|  |TAMS 0x00000000c9300000| PB 0x00000000c9300000| Untracked 
| 148|0x00000000c9400000, 0x00000000c9500000, 0x00000000c9500000|100%| O|  |TAMS 0x00000000c9400000| PB 0x00000000c9400000| Untracked 
| 149|0x00000000c9500000, 0x00000000c9600000, 0x00000000c9600000|100%| O|  |TAMS 0x00000000c9500000| PB 0x00000000c9500000| Untracked 
| 150|0x00000000c9600000, 0x00000000c9700000, 0x00000000c9700000|100%| O|  |TAMS 0x00000000c9600000| PB 0x00000000c9600000| Untracked 
| 151|0x00000000c9700000, 0x00000000c9800000, 0x00000000c9800000|100%| O|  |TAMS 0x00000000c9700000| PB 0x00000000c9700000| Untracked 
| 152|0x00000000c9800000, 0x00000000c9880000, 0x00000000c9900000| 50%| O|  |TAMS 0x00000000c9800000| PB 0x00000000c9800000| Untracked 
| 153|0x00000000c9900000, 0x00000000c9900000, 0x00000000c9a00000|  0%| F|  |TAMS 0x00000000c9900000| PB 0x00000000c9900000| Untracked 
| 154|0x00000000c9a00000, 0x00000000c9a00000, 0x00000000c9b00000|  0%| F|  |TAMS 0x00000000c9a00000| PB 0x00000000c9a00000| Untracked 
| 155|0x00000000c9b00000, 0x00000000c9b00000, 0x00000000c9c00000|  0%| F|  |TAMS 0x00000000c9b00000| PB 0x00000000c9b00000| Untracked 
| 156|0x00000000c9c00000, 0x00000000c9c00000, 0x00000000c9d00000|  0%| F|  |TAMS 0x00000000c9c00000| PB 0x00000000c9c00000| Untracked 
| 157|0x00000000c9d00000, 0x00000000c9d00000, 0x00000000c9e00000|  0%| F|  |TAMS 0x00000000c9d00000| PB 0x00000000c9d00000| Untracked 
| 158|0x00000000c9e00000, 0x00000000c9e00000, 0x00000000c9f00000|  0%| F|  |TAMS 0x00000000c9e00000| PB 0x00000000c9e00000| Untracked 
| 159|0x00000000c9f00000, 0x00000000c9f00000, 0x00000000ca000000|  0%| F|  |TAMS 0x00000000c9f00000| PB 0x00000000c9f00000| Untracked 
| 160|0x00000000ca000000, 0x00000000ca000000, 0x00000000ca100000|  0%| F|  |TAMS 0x00000000ca000000| PB 0x00000000ca000000| Untracked 
| 161|0x00000000ca100000, 0x00000000ca100000, 0x00000000ca200000|  0%| F|  |TAMS 0x00000000ca100000| PB 0x00000000ca100000| Untracked 
| 162|0x00000000ca200000, 0x00000000ca200000, 0x00000000ca300000|  0%| F|  |TAMS 0x00000000ca200000| PB 0x00000000ca200000| Untracked 
| 163|0x00000000ca300000, 0x00000000ca300000, 0x00000000ca400000|  0%| F|  |TAMS 0x00000000ca300000| PB 0x00000000ca300000| Untracked 
| 164|0x00000000ca400000, 0x00000000ca400000, 0x00000000ca500000|  0%| F|  |TAMS 0x00000000ca400000| PB 0x00000000ca400000| Untracked 
| 165|0x00000000ca500000, 0x00000000ca500000, 0x00000000ca600000|  0%| F|  |TAMS 0x00000000ca500000| PB 0x00000000ca500000| Untracked 
| 166|0x00000000ca600000, 0x00000000ca600000, 0x00000000ca700000|  0%| F|  |TAMS 0x00000000ca600000| PB 0x00000000ca600000| Untracked 
| 167|0x00000000ca700000, 0x00000000ca700000, 0x00000000ca800000|  0%| F|  |TAMS 0x00000000ca700000| PB 0x00000000ca700000| Untracked 
| 168|0x00000000ca800000, 0x00000000ca800000, 0x00000000ca900000|  0%| F|  |TAMS 0x00000000ca800000| PB 0x00000000ca800000| Untracked 
| 169|0x00000000ca900000, 0x00000000ca900000, 0x00000000caa00000|  0%| F|  |TAMS 0x00000000ca900000| PB 0x00000000ca900000| Untracked 
| 170|0x00000000caa00000, 0x00000000caa00000, 0x00000000cab00000|  0%| F|  |TAMS 0x00000000caa00000| PB 0x00000000caa00000| Untracked 
| 171|0x00000000cab00000, 0x00000000cab00000, 0x00000000cac00000|  0%| F|  |TAMS 0x00000000cab00000| PB 0x00000000cab00000| Untracked 
| 172|0x00000000cac00000, 0x00000000cac00000, 0x00000000cad00000|  0%| F|  |TAMS 0x00000000cac00000| PB 0x00000000cac00000| Untracked 
| 173|0x00000000cad00000, 0x00000000cad00000, 0x00000000cae00000|  0%| F|  |TAMS 0x00000000cad00000| PB 0x00000000cad00000| Untracked 
| 174|0x00000000cae00000, 0x00000000cae00000, 0x00000000caf00000|  0%| F|  |TAMS 0x00000000cae00000| PB 0x00000000cae00000| Untracked 
| 175|0x00000000caf00000, 0x00000000caf00000, 0x00000000cb000000|  0%| F|  |TAMS 0x00000000caf00000| PB 0x00000000caf00000| Untracked 
| 176|0x00000000cb000000, 0x00000000cb000000, 0x00000000cb100000|  0%| F|  |TAMS 0x00000000cb000000| PB 0x00000000cb000000| Untracked 
| 177|0x00000000cb100000, 0x00000000cb100000, 0x00000000cb200000|  0%| F|  |TAMS 0x00000000cb100000| PB 0x00000000cb100000| Untracked 
| 178|0x00000000cb200000, 0x00000000cb200000, 0x00000000cb300000|  0%| F|  |TAMS 0x00000000cb200000| PB 0x00000000cb200000| Untracked 
| 179|0x00000000cb300000, 0x00000000cb300000, 0x00000000cb400000|  0%| F|  |TAMS 0x00000000cb300000| PB 0x00000000cb300000| Untracked 
| 180|0x00000000cb400000, 0x00000000cb400000, 0x00000000cb500000|  0%| F|  |TAMS 0x00000000cb400000| PB 0x00000000cb400000| Untracked 
| 181|0x00000000cb500000, 0x00000000cb500000, 0x00000000cb600000|  0%| F|  |TAMS 0x00000000cb500000| PB 0x00000000cb500000| Untracked 
| 182|0x00000000cb600000, 0x00000000cb600000, 0x00000000cb700000|  0%| F|  |TAMS 0x00000000cb600000| PB 0x00000000cb600000| Untracked 
| 183|0x00000000cb700000, 0x00000000cb700000, 0x00000000cb800000|  0%| F|  |TAMS 0x00000000cb700000| PB 0x00000000cb700000| Untracked 
| 184|0x00000000cb800000, 0x00000000cb800000, 0x00000000cb900000|  0%| F|  |TAMS 0x00000000cb800000| PB 0x00000000cb800000| Untracked 
| 185|0x00000000cb900000, 0x00000000cb900000, 0x00000000cba00000|  0%| F|  |TAMS 0x00000000cb900000| PB 0x00000000cb900000| Untracked 
| 186|0x00000000cba00000, 0x00000000cba00000, 0x00000000cbb00000|  0%| F|  |TAMS 0x00000000cba00000| PB 0x00000000cba00000| Untracked 
| 187|0x00000000cbb00000, 0x00000000cbb00000, 0x00000000cbc00000|  0%| F|  |TAMS 0x00000000cbb00000| PB 0x00000000cbb00000| Untracked 
| 188|0x00000000cbc00000, 0x00000000cbc00000, 0x00000000cbd00000|  0%| F|  |TAMS 0x00000000cbc00000| PB 0x00000000cbc00000| Untracked 
| 189|0x00000000cbd00000, 0x00000000cbd00000, 0x00000000cbe00000|  0%| F|  |TAMS 0x00000000cbd00000| PB 0x00000000cbd00000| Untracked 
| 190|0x00000000cbe00000, 0x00000000cbe00000, 0x00000000cbf00000|  0%| F|  |TAMS 0x00000000cbe00000| PB 0x00000000cbe00000| Untracked 
| 191|0x00000000cbf00000, 0x00000000cbf00000, 0x00000000cc000000|  0%| F|  |TAMS 0x00000000cbf00000| PB 0x00000000cbf00000| Untracked 
| 192|0x00000000cc000000, 0x00000000cc000000, 0x00000000cc100000|  0%| F|  |TAMS 0x00000000cc000000| PB 0x00000000cc000000| Untracked 
| 193|0x00000000cc100000, 0x00000000cc100000, 0x00000000cc200000|  0%| F|  |TAMS 0x00000000cc100000| PB 0x00000000cc100000| Untracked 
| 194|0x00000000cc200000, 0x00000000cc200000, 0x00000000cc300000|  0%| F|  |TAMS 0x00000000cc200000| PB 0x00000000cc200000| Untracked 
| 195|0x00000000cc300000, 0x00000000cc400000, 0x00000000cc400000|100%| S|CS|TAMS 0x00000000cc300000| PB 0x00000000cc300000| Complete 
| 196|0x00000000cc400000, 0x00000000cc500000, 0x00000000cc500000|100%| S|CS|TAMS 0x00000000cc400000| PB 0x00000000cc400000| Complete 
| 197|0x00000000cc500000, 0x00000000cc500000, 0x00000000cc600000|  0%| F|  |TAMS 0x00000000cc500000| PB 0x00000000cc500000| Untracked 
| 198|0x00000000cc600000, 0x00000000cc600000, 0x00000000cc700000|  0%| F|  |TAMS 0x00000000cc600000| PB 0x00000000cc600000| Untracked 
| 199|0x00000000cc700000, 0x00000000cc700000, 0x00000000cc800000|  0%| F|  |TAMS 0x00000000cc700000| PB 0x00000000cc700000| Untracked 
| 200|0x00000000cc800000, 0x00000000cc800000, 0x00000000cc900000|  0%| F|  |TAMS 0x00000000cc800000| PB 0x00000000cc800000| Untracked 
| 201|0x00000000cc900000, 0x00000000cc900000, 0x00000000cca00000|  0%| F|  |TAMS 0x00000000cc900000| PB 0x00000000cc900000| Untracked 
| 202|0x00000000cca00000, 0x00000000cca00000, 0x00000000ccb00000|  0%| F|  |TAMS 0x00000000cca00000| PB 0x00000000cca00000| Untracked 
| 203|0x00000000ccb00000, 0x00000000ccc00000, 0x00000000ccc00000|100%| S|CS|TAMS 0x00000000ccb00000| PB 0x00000000ccb00000| Complete 
| 204|0x00000000ccc00000, 0x00000000ccd00000, 0x00000000ccd00000|100%| S|CS|TAMS 0x00000000ccc00000| PB 0x00000000ccc00000| Complete 
| 205|0x00000000ccd00000, 0x00000000cce00000, 0x00000000cce00000|100%| S|CS|TAMS 0x00000000ccd00000| PB 0x00000000ccd00000| Complete 
| 206|0x00000000cce00000, 0x00000000ccf00000, 0x00000000ccf00000|100%| S|CS|TAMS 0x00000000cce00000| PB 0x00000000cce00000| Complete 
| 207|0x00000000ccf00000, 0x00000000ccf00000, 0x00000000cd000000|  0%| F|  |TAMS 0x00000000ccf00000| PB 0x00000000ccf00000| Untracked 
| 208|0x00000000cd000000, 0x00000000cd000000, 0x00000000cd100000|  0%| F|  |TAMS 0x00000000cd000000| PB 0x00000000cd000000| Untracked 
| 209|0x00000000cd100000, 0x00000000cd100000, 0x00000000cd200000|  0%| F|  |TAMS 0x00000000cd100000| PB 0x00000000cd100000| Untracked 
| 210|0x00000000cd200000, 0x00000000cd200000, 0x00000000cd300000|  0%| F|  |TAMS 0x00000000cd200000| PB 0x00000000cd200000| Untracked 
| 211|0x00000000cd300000, 0x00000000cd300000, 0x00000000cd400000|  0%| F|  |TAMS 0x00000000cd300000| PB 0x00000000cd300000| Untracked 
| 212|0x00000000cd400000, 0x00000000cd400000, 0x00000000cd500000|  0%| F|  |TAMS 0x00000000cd400000| PB 0x00000000cd400000| Untracked 
| 213|0x00000000cd500000, 0x00000000cd500000, 0x00000000cd600000|  0%| F|  |TAMS 0x00000000cd500000| PB 0x00000000cd500000| Untracked 
| 214|0x00000000cd600000, 0x00000000cd600000, 0x00000000cd700000|  0%| F|  |TAMS 0x00000000cd600000| PB 0x00000000cd600000| Untracked 
| 215|0x00000000cd700000, 0x00000000cd700000, 0x00000000cd800000|  0%| F|  |TAMS 0x00000000cd700000| PB 0x00000000cd700000| Untracked 
| 216|0x00000000cd800000, 0x00000000cd800000, 0x00000000cd900000|  0%| F|  |TAMS 0x00000000cd800000| PB 0x00000000cd800000| Untracked 
| 217|0x00000000cd900000, 0x00000000cd900000, 0x00000000cda00000|  0%| F|  |TAMS 0x00000000cd900000| PB 0x00000000cd900000| Untracked 
| 218|0x00000000cda00000, 0x00000000cda00000, 0x00000000cdb00000|  0%| F|  |TAMS 0x00000000cda00000| PB 0x00000000cda00000| Untracked 
| 219|0x00000000cdb00000, 0x00000000cdb00000, 0x00000000cdc00000|  0%| F|  |TAMS 0x00000000cdb00000| PB 0x00000000cdb00000| Untracked 
| 220|0x00000000cdc00000, 0x00000000cdc00000, 0x00000000cdd00000|  0%| F|  |TAMS 0x00000000cdc00000| PB 0x00000000cdc00000| Untracked 
| 221|0x00000000cdd00000, 0x00000000cdd00000, 0x00000000cde00000|  0%| F|  |TAMS 0x00000000cdd00000| PB 0x00000000cdd00000| Untracked 
| 222|0x00000000cde00000, 0x00000000cde00000, 0x00000000cdf00000|  0%| F|  |TAMS 0x00000000cde00000| PB 0x00000000cde00000| Untracked 
| 223|0x00000000cdf00000, 0x00000000cdf00000, 0x00000000ce000000|  0%| F|  |TAMS 0x00000000cdf00000| PB 0x00000000cdf00000| Untracked 
| 224|0x00000000ce000000, 0x00000000ce000000, 0x00000000ce100000|  0%| F|  |TAMS 0x00000000ce000000| PB 0x00000000ce000000| Untracked 
| 225|0x00000000ce100000, 0x00000000ce100000, 0x00000000ce200000|  0%| F|  |TAMS 0x00000000ce100000| PB 0x00000000ce100000| Untracked 
| 226|0x00000000ce200000, 0x00000000ce200000, 0x00000000ce300000|  0%| F|  |TAMS 0x00000000ce200000| PB 0x00000000ce200000| Untracked 
| 227|0x00000000ce300000, 0x00000000ce300000, 0x00000000ce400000|  0%| F|  |TAMS 0x00000000ce300000| PB 0x00000000ce300000| Untracked 
| 228|0x00000000ce400000, 0x00000000ce400000, 0x00000000ce500000|  0%| F|  |TAMS 0x00000000ce400000| PB 0x00000000ce400000| Untracked 
| 229|0x00000000ce500000, 0x00000000ce500000, 0x00000000ce600000|  0%| F|  |TAMS 0x00000000ce500000| PB 0x00000000ce500000| Untracked 
| 230|0x00000000ce600000, 0x00000000ce600000, 0x00000000ce700000|  0%| F|  |TAMS 0x00000000ce600000| PB 0x00000000ce600000| Untracked 
| 231|0x00000000ce700000, 0x00000000ce700000, 0x00000000ce800000|  0%| F|  |TAMS 0x00000000ce700000| PB 0x00000000ce700000| Untracked 
| 232|0x00000000ce800000, 0x00000000ce800000, 0x00000000ce900000|  0%| F|  |TAMS 0x00000000ce800000| PB 0x00000000ce800000| Untracked 
| 233|0x00000000ce900000, 0x00000000ce900000, 0x00000000cea00000|  0%| F|  |TAMS 0x00000000ce900000| PB 0x00000000ce900000| Untracked 
| 234|0x00000000cea00000, 0x00000000cea00000, 0x00000000ceb00000|  0%| F|  |TAMS 0x00000000cea00000| PB 0x00000000cea00000| Untracked 
| 235|0x00000000ceb00000, 0x00000000ceb00000, 0x00000000cec00000|  0%| F|  |TAMS 0x00000000ceb00000| PB 0x00000000ceb00000| Untracked 
| 236|0x00000000cec00000, 0x00000000cec00000, 0x00000000ced00000|  0%| F|  |TAMS 0x00000000cec00000| PB 0x00000000cec00000| Untracked 
| 237|0x00000000ced00000, 0x00000000ced00000, 0x00000000cee00000|  0%| F|  |TAMS 0x00000000ced00000| PB 0x00000000ced00000| Untracked 
| 238|0x00000000cee00000, 0x00000000cee00000, 0x00000000cef00000|  0%| F|  |TAMS 0x00000000cee00000| PB 0x00000000cee00000| Untracked 
| 239|0x00000000cef00000, 0x00000000cef00000, 0x00000000cf000000|  0%| F|  |TAMS 0x00000000cef00000| PB 0x00000000cef00000| Untracked 
| 240|0x00000000cf000000, 0x00000000cf000000, 0x00000000cf100000|  0%| F|  |TAMS 0x00000000cf000000| PB 0x00000000cf000000| Untracked 
| 241|0x00000000cf100000, 0x00000000cf100000, 0x00000000cf200000|  0%| F|  |TAMS 0x00000000cf100000| PB 0x00000000cf100000| Untracked 
| 242|0x00000000cf200000, 0x00000000cf200000, 0x00000000cf300000|  0%| F|  |TAMS 0x00000000cf200000| PB 0x00000000cf200000| Untracked 
| 243|0x00000000cf300000, 0x00000000cf300000, 0x00000000cf400000|  0%| F|  |TAMS 0x00000000cf300000| PB 0x00000000cf300000| Untracked 
| 244|0x00000000cf400000, 0x00000000cf400000, 0x00000000cf500000|  0%| F|  |TAMS 0x00000000cf400000| PB 0x00000000cf400000| Untracked 
| 245|0x00000000cf500000, 0x00000000cf500000, 0x00000000cf600000|  0%| F|  |TAMS 0x00000000cf500000| PB 0x00000000cf500000| Untracked 

Card table byte_map: [0x00000164cf8a0000,0x00000164cfaa0000] _byte_map_base: 0x00000164cf2a0000

Marking Bits: (CMBitMap*) 0x00000164b5de5220
 Bits: [0x00000164cfaa0000, 0x00000164d0aa0000)

Polling page: 0x00000164b5e80000

Metaspace:

Usage:
  Non-class:      3.65 MB used.
      Class:    342.50 KB used.
       Both:      3.99 MB used.

Virtual space:
  Non-class space:       64.00 MB reserved,       3.75 MB (  6%) committed,  1 nodes.
      Class space:        1.00 GB reserved,     448.00 KB ( <1%) committed,  1 nodes.
             Both:        1.06 GB reserved,       4.19 MB ( <1%) committed. 

Chunk freelists:
   Non-Class:  10.09 MB
       Class:  15.53 MB
        Both:  25.62 MB

MaxMetaspaceSize: unlimited
CompressedClassSpaceSize: 1.00 GB
Initial GC threshold: 21.00 MB
Current GC threshold: 21.00 MB
CDS: on
 - commit_granule_bytes: 65536.
 - commit_granule_words: 8192.
 - virtual_space_node_default_size: 8388608.
 - enlarge_chunks_in_place: 1.
 - use_allocation_guard: 0.


Internal statistics:

num_allocs_failed_limit: 0.
num_arena_births: 76.
num_arena_deaths: 0.
num_vsnodes_births: 2.
num_vsnodes_deaths: 0.
num_space_committed: 67.
num_space_uncommitted: 0.
num_chunks_returned_to_freelist: 0.
num_chunks_taken_from_freelist: 170.
num_chunk_merges: 0.
num_chunk_splits: 117.
num_chunks_enlarged: 78.
num_inconsistent_stats: 0.

CodeHeap 'non-profiled nmethods': size=120000Kb used=714Kb max_used=714Kb free=119286Kb
 bounds [0x00000164c74d0000, 0x00000164c7740000, 0x00000164cea00000]
CodeHeap 'profiled nmethods': size=120000Kb used=1634Kb max_used=1634Kb free=118366Kb
 bounds [0x00000164bfa00000, 0x00000164bfc70000, 0x00000164c6f30000]
CodeHeap 'non-nmethods': size=5760Kb used=1503Kb max_used=1548Kb free=4256Kb
 bounds [0x00000164c6f30000, 0x00000164c71a0000, 0x00000164c74d0000]
 total_blobs=1536 nmethods=956 adapters=485
 compilation: enabled
              stopped_count=0, restarted_count=0
 full_count=0

Compilation events (20 events):
Event: 3.697 Thread 0x0000016519653ea0 nmethod 946 0x00000164c7574c10 code [0x00000164c7574f40, 0x00000164c75773d0]
Event: 3.697 Thread 0x0000016519653ea0  941       4       parser.PrismParser::jj_3R_ExpressionRelop_1430_9_117 (27 bytes)
Event: 3.702 Thread 0x00000164d377fe10 nmethod 955 0x00000164c7578010 code [0x00000164c7578200, 0x00000164c7578ab0]
Event: 3.702 Thread 0x00000164d377fe10  942       4       parser.PrismParser::jj_3R_LtGt_2262_9_51 (44 bytes)
Event: 3.727 Thread 0x00000164d377fe10 nmethod 942 0x00000164c7578c90 code [0x00000164c7578fa0, 0x00000164c757aef0]
Event: 3.727 Thread 0x00000164d377fe10  943       4       parser.PrismParser::jj_3R_EqNeq_2252_9_121 (24 bytes)
Event: 3.738 Thread 0x00000164d377fe10 nmethod 943 0x00000164c757b410 code [0x00000164c757b660, 0x00000164c757c598]
Event: 3.739 Thread 0x00000164d377fe10  958 %     4       parser.PrismParser::jj_3R_Update_916_10_40 @ 8 (27 bytes)
Event: 3.744 Thread 0x0000016519653ea0 nmethod 941 0x00000164c757c810 code [0x00000164c757cbe0, 0x00000164c757f798]
Event: 3.744 Thread 0x0000016519653ea0  948       4       java.util.ArrayList::grow (60 bytes)
Event: 3.746 Thread 0x00000164d377fe10 nmethod 958% 0x00000164c757ff10 code [0x00000164c7580100, 0x00000164c7580a38]
Event: 3.746 Thread 0x00000164d377fe10  952       4       java.util.Arrays::copyOf (40 bytes)
Event: 3.749 Thread 0x0000016519653ea0 nmethod 948 0x00000164c7580c10 code [0x00000164c7580dc0, 0x00000164c7581470]
Event: 3.749 Thread 0x0000016519653ea0  956       4       java.util.ArrayList::<init> (61 bytes)
Event: 3.749 Thread 0x00000164d377fe10 nmethod 952 0x00000164c7581690 code [0x00000164c7581860, 0x00000164c7581d70]
Event: 3.749 Thread 0x00000164d377fe10  957       4       java.util.ArrayList::<init> (65 bytes)
Event: 3.750 Thread 0x0000016519653ea0 nmethod 956 0x00000164c7581f90 code [0x00000164c7582120, 0x00000164c75823b0]
Event: 3.750 Thread 0x0000016519653ea0  950       4       java.lang.StringConcatHelper::stringOf (20 bytes)
Event: 3.751 Thread 0x0000016519653ea0 nmethod 950 0x00000164c7582490 code [0x00000164c7582620, 0x00000164c75826e8]
Event: 3.751 Thread 0x0000016519653ea0  964       4       java.util.Arrays::rangeCheck (74 bytes)

GC Heap History (11 events):
Event: 2.293 GC heap before
{Heap before GC invocations=0 (full 0):
 garbage-first heap   total 251904K, used 22528K [0x00000000c0000000, 0x0000000100000000)
  region size 1024K, 23 young (23552K), 0 survivors (0K)
 Metaspace       used 3892K, committed 4096K, reserved 1114112K
  class space    used 336K, committed 448K, reserved 1048576K
}
Event: 2.577 GC heap after
{Heap after GC invocations=1 (full 0):
 garbage-first heap   total 251904K, used 16896K [0x00000000c0000000, 0x0000000100000000)
  region size 1024K, 3 young (3072K), 3 survivors (3072K)
 Metaspace       used 3892K, committed 4096K, reserved 1114112K
  class space    used 336K, committed 448K, reserved 1048576K
}
Event: 3.180 GC heap before
{Heap before GC invocations=1 (full 0):
 garbage-first heap   total 251904K, used 32256K [0x00000000c0000000, 0x0000000100000000)
  region size 1024K, 18 young (18432K), 3 survivors (3072K)
 Metaspace       used 4083K, committed 4288K, reserved 1114112K
  class space    used 342K, committed 448K, reserved 1048576K
}
Event: 3.194 GC heap after
{Heap after GC invocations=2 (full 0):
 garbage-first heap   total 251904K, used 32767K [0x00000000c0000000, 0x0000000100000000)
  region size 1024K, 3 young (3072K), 3 survivors (3072K)
 Metaspace       used 4083K, committed 4288K, reserved 1114112K
  class space    used 342K, committed 448K, reserved 1048576K
}
Event: 3.223 GC heap before
{Heap before GC invocations=2 (full 0):
 garbage-first heap   total 251904K, used 49151K [0x00000000c0000000, 0x0000000100000000)
  region size 1024K, 19 young (19456K), 3 survivors (3072K)
 Metaspace       used 4084K, committed 4288K, reserved 1114112K
  class space    used 342K, committed 448K, reserved 1048576K
}
Event: 3.237 GC heap after
{Heap after GC invocations=3 (full 0):
 garbage-first heap   total 251904K, used 50176K [0x00000000c0000000, 0x0000000100000000)
  region size 1024K, 3 young (3072K), 3 survivors (3072K)
 Metaspace       used 4084K, committed 4288K, reserved 1114112K
  class space    used 342K, committed 448K, reserved 1048576K
}
Event: 3.482 GC heap before
{Heap before GC invocations=3 (full 0):
 garbage-first heap   total 251904K, used 81920K [0x00000000c0000000, 0x0000000100000000)
  region size 1024K, 34 young (34816K), 3 survivors (3072K)
 Metaspace       used 4084K, committed 4288K, reserved 1114112K
  class space    used 342K, committed 448K, reserved 1048576K
}
Event: 3.509 GC heap after
{Heap after GC invocations=4 (full 0):
 garbage-first heap   total 251904K, used 82432K [0x00000000c0000000, 0x0000000100000000)
  region size 1024K, 5 young (5120K), 5 survivors (5120K)
 Metaspace       used 4084K, committed 4288K, reserved 1114112K
  class space    used 342K, committed 448K, reserved 1048576K
}
Event: 3.629 GC heap before
{Heap before GC invocations=4 (full 0):
 garbage-first heap   total 251904K, used 121344K [0x00000000c0000000, 0x0000000100000000)
  region size 1024K, 43 young (44032K), 5 survivors (5120K)
 Metaspace       used 4084K, committed 4288K, reserved 1114112K
  class space    used 342K, committed 448K, reserved 1048576K
}
Event: 3.665 GC heap after
{Heap after GC invocations=5 (full 0):
 garbage-first heap   total 251904K, used 122368K [0x00000000c0000000, 0x0000000100000000)
  region size 1024K, 6 young (6144K), 6 survivors (6144K)
 Metaspace       used 4084K, committed 4288K, reserved 1114112K
  class space    used 342K, committed 448K, reserved 1048576K
}
Event: 3.751 GC heap before
{Heap before GC invocations=5 (full 0):
 garbage-first heap   total 251904K, used 162304K [0x00000000c0000000, 0x0000000100000000)
  region size 1024K, 45 young (46080K), 6 survivors (6144K)
 Metaspace       used 4084K, committed 4288K, reserved 1114112K
  class space    used 342K, committed 448K, reserved 1048576K
}

Dll operation events (14 events):
Event: 0.008 Loaded shared library C:\Program Files\Java\jdk-21\bin\java.dll
Event: 1.156 Loaded shared library C:\Program Files\Java\jdk-21\bin\net.dll
Event: 1.156 Loaded shared library C:\Program Files\Java\jdk-21\bin\jsvml.dll
Event: 1.159 Loaded shared library C:\Program Files\Java\jdk-21\bin\nio.dll
Event: 1.166 Loaded shared library C:\Program Files\Java\jdk-21\bin\zip.dll
Event: 1.256 Loaded shared library D:\GitHub Repos\ADTransformer\ADTransformer\PrismRunner\prism-games-3.2.1\lib\prism.dll
Event: 1.371 Loaded shared library C:\Program Files\Java\jdk-21\bin\jimage.dll
Event: 1.419 Loaded shared library C:\Program Files\Java\jdk-21\bin\awt.dll
Event: 1.722 Loaded shared library D:\GitHub Repos\ADTransformer\ADTransformer\PrismRunner\prism-games-3.2.1\lib\jdd.dll
Event: 1.734 Loaded shared library D:\GitHub Repos\ADTransformer\ADTransformer\PrismRunner\prism-games-3.2.1\lib\prismmtbdd.dll
Event: 1.790 Loaded shared library D:\GitHub Repos\ADTransformer\ADTransformer\PrismRunner\prism-games-3.2.1\lib\prismsparse.dll
Event: 1.812 Loaded shared library D:\GitHub Repos\ADTransformer\ADTransformer\PrismRunner\prism-games-3.2.1\lib\prismhybrid.dll
Event: 1.814 Loaded shared library D:\GitHub Repos\ADTransformer\ADTransformer\PrismRunner\prism-games-3.2.1\lib\dv.dll
Event: 1.815 Loaded shared library D:\GitHub Repos\ADTransformer\ADTransformer\PrismRunner\prism-games-3.2.1\lib\odd.dll

Deoptimization events (20 events):
Event: 2.582 Thread 0x00000164b5dad8a0 Uncommon trap: trap_request=0xffffff45 fr.pc=0x00000164c7504de0 relative=0x00000000000000c0
Event: 2.582 Thread 0x00000164b5dad8a0 Uncommon trap: reason=unstable_if action=reinterpret pc=0x00000164c7504de0 method=parser.PrismParserTokenManager.jjCheckNAdd(I)V @ 8 c2
Event: 2.582 Thread 0x00000164b5dad8a0 DEOPT PACKING pc=0x00000164c7504de0 sp=0x00000048d49feeb0
Event: 2.582 Thread 0x00000164b5dad8a0 DEOPT UNPACKING pc=0x00000164c6f846a2 sp=0x00000048d49fee48 mode 2
Event: 2.583 Thread 0x00000164b5dad8a0 Uncommon trap: trap_request=0xffffff45 fr.pc=0x00000164c7514bec relative=0x0000000000000b8c
Event: 2.583 Thread 0x00000164b5dad8a0 Uncommon trap: reason=unstable_if action=reinterpret pc=0x00000164c7514bec method=parser.PrismParserTokenManager.jjMoveNfa_0(II)I @ 893 c2
Event: 2.583 Thread 0x00000164b5dad8a0 DEOPT PACKING pc=0x00000164c7514bec sp=0x00000048d49fe3b0
Event: 2.583 Thread 0x00000164b5dad8a0 DEOPT UNPACKING pc=0x00000164c6f846a2 sp=0x00000048d49fe320 mode 2
Event: 2.584 Thread 0x00000164b5dad8a0 Uncommon trap: trap_request=0xffffff45 fr.pc=0x00000164c750a318 relative=0x0000000000000bb8
Event: 2.584 Thread 0x00000164b5dad8a0 Uncommon trap: reason=unstable_if action=reinterpret pc=0x00000164c750a318 method=parser.PrismParserTokenManager.jjMoveNfa_0(II)I @ 893 c2
Event: 2.584 Thread 0x00000164b5dad8a0 DEOPT PACKING pc=0x00000164c750a318 sp=0x00000048d49fe500
Event: 2.584 Thread 0x00000164b5dad8a0 DEOPT UNPACKING pc=0x00000164c6f846a2 sp=0x00000048d49fe470 mode 2
Event: 2.587 Thread 0x00000164b5dad8a0 Uncommon trap: trap_request=0xffffff45 fr.pc=0x00000164c7509270 relative=0x0000000000000490
Event: 2.587 Thread 0x00000164b5dad8a0 Uncommon trap: reason=unstable_if action=reinterpret pc=0x00000164c7509270 method=parser.PrismParser.jj_consume_token(I)Lparser/Token; @ 107 c2
Event: 2.587 Thread 0x00000164b5dad8a0 DEOPT PACKING pc=0x00000164c7509270 sp=0x00000048d49fe830
Event: 2.587 Thread 0x00000164b5dad8a0 DEOPT UNPACKING pc=0x00000164c6f846a2 sp=0x00000048d49fe7c8 mode 2
Event: 3.194 Thread 0x00000164d3772fe0 Uncommon trap: trap_request=0xffffff45 fr.pc=0x00000164c74f8ce0 relative=0x0000000000000040
Event: 3.194 Thread 0x00000164d3772fe0 Uncommon trap: reason=unstable_if action=reinterpret pc=0x00000164c74f8ce0 method=java.util.concurrent.locks.AbstractQueuedSynchronizer.signalNext(Ljava/util/concurrent/locks/AbstractQueuedSynchronizer$Node;)V @ 1 c2
Event: 3.195 Thread 0x00000164d3772fe0 DEOPT PACKING pc=0x00000164c74f8ce0 sp=0x00000048d54ff2e0
Event: 3.195 Thread 0x00000164d3772fe0 DEOPT UNPACKING pc=0x00000164c6f846a2 sp=0x00000048d54ff270 mode 2

Classes loaded (20 events):
Event: 1.709 Loading class sun/util/resources/LocaleData$LocaleDataResourceBundleProvider done
Event: 1.709 Loading class sun/util/resources/LocaleData$CommonResourceBundleProvider done
Event: 1.709 Loading class java/util/ArrayList$SubList$1
Event: 1.709 Loading class java/util/ArrayList$SubList$1 done
Event: 1.709 Loading class sun/text/resources/cldr/FormatData_en
Event: 1.710 Loading class sun/text/resources/cldr/FormatData_en done
Event: 1.710 Loading class sun/util/resources/Bundles$2
Event: 1.710 Loading class sun/util/resources/Bundles$2 done
Event: 1.710 Loading class java/lang/InstantiationException
Event: 1.711 Loading class java/lang/InstantiationException done
Event: 1.711 Loading class java/lang/IllegalAccessException
Event: 1.711 Loading class java/lang/IllegalAccessException done
Event: 1.866 Loading class java/io/UnsupportedEncodingException
Event: 1.866 Loading class java/io/UnsupportedEncodingException done
Event: 1.873 Loading class sun/nio/cs/StreamDecoder
Event: 1.874 Loading class sun/nio/cs/StreamDecoder done
Event: 1.933 Loading class java/lang/CloneNotSupportedException
Event: 1.933 Loading class java/lang/CloneNotSupportedException done
Event: 1.934 Loading class java/lang/IndexOutOfBoundsException
Event: 1.934 Loading class java/lang/IndexOutOfBoundsException done

Classes unloaded (0 events):
No events

Classes redefined (0 events):
No events

Internal exceptions (3 events):
Event: 1.324 Thread 0x00000164b5dad8a0 Exception <a 'java/lang/ClassNotFoundException'{0x00000000cf1a2d80}: sun/awt/resources/spi/awtProvider> (0x00000000cf1a2d80) 
thrown [s\open\src\hotspot\share\classfile\systemDictionary.cpp, line 312]
Event: 1.431 Thread 0x00000164b5dad8a0 Exception <a 'java/io/FileNotFoundException'{0x00000000cf003b70}> (0x00000000cf003b70) 
thrown [s\open\src\hotspot\share\prims\jni.cpp, line 520]
Event: 1.438 Thread 0x00000164b5dad8a0 Exception <a 'java/io/FileNotFoundException'{0x00000000cf02ddb0}> (0x00000000cf02ddb0) 
thrown [s\open\src\hotspot\share\prims\jni.cpp, line 520]

ZGC Phase Switch (0 events):
No events

VM Operations (17 events):
Event: 1.504 Executing VM operation: HandshakeAllThreads (Deoptimize)
Event: 1.504 Executing VM operation: HandshakeAllThreads (Deoptimize) done
Event: 1.587 Executing VM operation: HandshakeAllThreads (Deoptimize)
Event: 1.587 Executing VM operation: HandshakeAllThreads (Deoptimize) done
Event: 1.587 Executing VM operation: Cleanup
Event: 1.587 Executing VM operation: Cleanup done
Event: 2.292 Executing VM operation: G1CollectForAllocation (G1 Evacuation Pause)
Event: 2.577 Executing VM operation: G1CollectForAllocation (G1 Evacuation Pause) done
Event: 2.831 Executing VM operation: G1CollectForAllocation (G1 Evacuation Pause)
Event: 3.194 Executing VM operation: G1CollectForAllocation (G1 Evacuation Pause) done
Event: 3.223 Executing VM operation: G1CollectForAllocation (G1 Evacuation Pause)
Event: 3.238 Executing VM operation: G1CollectForAllocation (G1 Evacuation Pause) done
Event: 3.482 Executing VM operation: G1CollectForAllocation (G1 Evacuation Pause)
Event: 3.509 Executing VM operation: G1CollectForAllocation (G1 Evacuation Pause) done
Event: 3.629 Executing VM operation: G1CollectForAllocation (G1 Evacuation Pause)
Event: 3.665 Executing VM operation: G1CollectForAllocation (G1 Evacuation Pause) done
Event: 3.751 Executing VM operation: G1CollectForAllocation (G1 Evacuation Pause)

Events (13 events):
Event: 0.025 Thread 0x00000164b5dad8a0 Thread added: 0x00000164b5dad8a0
Event: 0.536 Thread 0x00000164d3772fe0 Thread added: 0x00000164d3772fe0
Event: 0.536 Thread 0x00000164d37773d0 Thread added: 0x00000164d37773d0
Event: 0.536 Thread 0x00000164d3779150 Thread added: 0x00000164d3779150
Event: 0.536 Thread 0x00000164d3779bb0 Thread added: 0x00000164d3779bb0
Event: 0.536 Thread 0x00000164d377a610 Thread added: 0x00000164d377a610
Event: 0.536 Thread 0x00000164d377b070 Thread added: 0x00000164d377b070
Event: 0.536 Thread 0x00000164d377fe10 Thread added: 0x00000164d377fe10
Event: 0.583 Thread 0x00000164d3782720 Thread added: 0x00000164d3782720
Event: 0.679 Thread 0x00000164d3918eb0 Thread added: 0x00000164d3918eb0
Event: 0.681 Thread 0x00000164d3920910 Thread added: 0x00000164d3920910
Event: 1.227 Thread 0x00000164d3a7c6d0 Thread added: 0x00000164d3a7c6d0
Event: 2.702 Thread 0x0000016519653ea0 Thread added: 0x0000016519653ea0


Dynamic libraries:
0x00007ff71d830000 - 0x00007ff71d840000 	C:\Program Files\Java\jdk-21\bin\java.exe
0x00007ffecd850000 - 0x00007ffecda48000 	C:\Windows\SYSTEM32\ntdll.dll
0x00007ffecc050000 - 0x00007ffecc112000 	C:\Windows\System32\KERNEL32.DLL
0x00007ffecaec0000 - 0x00007ffecb1b6000 	C:\Windows\System32\KERNELBASE.dll
0x00007ffecb600000 - 0x00007ffecb700000 	C:\Windows\System32\ucrtbase.dll
0x00007ffec0210000 - 0x00007ffec0229000 	C:\Program Files\Java\jdk-21\bin\jli.dll
0x00007ffecbe70000 - 0x00007ffecbf1f000 	C:\Windows\System32\ADVAPI32.dll
0x00007ffecbbb0000 - 0x00007ffecbc4e000 	C:\Windows\System32\msvcrt.dll
0x00007ffecc9a0000 - 0x00007ffecca3f000 	C:\Windows\System32\sechost.dll
0x00007ffecbf20000 - 0x00007ffecc043000 	C:\Windows\System32\RPCRT4.dll
0x00007ffecb250000 - 0x00007ffecb277000 	C:\Windows\System32\bcrypt.dll
0x00007ffecd0f0000 - 0x00007ffecd28d000 	C:\Windows\System32\USER32.dll
0x00007ffecb5d0000 - 0x00007ffecb5f2000 	C:\Windows\System32\win32u.dll
0x00007ffecd3d0000 - 0x00007ffecd3fb000 	C:\Windows\System32\GDI32.dll
0x00007ffecb280000 - 0x00007ffecb39a000 	C:\Windows\System32\gdi32full.dll
0x00007ffecb700000 - 0x00007ffecb79d000 	C:\Windows\System32\msvcp_win.dll
0x00007ffec0290000 - 0x00007ffec02ab000 	C:\Program Files\Java\jdk-21\bin\VCRUNTIME140.dll
0x00007ffeb5fd0000 - 0x00007ffeb626a000 	C:\Windows\WinSxS\amd64_microsoft.windows.common-controls_6595b64144ccf1df_6.0.19041.5794_none_60bcd33171f2783c\COMCTL32.dll
0x00007ffec3180000 - 0x00007ffec318a000 	C:\Windows\SYSTEM32\VERSION.dll
0x00007ffecbb80000 - 0x00007ffecbbaf000 	C:\Windows\System32\IMM32.DLL
0x00007ffeb6510000 - 0x00007ffeb651c000 	C:\Program Files\Java\jdk-21\bin\vcruntime140_1.dll
0x00007ffe5d120000 - 0x00007ffe5d1ae000 	C:\Program Files\Java\jdk-21\bin\msvcp140.dll
0x00007ffe1c030000 - 0x00007ffe1cd47000 	C:\Program Files\Java\jdk-21\bin\server\jvm.dll
0x00007ffecd290000 - 0x00007ffecd2fb000 	C:\Windows\System32\WS2_32.dll
0x00007ffeca3c0000 - 0x00007ffeca40b000 	C:\Windows\SYSTEM32\POWRPROF.dll
0x00007ffebea00000 - 0x00007ffebea27000 	C:\Windows\SYSTEM32\WINMM.dll
0x00007ffeca280000 - 0x00007ffeca292000 	C:\Windows\SYSTEM32\UMPDC.dll
0x00007ffec8d00000 - 0x00007ffec8d12000 	C:\Windows\SYSTEM32\kernel.appcore.dll
0x00007ffea36d0000 - 0x00007ffea36da000 	C:\Program Files\Java\jdk-21\bin\jimage.dll
0x00007ffebefb0000 - 0x00007ffebf1b1000 	C:\Windows\SYSTEM32\DBGHELP.DLL
0x00007ffeb3d70000 - 0x00007ffeb3da4000 	C:\Windows\SYSTEM32\dbgcore.DLL
0x00007ffecb1c0000 - 0x00007ffecb242000 	C:\Windows\System32\bcryptPrimitives.dll
0x00007ffea36b0000 - 0x00007ffea36cf000 	C:\Program Files\Java\jdk-21\bin\java.dll
0x00007ffecc1d0000 - 0x00007ffecc93e000 	C:\Windows\System32\SHELL32.dll
0x00007ffec8f00000 - 0x00007ffec96a3000 	C:\Windows\SYSTEM32\windows.storage.dll
0x00007ffecd420000 - 0x00007ffecd773000 	C:\Windows\System32\combase.dll
0x00007ffeca8f0000 - 0x00007ffeca91b000 	C:\Windows\SYSTEM32\Wldp.dll
0x00007ffecd300000 - 0x00007ffecd3cd000 	C:\Windows\System32\OLEAUT32.dll
0x00007ffecc120000 - 0x00007ffecc1cd000 	C:\Windows\System32\SHCORE.dll
0x00007ffecd780000 - 0x00007ffecd7d5000 	C:\Windows\System32\shlwapi.dll
0x00007ffecadf0000 - 0x00007ffecae15000 	C:\Windows\SYSTEM32\profapi.dll
0x00007ffe96840000 - 0x00007ffe96850000 	C:\Program Files\Java\jdk-21\bin\net.dll
0x00007ffec3720000 - 0x00007ffec382a000 	C:\Windows\SYSTEM32\WINHTTP.dll
0x00007ffe5b9b0000 - 0x00007ffe5ba87000 	C:\Program Files\Java\jdk-21\bin\jsvml.dll
0x00007ffeca600000 - 0x00007ffeca66c000 	C:\Windows\system32\mswsock.dll
0x00007ffe96820000 - 0x00007ffe96836000 	C:\Program Files\Java\jdk-21\bin\nio.dll
0x00007ffe93b50000 - 0x00007ffe93b68000 	C:\Program Files\Java\jdk-21\bin\zip.dll
0x00007ffe1be40000 - 0x00007ffe1c030000 	D:\GitHub Repos\ADTransformer\ADTransformer\PrismRunner\prism-games-3.2.1\lib\prism.dll
0x00007ffe58760000 - 0x00007ffe588ef000 	C:\Program Files\Java\jdk-21\bin\awt.dll
0x00007ffec8460000 - 0x00007ffec84f4000 	C:\Windows\SYSTEM32\apphelp.dll
0x00007ffea7db0000 - 0x00007ffea7dc7000 	C:\Windows\system32\napinsp.dll
0x00007ffea7d90000 - 0x00007ffea7dab000 	C:\Windows\system32\pnrpnsp.dll
0x00007ffec5910000 - 0x00007ffec592d000 	C:\Windows\system32\wshbth.dll
0x00007ffec6860000 - 0x00007ffec687d000 	C:\Windows\system32\NLAapi.dll
0x00007ffeca2a0000 - 0x00007ffeca2db000 	C:\Windows\SYSTEM32\IPHLPAPI.DLL
0x00007ffeca2f0000 - 0x00007ffeca3ba000 	C:\Windows\SYSTEM32\DNSAPI.dll
0x00007ffecb850000 - 0x00007ffecb858000 	C:\Windows\System32\NSI.dll
0x00007ffea7c20000 - 0x00007ffea7c32000 	C:\Windows\System32\winrnr.dll
0x00007ffec3a60000 - 0x00007ffec3a6a000 	C:\Windows\System32\rasadhlp.dll
0x00007ffebe970000 - 0x00007ffebe9f0000 	C:\Windows\System32\fwpuclnt.dll
0x00007ffe5b8c0000 - 0x00007ffe5b9a4000 	D:\GitHub Repos\ADTransformer\ADTransformer\PrismRunner\prism-games-3.2.1\lib\jdd.dll
0x00007ffe10830000 - 0x00007ffe10ac0000 	D:\GitHub Repos\ADTransformer\ADTransformer\PrismRunner\prism-games-3.2.1\lib\dd.dll
0x00007ffe1bc30000 - 0x00007ffe1be31000 	D:\GitHub Repos\ADTransformer\ADTransformer\PrismRunner\prism-games-3.2.1\lib\prismmtbdd.dll
0x00007ffe1f360000 - 0x00007ffe1f447000 	D:\GitHub Repos\ADTransformer\ADTransformer\PrismRunner\prism-games-3.2.1\lib\dv.dll
0x00007ffe105e0000 - 0x00007ffe10823000 	D:\GitHub Repos\ADTransformer\ADTransformer\PrismRunner\prism-games-3.2.1\lib\prismsparse.dll
0x0000000180000000 - 0x000000018009f000 	D:\GitHub Repos\ADTransformer\ADTransformer\PrismRunner\prism-games-3.2.1\lib\lpsolve55.dll
0x00007ffe1e0d0000 - 0x00007ffe1e1ad000 	D:\GitHub Repos\ADTransformer\ADTransformer\PrismRunner\prism-games-3.2.1\lib\odd.dll
0x00007ffe103a0000 - 0x00007ffe105d1000 	D:\GitHub Repos\ADTransformer\ADTransformer\PrismRunner\prism-games-3.2.1\lib\prismhybrid.dll

dbghelp: loaded successfully - version: 4.0.5 - missing functions: none
symbol engine: initialized successfully - sym options: 0x614 - pdb path: .;C:\Program Files\Java\jdk-21\bin;C:\Windows\SYSTEM32;C:\Windows\WinSxS\amd64_microsoft.windows.common-controls_6595b64144ccf1df_6.0.19041.5794_none_60bcd33171f2783c;C:\Program Files\Java\jdk-21\bin\server;D:\GitHub Repos\ADTransformer\ADTransformer\PrismRunner\prism-games-3.2.1\lib

VM Arguments:
jvm_args: -Xmx1g -Xss4M -Djava.library.path=..\lib 
java_command: prism.PrismCL D:\GitHub Repos\ADTransformer\ADTransformer\GeneratedPrismFiles\generatedSample.prism D:\GitHub Repos\ADTransformer\ADTransformer\ParetoFrontProps\paretoFrontProperty.props -const INIT_DEFENDER_BUDGET=48,INIT_ATTACKER_BUDGET=7
java_class_path (initial): ..\lib\prism.jar;..\classes;..;..\lib\pepa.zip;..\lib\colt.jar;..\lib\com.microsoft.z3.jar;..\lib\commons-math3-3.3.jar;..\lib\epsgraphics.jar;..\lib\jas.jar;..\lib\jcommon.jar;..\lib\jfreechart.jar;..\lib\jhoafparser.jar;..\lib\junit-platform-console-standalone.jar;..\lib\log4j-api.jar;..\lib\log4j-core.jar;..\lib\lpsolve55j.jar;..\lib\nailgun-server.jar;..\lib\ppl_java.jar;..\lib\prism.jar;..\lib\yices.jar
Launcher Type: SUN_STANDARD

[Global flags]
     intx CICompilerCount                          = 4                                         {product} {ergonomic}
     uint ConcGCThreads                            = 3                                         {product} {ergonomic}
     uint G1ConcRefinementThreads                  = 10                                        {product} {ergonomic}
   size_t G1HeapRegionSize                         = 1048576                                   {product} {ergonomic}
    uintx GCDrainStackTargetSize                   = 64                                        {product} {ergonomic}
   size_t InitialHeapSize                          = 257949696                                 {product} {ergonomic}
   size_t MarkStackSize                            = 4194304                                   {product} {ergonomic}
   size_t MaxHeapSize                              = 1073741824                                {product} {command line}
   size_t MaxNewSize                               = 643825664                                 {product} {ergonomic}
   size_t MinHeapDeltaBytes                        = 1048576                                   {product} {ergonomic}
   size_t MinHeapSize                              = 8388608                                   {product} {ergonomic}
    uintx NonNMethodCodeHeapSize                   = 5839372                                {pd product} {ergonomic}
    uintx NonProfiledCodeHeapSize                  = 122909434                              {pd product} {ergonomic}
    uintx ProfiledCodeHeapSize                     = 122909434                              {pd product} {ergonomic}
    uintx ReservedCodeCacheSize                    = 251658240                              {pd product} {ergonomic}
     bool SegmentedCodeCache                       = true                                      {product} {ergonomic}
   size_t SoftMaxHeapSize                          = 1073741824                             {manageable} {ergonomic}
     intx ThreadStackSize                          = 4096                                   {pd product} {command line}
     bool UseCompressedOops                        = true                           {product lp64_product} {ergonomic}
     bool UseG1GC                                  = true                                      {product} {ergonomic}
     bool UseLargePagesIndividualAllocation        = false                                  {pd product} {ergonomic}

Logging:
Log output configuration:
 #0: stdout all=warning uptime,level,tags foldmultilines=false
 #1: stderr all=off uptime,level,tags foldmultilines=false

Environment Variables:
JAVA_HOME=C:\Program Files\Java\jdk-21
PATH=..\lib;C:\Program Files\Common Files\Oracle\Java\javapath;C:\Program Files\PlasticSCM5\server;C:\Program Files\PlasticSCM5\client;C:\Program Files (x86)\Razer Chroma SDK\bin;C:\Program Files\Razer Chroma SDK\bin;C:\Program Files (x86)\Razer\ChromaBroadcast\bin;C:\Program Files\Razer\ChromaBroadcast\bin;C:\Windows\system32;C:\Windows;C:\Windows\System32\Wbem;C:\Windows\System32\WindowsPowerShell\v1.0\;C:\Windows\System32\OpenSSH\;C:\Program Files\Microsoft SQL Server\150\Tools\Binn\;C:\Program Files\Microsoft SQL Server\Client SDK\ODBC\170\Tools\Binn\;C:\Windows\system32\config\systemprofile\AppData\Local\Microsoft\WindowsApps;C:\Program Files\NVIDIA Corporation\NVIDIA NvDLISR;C:\Program Files (x86)\NVIDIA Corporation\PhysX\Common;C:\Users\kiril\AppData\Roaming\nvm;C:\Program Files\nodejs;C:\Program Files\apache-maven-3.9.6\bin;C:\Program Files\Java\jdk-21\bin;C:\Program Files\dotnet\;C:\minikube;C:\Program Files\Docker\Docker\resources\bin;E:\PRISM\bin;E:\PRISM\prism-games-3.2.1\bin;C:\Program Files\Git\cmd;C:\Users\kiril\AppData\Local\Programs\Python\Python313\;C:\Users\kiril\AppData\Local\Programs\Python\Python313\Scripts\;C:\Users\kiril\AppData\Local\Programs\Python\Python311\Scripts\;C:\Users\kiril\AppData\Local\Programs\Python\Python311\;C:\Program Files\MySQL\MySQL Shell 8.0\bin\;C:\Users\kiril\AppData\Local\Microsoft\WindowsApps;C:\Program Files\JetBrains\JetBrains Rider 2022.2.4\bin;;C:\Users\kiril\AppData\Local\GitHubDesktop\bin;D:\GolangIDE\GoLand 2022.2.5\bin;;D:\VSCode\Microsoft VS Code\bin;C:\Users\kiril\AppData\Roaming\npm;C:\Program Files\JetBrains\PyCharm Community Edition 2022.3.2\bin;;C:\Users\kiril\AppData\Roaming\nvm;C:\Program Files\nodejs;D:\IntellJava\IntelliJ IDEA 2023.3.4\bin;;C:\Program Files\apache-maven-3.9.6\bin;C:\Users\kiril\.dotnet\tools;C:\pmd-bin-7.6.0\bin;E:\PRISM\prism-games-3.2.1\bin;
USERNAME=kiril
OS=Windows_NT
PROCESSOR_IDENTIFIER=AMD64 Family 25 Model 80 Stepping 0, AuthenticAMD
TMP=C:\Users\kiril\AppData\Local\Temp
TEMP=C:\Users\kiril\AppData\Local\Temp




Periodic native trim disabled

---------------  S Y S T E M  ---------------

OS:
 Windows 10 , 64 bit Build 19041 (10.0.19041.5794)
OS uptime: 0 days 12:34 hours
Hyper-V role detected

CPU: total 12 (initial active 12) (12 cores per cpu, 2 threads per core) family 25 model 80 stepping 0 microcode 0x0, cx8, cmov, fxsr, ht, mmx, 3dnowpref, sse, sse2, sse3, ssse3, sse4a, sse4.1, sse4.2, popcnt, lzcnt, tsc, tscinvbit, avx, avx2, aes, erms, clmul, bmi1, bmi2, adx, sha, fma, vzeroupper, clflush, clflushopt, hv, rdtscp, rdpid, fsrm, f16c, cet_ss
Processor Information for all 12 processors :
  Max Mhz: 3301, Current Mhz: 3301, Mhz Limit: 3301

Memory: 4k page, system-wide physical 15716M (645M free)
TotalPageFile size 29550M (AvailPageFile size 47M)
current process WorkingSet (physical memory assigned to process): 297M, peak: 298M
current process commit charge ("private bytes"): 406M, peak: 602M

vm_info: Java HotSpot(TM) 64-Bit Server VM (21.0.2+13-LTS-58) for windows-amd64 JRE (21.0.2+13-LTS-58), built on 2024-01-05T18:32:24Z by "mach5one" with MS VC++ 17.1 (VS2022)

END.
