#
# There is insufficient memory for the Java Runtime Environment to continue.
# Native memory allocation (mmap) failed to map 257949696 bytes for G1 virtual space
# Possible reasons:
#   The system is out of physical RAM or swap space
#   The process is running with CompressedOops enabled, and the Java Heap may be blocking the growth of the native heap
# Possible solutions:
#   Reduce memory load on the system
#   Increase physical memory or swap space
#   Check if swap backing store is full
#   Decrease Java heap size (-Xmx/-Xms)
#   Decrease number of Java threads
#   Decrease Java thread stack sizes (-Xss)
#   Set larger code cache with -XX:ReservedCodeCacheSize=
#   JVM is running with Unscaled Compressed Oops mode in which the Java heap is
#     placed in the first 4GB address space. The Java Heap base address is the
#     maximum limit for the native heap growth. Please use -XX:HeapBaseMinAddress
#     to set the Java Heap base and to place the Java Heap above 4GB virtual address.
# This output file may be truncated or incomplete.
#
#  Out of Memory Error (os_windows.cpp:3600), pid=14512, tid=14352
#
# JRE version:  (21.0.2+13) (build )
# Java VM: Java HotSpot(TM) 64-Bit Server VM (21.0.2+13-LTS-58, mixed mode, sharing, tiered, compressed oops, compressed class ptrs, g1 gc, windows-amd64)
# No core dump will be written. Minidumps are not enabled by default on client versions of Windows
#

---------------  S U M M A R Y ------------

Command Line: -Xmx1g -Xss4M -Djava.library.path=..\lib prism.PrismCL D:\GitHub Repos\ADTransformer\ADTransformer\GeneratedPrismFiles\generatedSample.prism D:\GitHub Repos\ADTransformer\ADTransformer\ParetoFrontProps\paretoFrontProperty.props -const INIT_DEFENDER_BUDGET=48,INIT_ATTACKER_BUDGET=4

Host: AMD Ryzen 5 5600H with Radeon Graphics         , 12 cores, 15G,  Windows 10 , 64 bit Build 19041 (10.0.19041.5794)
Time: Sat May 17 10:21:05 2025  Windows 10 , 64 bit Build 19041 (10.0.19041.5794) elapsed time: 0.249709 seconds (0d 0h 0m 0s)

---------------  T H R E A D  ---------------

Current thread (0x000001bd6783e760):  JavaThread "Unknown thread" [_thread_in_vm, id=14352, stack(0x000000ab36300000,0x000000ab36700000) (4096K)]

Stack: [0x000000ab36300000,0x000000ab36700000]
Native frames: (J=compiled Java code, j=interpreted, Vv=VM code, C=native code)
V  [jvm.dll+0x6cade9]
V  [jvm.dll+0x8569c1]
V  [jvm.dll+0x858d2e]
V  [jvm.dll+0x859413]
V  [jvm.dll+0x280e56]
V  [jvm.dll+0x6c74d5]
V  [jvm.dll+0x6bbeca]
V  [jvm.dll+0x355bca]
V  [jvm.dll+0x35d816]
V  [jvm.dll+0x3ae67e]
V  [jvm.dll+0x3ae928]
V  [jvm.dll+0x3295dc]
V  [jvm.dll+0x32a16b]
V  [jvm.dll+0x81efa9]
V  [jvm.dll+0x3bba01]
V  [jvm.dll+0x807928]
V  [jvm.dll+0x44f50e]
V  [jvm.dll+0x450e11]
C  [jli.dll+0x52a3]
C  [ucrtbase.dll+0x21bb2]
C  [KERNEL32.DLL+0x17374]
C  [ntdll.dll+0x4cc91]


---------------  P R O C E S S  ---------------

Threads class SMR info:
_java_thread_list=0x00007ffe1cbfbb88, length=0, elements={
}

Java Threads: ( => current thread )
Total: 0

Other Threads:
  0x000001bd67a56d50 WorkerThread "GC Thread#0"                     [id=4720, stack(0x0000000000000000,0x0000000000000000) (0B)]
  0x000001bd67a60940 ConcurrentGCThread "G1 Main Marker"            [id=10580, stack(0x000000ab36800000,0x000000ab36900000) (1024K)]
  0x000001bd67a61440 WorkerThread "G1 Conc#0"                       [id=2728, stack(0x000000ab36900000,0x000000ab36a00000) (1024K)]

[error occurred during error reporting (printing all threads), id 0xc0000005, EXCEPTION_ACCESS_VIOLATION (0xc0000005) at pc=0x00007ffe1c36c6a7]
VM state: not at safepoint (not fully initialized)

VM Mutex/Monitor currently owned by a thread:  ([mutex/lock_event])
[0x00007ffe1cc6ce68] Heap_lock - owner thread: 0x000001bd6783e760

Heap address: 0x00000000c0000000, size: 1024 MB, Compressed Oops mode: 32-bit

CDS archive(s) mapped at: [0x0000000000000000-0x0000000000000000-0x0000000000000000), size 0, SharedBaseAddress: 0x0000000800000000, ArchiveRelocationMode: 1.
Narrow klass base: 0x0000000000000000, Narrow klass shift: 0, Narrow klass range: 0x0

GC Precious Log:
 CardTable entry size: 512
 Card Set container configuration: InlinePtr #cards 5 size 8 Array Of Cards #cards 12 size 40 Howl #buckets 4 coarsen threshold 1843 Howl Bitmap #cards 512 size 80 coarsen threshold 460 Card regions per heap region 1 cards per card region 2048

Heap:
 garbage-first heap   total 0K, used 0K [0x00000000c0000000, 0x0000000100000000)
  region size 1024K, 0 young (0K), 0 survivors (0K)

[error occurred during error reporting (printing heap information), id 0xc0000005, EXCEPTION_ACCESS_VIOLATION (0xc0000005) at pc=0x00007ffe1c7539f9]
GC Heap History (0 events):
No events

Dll operation events (1 events):
Event: 0.026 Loaded shared library C:\Program Files\Java\jdk-21\bin\java.dll

Deoptimization events (0 events):
No events

Classes loaded (0 events):
No events

Classes unloaded (0 events):
No events

Classes redefined (0 events):
No events

Internal exceptions (0 events):
No events

ZGC Phase Switch (0 events):
No events

VM Operations (0 events):
No events

Events (0 events):
No events


Dynamic libraries:
0x00007ff71d830000 - 0x00007ff71d840000 	C:\Program Files\Java\jdk-21\bin\java.exe
0x00007ffecd850000 - 0x00007ffecda48000 	C:\Windows\SYSTEM32\ntdll.dll
0x00007ffecc050000 - 0x00007ffecc112000 	C:\Windows\System32\KERNEL32.DLL
0x00007ffecaec0000 - 0x00007ffecb1b6000 	C:\Windows\System32\KERNELBASE.dll
0x00007ffec0210000 - 0x00007ffec0229000 	C:\Program Files\Java\jdk-21\bin\jli.dll
0x00007ffec0290000 - 0x00007ffec02ab000 	C:\Program Files\Java\jdk-21\bin\VCRUNTIME140.dll
0x00007ffecbe70000 - 0x00007ffecbf1f000 	C:\Windows\System32\ADVAPI32.dll
0x00007ffecbbb0000 - 0x00007ffecbc4e000 	C:\Windows\System32\msvcrt.dll
0x00007ffecc9a0000 - 0x00007ffecca3f000 	C:\Windows\System32\sechost.dll
0x00007ffecbf20000 - 0x00007ffecc043000 	C:\Windows\System32\RPCRT4.dll
0x00007ffecb250000 - 0x00007ffecb277000 	C:\Windows\System32\bcrypt.dll
0x00007ffecd0f0000 - 0x00007ffecd28d000 	C:\Windows\System32\USER32.dll
0x00007ffecb5d0000 - 0x00007ffecb5f2000 	C:\Windows\System32\win32u.dll
0x00007ffecd3d0000 - 0x00007ffecd3fb000 	C:\Windows\System32\GDI32.dll
0x00007ffecb280000 - 0x00007ffecb39a000 	C:\Windows\System32\gdi32full.dll
0x00007ffecb700000 - 0x00007ffecb79d000 	C:\Windows\System32\msvcp_win.dll
0x00007ffec3180000 - 0x00007ffec318a000 	C:\Windows\SYSTEM32\VERSION.dll
0x00007ffeb5fd0000 - 0x00007ffeb626a000 	C:\Windows\WinSxS\amd64_microsoft.windows.common-controls_6595b64144ccf1df_6.0.19041.5794_none_60bcd33171f2783c\COMCTL32.dll
0x00007ffecb600000 - 0x00007ffecb700000 	C:\Windows\System32\ucrtbase.dll
0x00007ffecbb80000 - 0x00007ffecbbaf000 	C:\Windows\System32\IMM32.DLL
0x00007ffeb6510000 - 0x00007ffeb651c000 	C:\Program Files\Java\jdk-21\bin\vcruntime140_1.dll
0x00007ffe5d120000 - 0x00007ffe5d1ae000 	C:\Program Files\Java\jdk-21\bin\msvcp140.dll
0x00007ffe1c030000 - 0x00007ffe1cd47000 	C:\Program Files\Java\jdk-21\bin\server\jvm.dll
0x00007ffecd290000 - 0x00007ffecd2fb000 	C:\Windows\System32\WS2_32.dll
0x00007ffeca3c0000 - 0x00007ffeca40b000 	C:\Windows\SYSTEM32\POWRPROF.dll
0x00007ffebea00000 - 0x00007ffebea27000 	C:\Windows\SYSTEM32\WINMM.dll
0x00007ffeca280000 - 0x00007ffeca292000 	C:\Windows\SYSTEM32\UMPDC.dll
0x00007ffec8d00000 - 0x00007ffec8d12000 	C:\Windows\SYSTEM32\kernel.appcore.dll
0x00007ffea36d0000 - 0x00007ffea36da000 	C:\Program Files\Java\jdk-21\bin\jimage.dll
0x00007ffebefb0000 - 0x00007ffebf1b1000 	C:\Windows\SYSTEM32\DBGHELP.DLL
0x00007ffeb3d70000 - 0x00007ffeb3da4000 	C:\Windows\SYSTEM32\dbgcore.DLL
0x00007ffecb1c0000 - 0x00007ffecb242000 	C:\Windows\System32\bcryptPrimitives.dll
0x00007ffea36b0000 - 0x00007ffea36cf000 	C:\Program Files\Java\jdk-21\bin\java.dll

dbghelp: loaded successfully - version: 4.0.5 - missing functions: none
symbol engine: initialized successfully - sym options: 0x614 - pdb path: .;C:\Program Files\Java\jdk-21\bin;C:\Windows\SYSTEM32;C:\Windows\WinSxS\amd64_microsoft.windows.common-controls_6595b64144ccf1df_6.0.19041.5794_none_60bcd33171f2783c;C:\Program Files\Java\jdk-21\bin\server

VM Arguments:
jvm_args: -Xmx1g -Xss4M -Djava.library.path=..\lib 
java_command: prism.PrismCL D:\GitHub Repos\ADTransformer\ADTransformer\GeneratedPrismFiles\generatedSample.prism D:\GitHub Repos\ADTransformer\ADTransformer\ParetoFrontProps\paretoFrontProperty.props -const INIT_DEFENDER_BUDGET=48,INIT_ATTACKER_BUDGET=4
java_class_path (initial): ..\lib\prism.jar;..\classes;..;..\lib\pepa.zip;..\lib\colt.jar;..\lib\com.microsoft.z3.jar;..\lib\commons-math3-3.3.jar;..\lib\epsgraphics.jar;..\lib\jas.jar;..\lib\jcommon.jar;..\lib\jfreechart.jar;..\lib\jhoafparser.jar;..\lib\junit-platform-console-standalone.jar;..\lib\log4j-api.jar;..\lib\log4j-core.jar;..\lib\lpsolve55j.jar;..\lib\nailgun-server.jar;..\lib\ppl_java.jar;..\lib\prism.jar;..\lib\yices.jar
Launcher Type: SUN_STANDARD

[Global flags]
     intx CICompilerCount                          = 4                                         {product} {ergonomic}
     uint ConcGCThreads                            = 3                                         {product} {ergonomic}
     uint G1ConcRefinementThreads                  = 10                                        {product} {ergonomic}
   size_t G1HeapRegionSize                         = 1048576                                   {product} {ergonomic}
    uintx GCDrainStackTargetSize                   = 64                                        {product} {ergonomic}
   size_t InitialHeapSize                          = 257949696                                 {product} {ergonomic}
   size_t MarkStackSize                            = 4194304                                   {product} {ergonomic}
   size_t MaxHeapSize                              = 1073741824                                {product} {command line}
   size_t MinHeapDeltaBytes                        = 1048576                                   {product} {ergonomic}
   size_t MinHeapSize                              = 8388608                                   {product} {ergonomic}
    uintx NonNMethodCodeHeapSize                   = 5839372                                {pd product} {ergonomic}
    uintx NonProfiledCodeHeapSize                  = 122909434                              {pd product} {ergonomic}
    uintx ProfiledCodeHeapSize                     = 122909434                              {pd product} {ergonomic}
    uintx ReservedCodeCacheSize                    = 251658240                              {pd product} {ergonomic}
     bool SegmentedCodeCache                       = true                                      {product} {ergonomic}
   size_t SoftMaxHeapSize                          = 1073741824                             {manageable} {ergonomic}
     intx ThreadStackSize                          = 4096                                   {pd product} {command line}
     bool UseCompressedOops                        = true                           {product lp64_product} {ergonomic}
     bool UseG1GC                                  = true                                      {product} {ergonomic}
     bool UseLargePagesIndividualAllocation        = false                                  {pd product} {ergonomic}

Logging:
Log output configuration:
 #0: stdout all=warning uptime,level,tags foldmultilines=false
 #1: stderr all=off uptime,level,tags foldmultilines=false

Environment Variables:
JAVA_HOME=C:\Program Files\Java\jdk-21
PATH=..\lib;C:\Program Files\Common Files\Oracle\Java\javapath;C:\Program Files\PlasticSCM5\server;C:\Program Files\PlasticSCM5\client;C:\Program Files (x86)\Razer Chroma SDK\bin;C:\Program Files\Razer Chroma SDK\bin;C:\Program Files (x86)\Razer\ChromaBroadcast\bin;C:\Program Files\Razer\ChromaBroadcast\bin;C:\Windows\system32;C:\Windows;C:\Windows\System32\Wbem;C:\Windows\System32\WindowsPowerShell\v1.0\;C:\Windows\System32\OpenSSH\;C:\Program Files\Microsoft SQL Server\150\Tools\Binn\;C:\Program Files\Microsoft SQL Server\Client SDK\ODBC\170\Tools\Binn\;C:\Windows\system32\config\systemprofile\AppData\Local\Microsoft\WindowsApps;C:\Program Files\NVIDIA Corporation\NVIDIA NvDLISR;C:\Program Files (x86)\NVIDIA Corporation\PhysX\Common;C:\Users\kiril\AppData\Roaming\nvm;C:\Program Files\nodejs;C:\Program Files\apache-maven-3.9.6\bin;C:\Program Files\Java\jdk-21\bin;C:\Program Files\dotnet\;C:\minikube;C:\Program Files\Docker\Docker\resources\bin;E:\PRISM\bin;E:\PRISM\prism-games-3.2.1\bin;C:\Program Files\Git\cmd;C:\Users\kiril\AppData\Local\Programs\Python\Python313\;C:\Users\kiril\AppData\Local\Programs\Python\Python313\Scripts\;C:\Users\kiril\AppData\Local\Programs\Python\Python311\Scripts\;C:\Users\kiril\AppData\Local\Programs\Python\Python311\;C:\Program Files\MySQL\MySQL Shell 8.0\bin\;C:\Users\kiril\AppData\Local\Microsoft\WindowsApps;C:\Program Files\JetBrains\JetBrains Rider 2022.2.4\bin;;C:\Users\kiril\AppData\Local\GitHubDesktop\bin;D:\GolangIDE\GoLand 2022.2.5\bin;;D:\VSCode\Microsoft VS Code\bin;C:\Users\kiril\AppData\Roaming\npm;C:\Program Files\JetBrains\PyCharm Community Edition 2022.3.2\bin;;C:\Users\kiril\AppData\Roaming\nvm;C:\Program Files\nodejs;D:\IntellJava\IntelliJ IDEA 2023.3.4\bin;;C:\Program Files\apache-maven-3.9.6\bin;C:\Users\kiril\.dotnet\tools;C:\pmd-bin-7.6.0\bin;E:\PRISM\prism-games-3.2.1\bin;
USERNAME=kiril
OS=Windows_NT
PROCESSOR_IDENTIFIER=AMD64 Family 25 Model 80 Stepping 0, AuthenticAMD
TMP=C:\Users\kiril\AppData\Local\Temp
TEMP=C:\Users\kiril\AppData\Local\Temp




Periodic native trim disabled

---------------  S Y S T E M  ---------------

OS:
 Windows 10 , 64 bit Build 19041 (10.0.19041.5794)
OS uptime: 0 days 12:34 hours
Hyper-V role detected

CPU: total 12 (initial active 12) (12 cores per cpu, 2 threads per core) family 25 model 80 stepping 0 microcode 0x0, cx8, cmov, fxsr, ht, mmx, 3dnowpref, sse, sse2, sse3, ssse3, sse4a, sse4.1, sse4.2, popcnt, lzcnt, tsc, tscinvbit, avx, avx2, aes, erms, clmul, bmi1, bmi2, adx, sha, fma, vzeroupper, clflush, clflushopt, hv, rdtscp, rdpid, fsrm, f16c, cet_ss
Processor Information for all 12 processors :
  Max Mhz: 3301, Current Mhz: 3301, Mhz Limit: 3301

Memory: 4k page, system-wide physical 15716M (53M free)
TotalPageFile size 29550M (AvailPageFile size 264M)
current process WorkingSet (physical memory assigned to process): 10M, peak: 10M
current process commit charge ("private bytes"): 64M, peak: 309M

vm_info: Java HotSpot(TM) 64-Bit Server VM (21.0.2+13-LTS-58) for windows-amd64 JRE (21.0.2+13-LTS-58), built on 2024-01-05T18:32:24Z by "mach5one" with MS VC++ 17.1 (VS2022)

END.
