#
# There is insufficient memory for the Java Runtime Environment to continue.
# Native memory allocation (mmap) failed to map 327155712 bytes for G1 virtual space
# Possible reasons:
#   The system is out of physical RAM or swap space
#   The process is running with CompressedOops enabled, and the Java Heap may be blocking the growth of the native heap
# Possible solutions:
#   Reduce memory load on the system
#   Increase physical memory or swap space
#   Check if swap backing store is full
#   Decrease Java heap size (-Xmx/-Xms)
#   Decrease number of Java threads
#   Decrease Java thread stack sizes (-Xss)
#   Set larger code cache with -XX:ReservedCodeCacheSize=
#   JVM is running with Unscaled Compressed Oops mode in which the Java heap is
#     placed in the first 4GB address space. The Java Heap base address is the
#     maximum limit for the native heap growth. Please use -XX:HeapBaseMinAddress
#     to set the Java Heap base and to place the Java Heap above 4GB virtual address.
# This output file may be truncated or incomplete.
#
#  Out of Memory Error (os_windows.cpp:3600), pid=22260, tid=7464
#
# JRE version: Java(TM) SE Runtime Environment (21.0.2+13) (build 21.0.2+13-LTS-58)
# Java VM: Java HotSpot(TM) 64-Bit Server VM (21.0.2+13-LTS-58, mixed mode, sharing, tiered, compressed oops, compressed class ptrs, g1 gc, windows-amd64)
# No core dump will be written. Minidumps are not enabled by default on client versions of Windows
#

---------------  S U M M A R Y ------------

Command Line: -Xmx1g -Xss4M -Djava.library.path=..\lib prism.PrismCL D:\GitHub Repos\ADTransformer\ADTransformer\GeneratedPrismFiles\generatedSample.prism D:\GitHub Repos\ADTransformer\ADTransformer\ParetoFrontProps\paretoFrontProperty.props -const INIT_DEFENDER_BUDGET=48,INIT_ATTACKER_BUDGET=10

Host: AMD Ryzen 5 5600H with Radeon Graphics         , 12 cores, 15G,  Windows 10 , 64 bit Build 19041 (10.0.19041.5794)
Time: Sat May 17 10:21:04 2025  Windows 10 , 64 bit Build 19041 (10.0.19041.5794) elapsed time: 3.512885 seconds (0d 0h 0m 3s)

---------------  T H R E A D  ---------------

Current thread (0x0000020efe1e89c0):  VMThread "VM Thread"          [id=7464, stack(0x0000005e3a300000,0x0000005e3a400000) (1024K)]

Stack: [0x0000005e3a300000,0x0000005e3a400000]
Native frames: (J=compiled Java code, j=interpreted, Vv=VM code, C=native code)
V  [jvm.dll+0x6cade9]
V  [jvm.dll+0x8569c1]
V  [jvm.dll+0x858d2e]
V  [jvm.dll+0x859413]
V  [jvm.dll+0x280e56]
V  [jvm.dll+0x6c74d5]
V  [jvm.dll+0x6bbeca]
V  [jvm.dll+0x355bca]
V  [jvm.dll+0x35d816]
V  [jvm.dll+0x3ae67e]
V  [jvm.dll+0x3ae928]
V  [jvm.dll+0x3295dc]
V  [jvm.dll+0x329667]
V  [jvm.dll+0x36df1c]
V  [jvm.dll+0x36c71d]
V  [jvm.dll+0x328d51]
V  [jvm.dll+0x36be2a]
V  [jvm.dll+0x85ef18]
V  [jvm.dll+0x860014]
V  [jvm.dll+0x860550]
V  [jvm.dll+0x8607f3]
V  [jvm.dll+0x7ff568]
V  [jvm.dll+0x6c953d]
C  [ucrtbase.dll+0x21bb2]
C  [KERNEL32.DLL+0x17374]
C  [ntdll.dll+0x4cc91]

VM_Operation (0x0000005e39bfeb80): G1CollectForAllocation, mode: safepoint, requested by thread 0x0000020eef4cc980


---------------  P R O C E S S  ---------------

Threads class SMR info:
_java_thread_list=0x0000020efe397e90, length=11, elements={
0x0000020eef4cc980, 0x0000020efe203c00, 0x0000020efe207a40, 0x0000020efe2094b0,
0x0000020efe209f10, 0x0000020efe20a970, 0x0000020efe20b3d0, 0x0000020efe210170,
0x0000020efe214c30, 0x0000020efe3c8b90, 0x0000020efe3cb210
}

Java Threads: ( => current thread )
  0x0000020eef4cc980 JavaThread "main"                              [_thread_blocked, id=18288, stack(0x0000005e39800000,0x0000005e39c00000) (4096K)]
  0x0000020efe203c00 JavaThread "Reference Handler"          daemon [_thread_blocked, id=2660, stack(0x0000005e3a400000,0x0000005e3a800000) (4096K)]
  0x0000020efe207a40 JavaThread "Finalizer"                  daemon [_thread_blocked, id=18236, stack(0x0000005e3a800000,0x0000005e3ac00000) (4096K)]
  0x0000020efe2094b0 JavaThread "Signal Dispatcher"          daemon [_thread_blocked, id=16956, stack(0x0000005e3ac00000,0x0000005e3b000000) (4096K)]
  0x0000020efe209f10 JavaThread "Attach Listener"            daemon [_thread_blocked, id=9572, stack(0x0000005e3b000000,0x0000005e3b400000) (4096K)]
  0x0000020efe20a970 JavaThread "Service Thread"             daemon [_thread_blocked, id=15752, stack(0x0000005e3b400000,0x0000005e3b800000) (4096K)]
  0x0000020efe20b3d0 JavaThread "Monitor Deflation Thread"   daemon [_thread_blocked, id=17940, stack(0x0000005e3b800000,0x0000005e3bc00000) (4096K)]
  0x0000020efe210170 JavaThread "C2 CompilerThread0"         daemon [_thread_blocked, id=9864, stack(0x0000005e3bc00000,0x0000005e3bd00000) (1024K)]
  0x0000020efe214c30 JavaThread "C1 CompilerThread0"         daemon [_thread_blocked, id=15132, stack(0x0000005e3bd00000,0x0000005e3be00000) (1024K)]
  0x0000020efe3c8b90 JavaThread "Notification Thread"        daemon [_thread_blocked, id=2852, stack(0x0000005e3be00000,0x0000005e3c200000) (4096K)]
  0x0000020efe3cb210 JavaThread "Common-Cleaner"             daemon [_thread_blocked, id=15140, stack(0x0000005e3c200000,0x0000005e3c600000) (4096K)]
Total: 11

Other Threads:
=>0x0000020efe1e89c0 VMThread "VM Thread"                           [id=7464, stack(0x0000005e3a300000,0x0000005e3a400000) (1024K)]
  0x0000020efe1cf340 WatcherThread "VM Periodic Task Thread"        [id=5828, stack(0x0000005e3a200000,0x0000005e3a300000) (1024K)]
  0x0000020ef17f4790 WorkerThread "GC Thread#0"                     [id=18940, stack(0x0000005e39d00000,0x0000005e39e00000) (1024K)]
  0x0000020efea58100 WorkerThread "GC Thread#1"                     [id=18264, stack(0x0000005e3c600000,0x0000005e3c700000) (1024K)]
  0x0000020efea584a0 WorkerThread "GC Thread#2"                     [id=8788, stack(0x0000005e3c700000,0x0000005e3c800000) (1024K)]
  0x0000020efec62ac0 WorkerThread "GC Thread#3"                     [id=6512, stack(0x0000005e3c800000,0x0000005e3c900000) (1024K)]
  0x0000020efea2acb0 WorkerThread "GC Thread#4"                     [id=22432, stack(0x0000005e3c900000,0x0000005e3ca00000) (1024K)]
  0x0000020efed57920 WorkerThread "GC Thread#5"                     [id=21788, stack(0x0000005e3ca00000,0x0000005e3cb00000) (1024K)]
  0x0000020efed57cc0 WorkerThread "GC Thread#6"                     [id=10796, stack(0x0000005e3cb00000,0x0000005e3cc00000) (1024K)]
  0x0000020efed58060 WorkerThread "GC Thread#7"                     [id=12092, stack(0x0000005e3cc00000,0x0000005e3cd00000) (1024K)]
  0x0000020efed58400 WorkerThread "GC Thread#8"                     [id=13488, stack(0x0000005e3cd00000,0x0000005e3ce00000) (1024K)]
  0x0000020ef17fd770 ConcurrentGCThread "G1 Main Marker"            [id=4104, stack(0x0000005e39e00000,0x0000005e39f00000) (1024K)]
  0x0000020ef17fee80 WorkerThread "G1 Conc#0"                       [id=8684, stack(0x0000005e39f00000,0x0000005e3a000000) (1024K)]
  0x0000020ef188e990 ConcurrentGCThread "G1 Refine#0"               [id=21764, stack(0x0000005e3a000000,0x0000005e3a100000) (1024K)]
  0x0000020efe0a1ab0 ConcurrentGCThread "G1 Service"                [id=1820, stack(0x0000005e3a100000,0x0000005e3a200000) (1024K)]
Total: 15

Threads with active compile tasks:
C2 CompilerThread0     3544  886       4       parser.PrismParser::ExpressionTemporalUnary (791 bytes)
Total: 1

VM state: at safepoint (normal execution)

VM Mutex/Monitor currently owned by a thread:  ([mutex/lock_event])
[0x00007ffe1cc6cd68] Threads_lock - owner thread: 0x0000020efe1e89c0
[0x00007ffe1cc6ce68] Heap_lock - owner thread: 0x0000020eef4cc980

Heap address: 0x00000000c0000000, size: 1024 MB, Compressed Oops mode: 32-bit

CDS archive(s) mapped at: [0x0000020e8f000000-0x0000020e8fc90000-0x0000020e8fc90000), size 13172736, SharedBaseAddress: 0x0000020e8f000000, ArchiveRelocationMode: 1.
Compressed class space mapped at: 0x0000020e90000000-0x0000020ed0000000, reserved size: 1073741824
Narrow klass base: 0x0000020e8f000000, Narrow klass shift: 0, Narrow klass range: 0x100000000

GC Precious Log:
 CardTable entry size: 512
 Card Set container configuration: InlinePtr #cards 5 size 8 Array Of Cards #cards 12 size 40 Howl #buckets 4 coarsen threshold 1843 Howl Bitmap #cards 512 size 80 coarsen threshold 460 Card regions per heap region 1 cards per card region 2048
 CPUs: 12 total, 12 available
 Memory: 15716M
 Large Page Support: Disabled
 NUMA Support: Disabled
 Compressed Oops: Enabled (32-bit)
 Heap Region Size: 1M
 Heap Min Capacity: 8M
 Heap Initial Capacity: 246M
 Heap Max Capacity: 1G
 Pre-touch: Disabled
 Parallel Workers: 10
 Concurrent Workers: 3
 Concurrent Refinement Workers: 10
 Periodic GC: Disabled

Heap:
 garbage-first heap   total 251904K, used 108544K [0x00000000c0000000, 0x0000000100000000)
  region size 1024K, 5 young (5120K), 5 survivors (5120K)
 Metaspace       used 4064K, committed 4288K, reserved 1114112K
  class space    used 342K, committed 448K, reserved 1048576K

Heap Regions: E=young(eden), S=young(survivor), O=old, HS=humongous(starts), HC=humongous(continues), CS=collection set, F=free, TAMS=top-at-mark-start, PB=parsable bottom
|   0|0x00000000c0000000, 0x00000000c0100000, 0x00000000c0100000|100%| O|  |TAMS 0x00000000c0000000| PB 0x00000000c0000000| Untracked 
|   1|0x00000000c0100000, 0x00000000c0200000, 0x00000000c0200000|100%| O|  |TAMS 0x00000000c0100000| PB 0x00000000c0100000| Untracked 
|   2|0x00000000c0200000, 0x00000000c0300000, 0x00000000c0300000|100%| O|  |TAMS 0x00000000c0200000| PB 0x00000000c0200000| Untracked 
|   3|0x00000000c0300000, 0x00000000c0400000, 0x00000000c0400000|100%| O|  |TAMS 0x00000000c0300000| PB 0x00000000c0300000| Untracked 
|   4|0x00000000c0400000, 0x00000000c0500000, 0x00000000c0500000|100%| O|  |TAMS 0x00000000c0400000| PB 0x00000000c0400000| Untracked 
|   5|0x00000000c0500000, 0x00000000c0600000, 0x00000000c0600000|100%| O|  |TAMS 0x00000000c0500000| PB 0x00000000c0500000| Untracked 
|   6|0x00000000c0600000, 0x00000000c0700000, 0x00000000c0700000|100%| O|  |TAMS 0x00000000c0600000| PB 0x00000000c0600000| Untracked 
|   7|0x00000000c0700000, 0x00000000c0800000, 0x00000000c0800000|100%| O|  |TAMS 0x00000000c0700000| PB 0x00000000c0700000| Untracked 
|   8|0x00000000c0800000, 0x00000000c0900000, 0x00000000c0900000|100%| O|  |TAMS 0x00000000c0800000| PB 0x00000000c0800000| Untracked 
|   9|0x00000000c0900000, 0x00000000c0a00000, 0x00000000c0a00000|100%| O|  |TAMS 0x00000000c0900000| PB 0x00000000c0900000| Untracked 
|  10|0x00000000c0a00000, 0x00000000c0b00000, 0x00000000c0b00000|100%| O|  |TAMS 0x00000000c0a00000| PB 0x00000000c0a00000| Untracked 
|  11|0x00000000c0b00000, 0x00000000c0c00000, 0x00000000c0c00000|100%| O|  |TAMS 0x00000000c0b00000| PB 0x00000000c0b00000| Untracked 
|  12|0x00000000c0c00000, 0x00000000c0d00000, 0x00000000c0d00000|100%| O|  |TAMS 0x00000000c0c00000| PB 0x00000000c0c00000| Untracked 
|  13|0x00000000c0d00000, 0x00000000c0e00000, 0x00000000c0e00000|100%| O|  |TAMS 0x00000000c0d00000| PB 0x00000000c0d00000| Untracked 
|  14|0x00000000c0e00000, 0x00000000c0f00000, 0x00000000c0f00000|100%| O|  |TAMS 0x00000000c0e00000| PB 0x00000000c0e00000| Untracked 
|  15|0x00000000c0f00000, 0x00000000c1000000, 0x00000000c1000000|100%| O|  |TAMS 0x00000000c0f00000| PB 0x00000000c0f00000| Untracked 
|  16|0x00000000c1000000, 0x00000000c1100000, 0x00000000c1100000|100%| O|  |TAMS 0x00000000c1000000| PB 0x00000000c1000000| Untracked 
|  17|0x00000000c1100000, 0x00000000c1200000, 0x00000000c1200000|100%| O|  |TAMS 0x00000000c1100000| PB 0x00000000c1100000| Untracked 
|  18|0x00000000c1200000, 0x00000000c1300000, 0x00000000c1300000|100%| O|  |TAMS 0x00000000c1200000| PB 0x00000000c1200000| Untracked 
|  19|0x00000000c1300000, 0x00000000c1400000, 0x00000000c1400000|100%| O|  |TAMS 0x00000000c1300000| PB 0x00000000c1300000| Untracked 
|  20|0x00000000c1400000, 0x00000000c1500000, 0x00000000c1500000|100%| O|  |TAMS 0x00000000c1400000| PB 0x00000000c1400000| Untracked 
|  21|0x00000000c1500000, 0x00000000c1600000, 0x00000000c1600000|100%| O|  |TAMS 0x00000000c1500000| PB 0x00000000c1500000| Untracked 
|  22|0x00000000c1600000, 0x00000000c1700000, 0x00000000c1700000|100%| O|  |TAMS 0x00000000c1600000| PB 0x00000000c1600000| Untracked 
|  23|0x00000000c1700000, 0x00000000c1800000, 0x00000000c1800000|100%| O|  |TAMS 0x00000000c1700000| PB 0x00000000c1700000| Untracked 
|  24|0x00000000c1800000, 0x00000000c1900000, 0x00000000c1900000|100%| O|  |TAMS 0x00000000c1800000| PB 0x00000000c1800000| Untracked 
|  25|0x00000000c1900000, 0x00000000c1a00000, 0x00000000c1a00000|100%| O|  |TAMS 0x00000000c1900000| PB 0x00000000c1900000| Untracked 
|  26|0x00000000c1a00000, 0x00000000c1b00000, 0x00000000c1b00000|100%| O|  |TAMS 0x00000000c1a00000| PB 0x00000000c1a00000| Untracked 
|  27|0x00000000c1b00000, 0x00000000c1c00000, 0x00000000c1c00000|100%| O|  |TAMS 0x00000000c1b00000| PB 0x00000000c1b00000| Untracked 
|  28|0x00000000c1c00000, 0x00000000c1d00000, 0x00000000c1d00000|100%| O|  |TAMS 0x00000000c1c00000| PB 0x00000000c1c00000| Untracked 
|  29|0x00000000c1d00000, 0x00000000c1e00000, 0x00000000c1e00000|100%| O|  |TAMS 0x00000000c1d00000| PB 0x00000000c1d00000| Untracked 
|  30|0x00000000c1e00000, 0x00000000c1f00000, 0x00000000c1f00000|100%| O|  |TAMS 0x00000000c1e00000| PB 0x00000000c1e00000| Untracked 
|  31|0x00000000c1f00000, 0x00000000c2000000, 0x00000000c2000000|100%| O|  |TAMS 0x00000000c1f00000| PB 0x00000000c1f00000| Untracked 
|  32|0x00000000c2000000, 0x00000000c2100000, 0x00000000c2100000|100%| O|  |TAMS 0x00000000c2000000| PB 0x00000000c2000000| Untracked 
|  33|0x00000000c2100000, 0x00000000c2200000, 0x00000000c2200000|100%| O|  |TAMS 0x00000000c2100000| PB 0x00000000c2100000| Untracked 
|  34|0x00000000c2200000, 0x00000000c2300000, 0x00000000c2300000|100%| O|  |TAMS 0x00000000c2200000| PB 0x00000000c2200000| Untracked 
|  35|0x00000000c2300000, 0x00000000c2400000, 0x00000000c2400000|100%| O|  |TAMS 0x00000000c2300000| PB 0x00000000c2300000| Untracked 
|  36|0x00000000c2400000, 0x00000000c2500000, 0x00000000c2500000|100%| O|  |TAMS 0x00000000c2400000| PB 0x00000000c2400000| Untracked 
|  37|0x00000000c2500000, 0x00000000c2600000, 0x00000000c2600000|100%| O|  |TAMS 0x00000000c2500000| PB 0x00000000c2500000| Untracked 
|  38|0x00000000c2600000, 0x00000000c2700000, 0x00000000c2700000|100%| O|  |TAMS 0x00000000c2600000| PB 0x00000000c2600000| Untracked 
|  39|0x00000000c2700000, 0x00000000c2800000, 0x00000000c2800000|100%| O|  |TAMS 0x00000000c2700000| PB 0x00000000c2700000| Untracked 
|  40|0x00000000c2800000, 0x00000000c2900000, 0x00000000c2900000|100%| O|  |TAMS 0x00000000c2800000| PB 0x00000000c2800000| Untracked 
|  41|0x00000000c2900000, 0x00000000c2a00000, 0x00000000c2a00000|100%| O|  |TAMS 0x00000000c2900000| PB 0x00000000c2900000| Untracked 
|  42|0x00000000c2a00000, 0x00000000c2b00000, 0x00000000c2b00000|100%| O|  |TAMS 0x00000000c2a00000| PB 0x00000000c2a00000| Untracked 
|  43|0x00000000c2b00000, 0x00000000c2c00000, 0x00000000c2c00000|100%| O|  |TAMS 0x00000000c2b00000| PB 0x00000000c2b00000| Untracked 
|  44|0x00000000c2c00000, 0x00000000c2d00000, 0x00000000c2d00000|100%| O|  |TAMS 0x00000000c2c00000| PB 0x00000000c2c00000| Untracked 
|  45|0x00000000c2d00000, 0x00000000c2e00000, 0x00000000c2e00000|100%| O|  |TAMS 0x00000000c2d00000| PB 0x00000000c2d00000| Untracked 
|  46|0x00000000c2e00000, 0x00000000c2f00000, 0x00000000c2f00000|100%| O|  |TAMS 0x00000000c2e00000| PB 0x00000000c2e00000| Untracked 
|  47|0x00000000c2f00000, 0x00000000c3000000, 0x00000000c3000000|100%| O|  |TAMS 0x00000000c2f00000| PB 0x00000000c2f00000| Untracked 
|  48|0x00000000c3000000, 0x00000000c3100000, 0x00000000c3100000|100%| O|  |TAMS 0x00000000c3000000| PB 0x00000000c3000000| Untracked 
|  49|0x00000000c3100000, 0x00000000c3200000, 0x00000000c3200000|100%| O|  |TAMS 0x00000000c3100000| PB 0x00000000c3100000| Untracked 
|  50|0x00000000c3200000, 0x00000000c3300000, 0x00000000c3300000|100%| O|  |TAMS 0x00000000c3200000| PB 0x00000000c3200000| Untracked 
|  51|0x00000000c3300000, 0x00000000c3400000, 0x00000000c3400000|100%| O|  |TAMS 0x00000000c3300000| PB 0x00000000c3300000| Untracked 
|  52|0x00000000c3400000, 0x00000000c3500000, 0x00000000c3500000|100%| O|  |TAMS 0x00000000c3400000| PB 0x00000000c3400000| Untracked 
|  53|0x00000000c3500000, 0x00000000c3600000, 0x00000000c3600000|100%| O|  |TAMS 0x00000000c3500000| PB 0x00000000c3500000| Untracked 
|  54|0x00000000c3600000, 0x00000000c3700000, 0x00000000c3700000|100%| O|  |TAMS 0x00000000c3600000| PB 0x00000000c3600000| Untracked 
|  55|0x00000000c3700000, 0x00000000c3800000, 0x00000000c3800000|100%| O|  |TAMS 0x00000000c3700000| PB 0x00000000c3700000| Untracked 
|  56|0x00000000c3800000, 0x00000000c3900000, 0x00000000c3900000|100%| O|  |TAMS 0x00000000c3800000| PB 0x00000000c3800000| Untracked 
|  57|0x00000000c3900000, 0x00000000c3a00000, 0x00000000c3a00000|100%| O|  |TAMS 0x00000000c3900000| PB 0x00000000c3900000| Untracked 
|  58|0x00000000c3a00000, 0x00000000c3b00000, 0x00000000c3b00000|100%| O|  |TAMS 0x00000000c3a00000| PB 0x00000000c3a00000| Untracked 
|  59|0x00000000c3b00000, 0x00000000c3c00000, 0x00000000c3c00000|100%| O|  |TAMS 0x00000000c3b00000| PB 0x00000000c3b00000| Untracked 
|  60|0x00000000c3c00000, 0x00000000c3d00000, 0x00000000c3d00000|100%| O|  |TAMS 0x00000000c3c00000| PB 0x00000000c3c00000| Untracked 
|  61|0x00000000c3d00000, 0x00000000c3e00000, 0x00000000c3e00000|100%| O|  |TAMS 0x00000000c3d00000| PB 0x00000000c3d00000| Untracked 
|  62|0x00000000c3e00000, 0x00000000c3f00000, 0x00000000c3f00000|100%| O|  |TAMS 0x00000000c3e00000| PB 0x00000000c3e00000| Untracked 
|  63|0x00000000c3f00000, 0x00000000c4000000, 0x00000000c4000000|100%| O|  |TAMS 0x00000000c3f00000| PB 0x00000000c3f00000| Untracked 
|  64|0x00000000c4000000, 0x00000000c4100000, 0x00000000c4100000|100%| O|  |TAMS 0x00000000c4000000| PB 0x00000000c4000000| Untracked 
|  65|0x00000000c4100000, 0x00000000c4200000, 0x00000000c4200000|100%| O|  |TAMS 0x00000000c4100000| PB 0x00000000c4100000| Untracked 
|  66|0x00000000c4200000, 0x00000000c4300000, 0x00000000c4300000|100%| O|  |TAMS 0x00000000c4200000| PB 0x00000000c4200000| Untracked 
|  67|0x00000000c4300000, 0x00000000c4400000, 0x00000000c4400000|100%| O|  |TAMS 0x00000000c4300000| PB 0x00000000c4300000| Untracked 
|  68|0x00000000c4400000, 0x00000000c4500000, 0x00000000c4500000|100%| O|  |TAMS 0x00000000c4400000| PB 0x00000000c4400000| Untracked 
|  69|0x00000000c4500000, 0x00000000c4600000, 0x00000000c4600000|100%| O|  |TAMS 0x00000000c4500000| PB 0x00000000c4500000| Untracked 
|  70|0x00000000c4600000, 0x00000000c4700000, 0x00000000c4700000|100%| O|  |TAMS 0x00000000c4600000| PB 0x00000000c4600000| Untracked 
|  71|0x00000000c4700000, 0x00000000c4800000, 0x00000000c4800000|100%| O|  |TAMS 0x00000000c4700000| PB 0x00000000c4700000| Untracked 
|  72|0x00000000c4800000, 0x00000000c4900000, 0x00000000c4900000|100%| O|  |TAMS 0x00000000c4800000| PB 0x00000000c4800000| Untracked 
|  73|0x00000000c4900000, 0x00000000c4a00000, 0x00000000c4a00000|100%| O|  |TAMS 0x00000000c4900000| PB 0x00000000c4900000| Untracked 
|  74|0x00000000c4a00000, 0x00000000c4b00000, 0x00000000c4b00000|100%| O|  |TAMS 0x00000000c4a00000| PB 0x00000000c4a00000| Untracked 
|  75|0x00000000c4b00000, 0x00000000c4c00000, 0x00000000c4c00000|100%| O|  |TAMS 0x00000000c4b00000| PB 0x00000000c4b00000| Untracked 
|  76|0x00000000c4c00000, 0x00000000c4d00000, 0x00000000c4d00000|100%| O|  |TAMS 0x00000000c4c00000| PB 0x00000000c4c00000| Untracked 
|  77|0x00000000c4d00000, 0x00000000c4e00000, 0x00000000c4e00000|100%| O|  |TAMS 0x00000000c4d00000| PB 0x00000000c4d00000| Untracked 
|  78|0x00000000c4e00000, 0x00000000c4f00000, 0x00000000c4f00000|100%| O|  |TAMS 0x00000000c4e00000| PB 0x00000000c4e00000| Untracked 
|  79|0x00000000c4f00000, 0x00000000c5000000, 0x00000000c5000000|100%| O|  |TAMS 0x00000000c4f00000| PB 0x00000000c4f00000| Untracked 
|  80|0x00000000c5000000, 0x00000000c5100000, 0x00000000c5100000|100%| O|  |TAMS 0x00000000c5000000| PB 0x00000000c5000000| Untracked 
|  81|0x00000000c5100000, 0x00000000c5200000, 0x00000000c5200000|100%| O|  |TAMS 0x00000000c5100000| PB 0x00000000c5100000| Untracked 
|  82|0x00000000c5200000, 0x00000000c5300000, 0x00000000c5300000|100%| O|  |TAMS 0x00000000c5200000| PB 0x00000000c5200000| Untracked 
|  83|0x00000000c5300000, 0x00000000c5400000, 0x00000000c5400000|100%| O|  |TAMS 0x00000000c5300000| PB 0x00000000c5300000| Untracked 
|  84|0x00000000c5400000, 0x00000000c5500000, 0x00000000c5500000|100%| O|  |TAMS 0x00000000c5400000| PB 0x00000000c5400000| Untracked 
|  85|0x00000000c5500000, 0x00000000c5600000, 0x00000000c5600000|100%| O|  |TAMS 0x00000000c5500000| PB 0x00000000c5500000| Untracked 
|  86|0x00000000c5600000, 0x00000000c5700000, 0x00000000c5700000|100%| O|  |TAMS 0x00000000c5600000| PB 0x00000000c5600000| Untracked 
|  87|0x00000000c5700000, 0x00000000c5800000, 0x00000000c5800000|100%| O|  |TAMS 0x00000000c5700000| PB 0x00000000c5700000| Untracked 
|  88|0x00000000c5800000, 0x00000000c5900000, 0x00000000c5900000|100%| O|  |TAMS 0x00000000c5800000| PB 0x00000000c5800000| Untracked 
|  89|0x00000000c5900000, 0x00000000c5a00000, 0x00000000c5a00000|100%| O|  |TAMS 0x00000000c5900000| PB 0x00000000c5900000| Untracked 
|  90|0x00000000c5a00000, 0x00000000c5b00000, 0x00000000c5b00000|100%| O|  |TAMS 0x00000000c5a00000| PB 0x00000000c5a00000| Untracked 
|  91|0x00000000c5b00000, 0x00000000c5c00000, 0x00000000c5c00000|100%| O|  |TAMS 0x00000000c5b00000| PB 0x00000000c5b00000| Untracked 
|  92|0x00000000c5c00000, 0x00000000c5d00000, 0x00000000c5d00000|100%| O|  |TAMS 0x00000000c5c00000| PB 0x00000000c5c00000| Untracked 
|  93|0x00000000c5d00000, 0x00000000c5e00000, 0x00000000c5e00000|100%| O|  |TAMS 0x00000000c5d00000| PB 0x00000000c5d00000| Untracked 
|  94|0x00000000c5e00000, 0x00000000c5f00000, 0x00000000c5f00000|100%| O|  |TAMS 0x00000000c5e00000| PB 0x00000000c5e00000| Untracked 
|  95|0x00000000c5f00000, 0x00000000c6000000, 0x00000000c6000000|100%| O|  |TAMS 0x00000000c5f00000| PB 0x00000000c5f00000| Untracked 
|  96|0x00000000c6000000, 0x00000000c6100000, 0x00000000c6100000|100%| O|  |TAMS 0x00000000c6000000| PB 0x00000000c6000000| Untracked 
|  97|0x00000000c6100000, 0x00000000c6200000, 0x00000000c6200000|100%| O|  |TAMS 0x00000000c6100000| PB 0x00000000c6100000| Untracked 
|  98|0x00000000c6200000, 0x00000000c6300000, 0x00000000c6300000|100%| O|  |TAMS 0x00000000c6200000| PB 0x00000000c6200000| Untracked 
|  99|0x00000000c6300000, 0x00000000c6400000, 0x00000000c6400000|100%| O|  |TAMS 0x00000000c6300000| PB 0x00000000c6300000| Untracked 
| 100|0x00000000c6400000, 0x00000000c6500000, 0x00000000c6500000|100%| O|  |TAMS 0x00000000c6400000| PB 0x00000000c6400000| Untracked 
| 101|0x00000000c6500000, 0x00000000c6500000, 0x00000000c6600000|  0%| F|  |TAMS 0x00000000c6500000| PB 0x00000000c6500000| Untracked 
| 102|0x00000000c6600000, 0x00000000c6600000, 0x00000000c6700000|  0%| F|  |TAMS 0x00000000c6600000| PB 0x00000000c6600000| Untracked 
| 103|0x00000000c6700000, 0x00000000c6700000, 0x00000000c6800000|  0%| F|  |TAMS 0x00000000c6700000| PB 0x00000000c6700000| Untracked 
| 104|0x00000000c6800000, 0x00000000c6800000, 0x00000000c6900000|  0%| F|  |TAMS 0x00000000c6800000| PB 0x00000000c6800000| Untracked 
| 105|0x00000000c6900000, 0x00000000c6900000, 0x00000000c6a00000|  0%| F|  |TAMS 0x00000000c6900000| PB 0x00000000c6900000| Untracked 
| 106|0x00000000c6a00000, 0x00000000c6a00000, 0x00000000c6b00000|  0%| F|  |TAMS 0x00000000c6a00000| PB 0x00000000c6a00000| Untracked 
| 107|0x00000000c6b00000, 0x00000000c6b00000, 0x00000000c6c00000|  0%| F|  |TAMS 0x00000000c6b00000| PB 0x00000000c6b00000| Untracked 
| 108|0x00000000c6c00000, 0x00000000c6c00000, 0x00000000c6d00000|  0%| F|  |TAMS 0x00000000c6c00000| PB 0x00000000c6c00000| Untracked 
| 109|0x00000000c6d00000, 0x00000000c6d00000, 0x00000000c6e00000|  0%| F|  |TAMS 0x00000000c6d00000| PB 0x00000000c6d00000| Untracked 
| 110|0x00000000c6e00000, 0x00000000c6e00000, 0x00000000c6f00000|  0%| F|  |TAMS 0x00000000c6e00000| PB 0x00000000c6e00000| Untracked 
| 111|0x00000000c6f00000, 0x00000000c6f00000, 0x00000000c7000000|  0%| F|  |TAMS 0x00000000c6f00000| PB 0x00000000c6f00000| Untracked 
| 112|0x00000000c7000000, 0x00000000c7000000, 0x00000000c7100000|  0%| F|  |TAMS 0x00000000c7000000| PB 0x00000000c7000000| Untracked 
| 113|0x00000000c7100000, 0x00000000c7100000, 0x00000000c7200000|  0%| F|  |TAMS 0x00000000c7100000| PB 0x00000000c7100000| Untracked 
| 114|0x00000000c7200000, 0x00000000c7200000, 0x00000000c7300000|  0%| F|  |TAMS 0x00000000c7200000| PB 0x00000000c7200000| Untracked 
| 115|0x00000000c7300000, 0x00000000c7300000, 0x00000000c7400000|  0%| F|  |TAMS 0x00000000c7300000| PB 0x00000000c7300000| Untracked 
| 116|0x00000000c7400000, 0x00000000c7400000, 0x00000000c7500000|  0%| F|  |TAMS 0x00000000c7400000| PB 0x00000000c7400000| Untracked 
| 117|0x00000000c7500000, 0x00000000c7500000, 0x00000000c7600000|  0%| F|  |TAMS 0x00000000c7500000| PB 0x00000000c7500000| Untracked 
| 118|0x00000000c7600000, 0x00000000c7600000, 0x00000000c7700000|  0%| F|  |TAMS 0x00000000c7600000| PB 0x00000000c7600000| Untracked 
| 119|0x00000000c7700000, 0x00000000c7700000, 0x00000000c7800000|  0%| F|  |TAMS 0x00000000c7700000| PB 0x00000000c7700000| Untracked 
| 120|0x00000000c7800000, 0x00000000c7800000, 0x00000000c7900000|  0%| F|  |TAMS 0x00000000c7800000| PB 0x00000000c7800000| Untracked 
| 121|0x00000000c7900000, 0x00000000c7900000, 0x00000000c7a00000|  0%| F|  |TAMS 0x00000000c7900000| PB 0x00000000c7900000| Untracked 
| 122|0x00000000c7a00000, 0x00000000c7a00000, 0x00000000c7b00000|  0%| F|  |TAMS 0x00000000c7a00000| PB 0x00000000c7a00000| Untracked 
| 123|0x00000000c7b00000, 0x00000000c7b00000, 0x00000000c7c00000|  0%| F|  |TAMS 0x00000000c7b00000| PB 0x00000000c7b00000| Untracked 
| 124|0x00000000c7c00000, 0x00000000c7c00000, 0x00000000c7d00000|  0%| F|  |TAMS 0x00000000c7c00000| PB 0x00000000c7c00000| Untracked 
| 125|0x00000000c7d00000, 0x00000000c7d00000, 0x00000000c7e00000|  0%| F|  |TAMS 0x00000000c7d00000| PB 0x00000000c7d00000| Untracked 
| 126|0x00000000c7e00000, 0x00000000c7e00000, 0x00000000c7f00000|  0%| F|  |TAMS 0x00000000c7e00000| PB 0x00000000c7e00000| Untracked 
| 127|0x00000000c7f00000, 0x00000000c7f00000, 0x00000000c8000000|  0%| F|  |TAMS 0x00000000c7f00000| PB 0x00000000c7f00000| Untracked 
| 128|0x00000000c8000000, 0x00000000c8000000, 0x00000000c8100000|  0%| F|  |TAMS 0x00000000c8000000| PB 0x00000000c8000000| Untracked 
| 129|0x00000000c8100000, 0x00000000c8100000, 0x00000000c8200000|  0%| F|  |TAMS 0x00000000c8100000| PB 0x00000000c8100000| Untracked 
| 130|0x00000000c8200000, 0x00000000c8200000, 0x00000000c8300000|  0%| F|  |TAMS 0x00000000c8200000| PB 0x00000000c8200000| Untracked 
| 131|0x00000000c8300000, 0x00000000c8300000, 0x00000000c8400000|  0%| F|  |TAMS 0x00000000c8300000| PB 0x00000000c8300000| Untracked 
| 132|0x00000000c8400000, 0x00000000c8400000, 0x00000000c8500000|  0%| F|  |TAMS 0x00000000c8400000| PB 0x00000000c8400000| Untracked 
| 133|0x00000000c8500000, 0x00000000c8500000, 0x00000000c8600000|  0%| F|  |TAMS 0x00000000c8500000| PB 0x00000000c8500000| Untracked 
| 134|0x00000000c8600000, 0x00000000c8600000, 0x00000000c8700000|  0%| F|  |TAMS 0x00000000c8600000| PB 0x00000000c8600000| Untracked 
| 135|0x00000000c8700000, 0x00000000c8700000, 0x00000000c8800000|  0%| F|  |TAMS 0x00000000c8700000| PB 0x00000000c8700000| Untracked 
| 136|0x00000000c8800000, 0x00000000c8800000, 0x00000000c8900000|  0%| F|  |TAMS 0x00000000c8800000| PB 0x00000000c8800000| Untracked 
| 137|0x00000000c8900000, 0x00000000c8900000, 0x00000000c8a00000|  0%| F|  |TAMS 0x00000000c8900000| PB 0x00000000c8900000| Untracked 
| 138|0x00000000c8a00000, 0x00000000c8a00000, 0x00000000c8b00000|  0%| F|  |TAMS 0x00000000c8a00000| PB 0x00000000c8a00000| Untracked 
| 139|0x00000000c8b00000, 0x00000000c8b00000, 0x00000000c8c00000|  0%| F|  |TAMS 0x00000000c8b00000| PB 0x00000000c8b00000| Untracked 
| 140|0x00000000c8c00000, 0x00000000c8c00000, 0x00000000c8d00000|  0%| F|  |TAMS 0x00000000c8c00000| PB 0x00000000c8c00000| Untracked 
| 141|0x00000000c8d00000, 0x00000000c8d00000, 0x00000000c8e00000|  0%| F|  |TAMS 0x00000000c8d00000| PB 0x00000000c8d00000| Untracked 
| 142|0x00000000c8e00000, 0x00000000c8e00000, 0x00000000c8f00000|  0%| F|  |TAMS 0x00000000c8e00000| PB 0x00000000c8e00000| Untracked 
| 143|0x00000000c8f00000, 0x00000000c8f00000, 0x00000000c9000000|  0%| F|  |TAMS 0x00000000c8f00000| PB 0x00000000c8f00000| Untracked 
| 144|0x00000000c9000000, 0x00000000c9000000, 0x00000000c9100000|  0%| F|  |TAMS 0x00000000c9000000| PB 0x00000000c9000000| Untracked 
| 145|0x00000000c9100000, 0x00000000c9100000, 0x00000000c9200000|  0%| F|  |TAMS 0x00000000c9100000| PB 0x00000000c9100000| Untracked 
| 146|0x00000000c9200000, 0x00000000c9200000, 0x00000000c9300000|  0%| F|  |TAMS 0x00000000c9200000| PB 0x00000000c9200000| Untracked 
| 147|0x00000000c9300000, 0x00000000c9300000, 0x00000000c9400000|  0%| F|  |TAMS 0x00000000c9300000| PB 0x00000000c9300000| Untracked 
| 148|0x00000000c9400000, 0x00000000c9400000, 0x00000000c9500000|  0%| F|  |TAMS 0x00000000c9400000| PB 0x00000000c9400000| Untracked 
| 149|0x00000000c9500000, 0x00000000c9500000, 0x00000000c9600000|  0%| F|  |TAMS 0x00000000c9500000| PB 0x00000000c9500000| Untracked 
| 150|0x00000000c9600000, 0x00000000c9600000, 0x00000000c9700000|  0%| F|  |TAMS 0x00000000c9600000| PB 0x00000000c9600000| Untracked 
| 151|0x00000000c9700000, 0x00000000c9700000, 0x00000000c9800000|  0%| F|  |TAMS 0x00000000c9700000| PB 0x00000000c9700000| Untracked 
| 152|0x00000000c9800000, 0x00000000c9800000, 0x00000000c9900000|  0%| F|  |TAMS 0x00000000c9800000| PB 0x00000000c9800000| Untracked 
| 153|0x00000000c9900000, 0x00000000c9900000, 0x00000000c9a00000|  0%| F|  |TAMS 0x00000000c9900000| PB 0x00000000c9900000| Untracked 
| 154|0x00000000c9a00000, 0x00000000c9a00000, 0x00000000c9b00000|  0%| F|  |TAMS 0x00000000c9a00000| PB 0x00000000c9a00000| Untracked 
| 155|0x00000000c9b00000, 0x00000000c9b00000, 0x00000000c9c00000|  0%| F|  |TAMS 0x00000000c9b00000| PB 0x00000000c9b00000| Untracked 
| 156|0x00000000c9c00000, 0x00000000c9c00000, 0x00000000c9d00000|  0%| F|  |TAMS 0x00000000c9c00000| PB 0x00000000c9c00000| Untracked 
| 157|0x00000000c9d00000, 0x00000000c9d00000, 0x00000000c9e00000|  0%| F|  |TAMS 0x00000000c9d00000| PB 0x00000000c9d00000| Untracked 
| 158|0x00000000c9e00000, 0x00000000c9e00000, 0x00000000c9f00000|  0%| F|  |TAMS 0x00000000c9e00000| PB 0x00000000c9e00000| Untracked 
| 159|0x00000000c9f00000, 0x00000000c9f00000, 0x00000000ca000000|  0%| F|  |TAMS 0x00000000c9f00000| PB 0x00000000c9f00000| Untracked 
| 160|0x00000000ca000000, 0x00000000ca000000, 0x00000000ca100000|  0%| F|  |TAMS 0x00000000ca000000| PB 0x00000000ca000000| Untracked 
| 161|0x00000000ca100000, 0x00000000ca100000, 0x00000000ca200000|  0%| F|  |TAMS 0x00000000ca100000| PB 0x00000000ca100000| Untracked 
| 162|0x00000000ca200000, 0x00000000ca200000, 0x00000000ca300000|  0%| F|  |TAMS 0x00000000ca200000| PB 0x00000000ca200000| Untracked 
| 163|0x00000000ca300000, 0x00000000ca300000, 0x00000000ca400000|  0%| F|  |TAMS 0x00000000ca300000| PB 0x00000000ca300000| Untracked 
| 164|0x00000000ca400000, 0x00000000ca400000, 0x00000000ca500000|  0%| F|  |TAMS 0x00000000ca400000| PB 0x00000000ca400000| Untracked 
| 165|0x00000000ca500000, 0x00000000ca500000, 0x00000000ca600000|  0%| F|  |TAMS 0x00000000ca500000| PB 0x00000000ca500000| Untracked 
| 166|0x00000000ca600000, 0x00000000ca600000, 0x00000000ca700000|  0%| F|  |TAMS 0x00000000ca600000| PB 0x00000000ca600000| Untracked 
| 167|0x00000000ca700000, 0x00000000ca700000, 0x00000000ca800000|  0%| F|  |TAMS 0x00000000ca700000| PB 0x00000000ca700000| Untracked 
| 168|0x00000000ca800000, 0x00000000ca800000, 0x00000000ca900000|  0%| F|  |TAMS 0x00000000ca800000| PB 0x00000000ca800000| Untracked 
| 169|0x00000000ca900000, 0x00000000ca900000, 0x00000000caa00000|  0%| F|  |TAMS 0x00000000ca900000| PB 0x00000000ca900000| Untracked 
| 170|0x00000000caa00000, 0x00000000caa00000, 0x00000000cab00000|  0%| F|  |TAMS 0x00000000caa00000| PB 0x00000000caa00000| Untracked 
| 171|0x00000000cab00000, 0x00000000cab00000, 0x00000000cac00000|  0%| F|  |TAMS 0x00000000cab00000| PB 0x00000000cab00000| Untracked 
| 172|0x00000000cac00000, 0x00000000cac00000, 0x00000000cad00000|  0%| F|  |TAMS 0x00000000cac00000| PB 0x00000000cac00000| Untracked 
| 173|0x00000000cad00000, 0x00000000cad00000, 0x00000000cae00000|  0%| F|  |TAMS 0x00000000cad00000| PB 0x00000000cad00000| Untracked 
| 174|0x00000000cae00000, 0x00000000cae00000, 0x00000000caf00000|  0%| F|  |TAMS 0x00000000cae00000| PB 0x00000000cae00000| Untracked 
| 175|0x00000000caf00000, 0x00000000caf00000, 0x00000000cb000000|  0%| F|  |TAMS 0x00000000caf00000| PB 0x00000000caf00000| Untracked 
| 176|0x00000000cb000000, 0x00000000cb000000, 0x00000000cb100000|  0%| F|  |TAMS 0x00000000cb000000| PB 0x00000000cb000000| Untracked 
| 177|0x00000000cb100000, 0x00000000cb100000, 0x00000000cb200000|  0%| F|  |TAMS 0x00000000cb100000| PB 0x00000000cb100000| Untracked 
| 178|0x00000000cb200000, 0x00000000cb200000, 0x00000000cb300000|  0%| F|  |TAMS 0x00000000cb200000| PB 0x00000000cb200000| Untracked 
| 179|0x00000000cb300000, 0x00000000cb300000, 0x00000000cb400000|  0%| F|  |TAMS 0x00000000cb300000| PB 0x00000000cb300000| Untracked 
| 180|0x00000000cb400000, 0x00000000cb400000, 0x00000000cb500000|  0%| F|  |TAMS 0x00000000cb400000| PB 0x00000000cb400000| Untracked 
| 181|0x00000000cb500000, 0x00000000cb500000, 0x00000000cb600000|  0%| F|  |TAMS 0x00000000cb500000| PB 0x00000000cb500000| Untracked 
| 182|0x00000000cb600000, 0x00000000cb600000, 0x00000000cb700000|  0%| F|  |TAMS 0x00000000cb600000| PB 0x00000000cb600000| Untracked 
| 183|0x00000000cb700000, 0x00000000cb700000, 0x00000000cb800000|  0%| F|  |TAMS 0x00000000cb700000| PB 0x00000000cb700000| Untracked 
| 184|0x00000000cb800000, 0x00000000cb800000, 0x00000000cb900000|  0%| F|  |TAMS 0x00000000cb800000| PB 0x00000000cb800000| Untracked 
| 185|0x00000000cb900000, 0x00000000cb900000, 0x00000000cba00000|  0%| F|  |TAMS 0x00000000cb900000| PB 0x00000000cb900000| Untracked 
| 186|0x00000000cba00000, 0x00000000cba00000, 0x00000000cbb00000|  0%| F|  |TAMS 0x00000000cba00000| PB 0x00000000cba00000| Untracked 
| 187|0x00000000cbb00000, 0x00000000cbb00000, 0x00000000cbc00000|  0%| F|  |TAMS 0x00000000cbb00000| PB 0x00000000cbb00000| Untracked 
| 188|0x00000000cbc00000, 0x00000000cbc00000, 0x00000000cbd00000|  0%| F|  |TAMS 0x00000000cbc00000| PB 0x00000000cbc00000| Untracked 
| 189|0x00000000cbd00000, 0x00000000cbd00000, 0x00000000cbe00000|  0%| F|  |TAMS 0x00000000cbd00000| PB 0x00000000cbd00000| Untracked 
| 190|0x00000000cbe00000, 0x00000000cbe00000, 0x00000000cbf00000|  0%| F|  |TAMS 0x00000000cbe00000| PB 0x00000000cbe00000| Untracked 
| 191|0x00000000cbf00000, 0x00000000cbf00000, 0x00000000cc000000|  0%| F|  |TAMS 0x00000000cbf00000| PB 0x00000000cbf00000| Untracked 
| 192|0x00000000cc000000, 0x00000000cc000000, 0x00000000cc100000|  0%| F|  |TAMS 0x00000000cc000000| PB 0x00000000cc000000| Untracked 
| 193|0x00000000cc100000, 0x00000000cc100000, 0x00000000cc200000|  0%| F|  |TAMS 0x00000000cc100000| PB 0x00000000cc100000| Untracked 
| 194|0x00000000cc200000, 0x00000000cc200000, 0x00000000cc300000|  0%| F|  |TAMS 0x00000000cc200000| PB 0x00000000cc200000| Untracked 
| 195|0x00000000cc300000, 0x00000000cc300000, 0x00000000cc400000|  0%| F|  |TAMS 0x00000000cc300000| PB 0x00000000cc300000| Untracked 
| 196|0x00000000cc400000, 0x00000000cc400000, 0x00000000cc500000|  0%| F|  |TAMS 0x00000000cc400000| PB 0x00000000cc400000| Untracked 
| 197|0x00000000cc500000, 0x00000000cc500000, 0x00000000cc600000|  0%| F|  |TAMS 0x00000000cc500000| PB 0x00000000cc500000| Untracked 
| 198|0x00000000cc600000, 0x00000000cc600000, 0x00000000cc700000|  0%| F|  |TAMS 0x00000000cc600000| PB 0x00000000cc600000| Untracked 
| 199|0x00000000cc700000, 0x00000000cc700000, 0x00000000cc800000|  0%| F|  |TAMS 0x00000000cc700000| PB 0x00000000cc700000| Untracked 
| 200|0x00000000cc800000, 0x00000000cc800000, 0x00000000cc900000|  0%| F|  |TAMS 0x00000000cc800000| PB 0x00000000cc800000| Untracked 
| 201|0x00000000cc900000, 0x00000000cc900000, 0x00000000cca00000|  0%| F|  |TAMS 0x00000000cc900000| PB 0x00000000cc900000| Untracked 
| 202|0x00000000cca00000, 0x00000000cca00000, 0x00000000ccb00000|  0%| F|  |TAMS 0x00000000cca00000| PB 0x00000000cca00000| Untracked 
| 203|0x00000000ccb00000, 0x00000000ccc00000, 0x00000000ccc00000|100%| S|CS|TAMS 0x00000000ccb00000| PB 0x00000000ccb00000| Complete 
| 204|0x00000000ccc00000, 0x00000000ccd00000, 0x00000000ccd00000|100%| S|CS|TAMS 0x00000000ccc00000| PB 0x00000000ccc00000| Complete 
| 205|0x00000000ccd00000, 0x00000000cce00000, 0x00000000cce00000|100%| S|CS|TAMS 0x00000000ccd00000| PB 0x00000000ccd00000| Complete 
| 206|0x00000000cce00000, 0x00000000ccf00000, 0x00000000ccf00000|100%| S|CS|TAMS 0x00000000cce00000| PB 0x00000000cce00000| Complete 
| 207|0x00000000ccf00000, 0x00000000cd000000, 0x00000000cd000000|100%| S|CS|TAMS 0x00000000ccf00000| PB 0x00000000ccf00000| Complete 
| 208|0x00000000cd000000, 0x00000000cd000000, 0x00000000cd100000|  0%| F|  |TAMS 0x00000000cd000000| PB 0x00000000cd000000| Untracked 
| 209|0x00000000cd100000, 0x00000000cd100000, 0x00000000cd200000|  0%| F|  |TAMS 0x00000000cd100000| PB 0x00000000cd100000| Untracked 
| 210|0x00000000cd200000, 0x00000000cd200000, 0x00000000cd300000|  0%| F|  |TAMS 0x00000000cd200000| PB 0x00000000cd200000| Untracked 
| 211|0x00000000cd300000, 0x00000000cd300000, 0x00000000cd400000|  0%| F|  |TAMS 0x00000000cd300000| PB 0x00000000cd300000| Untracked 
| 212|0x00000000cd400000, 0x00000000cd400000, 0x00000000cd500000|  0%| F|  |TAMS 0x00000000cd400000| PB 0x00000000cd400000| Untracked 
| 213|0x00000000cd500000, 0x00000000cd500000, 0x00000000cd600000|  0%| F|  |TAMS 0x00000000cd500000| PB 0x00000000cd500000| Untracked 
| 214|0x00000000cd600000, 0x00000000cd600000, 0x00000000cd700000|  0%| F|  |TAMS 0x00000000cd600000| PB 0x00000000cd600000| Untracked 
| 215|0x00000000cd700000, 0x00000000cd700000, 0x00000000cd800000|  0%| F|  |TAMS 0x00000000cd700000| PB 0x00000000cd700000| Untracked 
| 216|0x00000000cd800000, 0x00000000cd800000, 0x00000000cd900000|  0%| F|  |TAMS 0x00000000cd800000| PB 0x00000000cd800000| Untracked 
| 217|0x00000000cd900000, 0x00000000cd900000, 0x00000000cda00000|  0%| F|  |TAMS 0x00000000cd900000| PB 0x00000000cd900000| Untracked 
| 218|0x00000000cda00000, 0x00000000cda00000, 0x00000000cdb00000|  0%| F|  |TAMS 0x00000000cda00000| PB 0x00000000cda00000| Untracked 
| 219|0x00000000cdb00000, 0x00000000cdb00000, 0x00000000cdc00000|  0%| F|  |TAMS 0x00000000cdb00000| PB 0x00000000cdb00000| Untracked 
| 220|0x00000000cdc00000, 0x00000000cdc00000, 0x00000000cdd00000|  0%| F|  |TAMS 0x00000000cdc00000| PB 0x00000000cdc00000| Untracked 
| 221|0x00000000cdd00000, 0x00000000cdd00000, 0x00000000cde00000|  0%| F|  |TAMS 0x00000000cdd00000| PB 0x00000000cdd00000| Untracked 
| 222|0x00000000cde00000, 0x00000000cde00000, 0x00000000cdf00000|  0%| F|  |TAMS 0x00000000cde00000| PB 0x00000000cde00000| Untracked 
| 223|0x00000000cdf00000, 0x00000000cdf00000, 0x00000000ce000000|  0%| F|  |TAMS 0x00000000cdf00000| PB 0x00000000cdf00000| Untracked 
| 224|0x00000000ce000000, 0x00000000ce000000, 0x00000000ce100000|  0%| F|  |TAMS 0x00000000ce000000| PB 0x00000000ce000000| Untracked 
| 225|0x00000000ce100000, 0x00000000ce100000, 0x00000000ce200000|  0%| F|  |TAMS 0x00000000ce100000| PB 0x00000000ce100000| Untracked 
| 226|0x00000000ce200000, 0x00000000ce200000, 0x00000000ce300000|  0%| F|  |TAMS 0x00000000ce200000| PB 0x00000000ce200000| Untracked 
| 227|0x00000000ce300000, 0x00000000ce300000, 0x00000000ce400000|  0%| F|  |TAMS 0x00000000ce300000| PB 0x00000000ce300000| Untracked 
| 228|0x00000000ce400000, 0x00000000ce400000, 0x00000000ce500000|  0%| F|  |TAMS 0x00000000ce400000| PB 0x00000000ce400000| Untracked 
| 229|0x00000000ce500000, 0x00000000ce500000, 0x00000000ce600000|  0%| F|  |TAMS 0x00000000ce500000| PB 0x00000000ce500000| Untracked 
| 230|0x00000000ce600000, 0x00000000ce600000, 0x00000000ce700000|  0%| F|  |TAMS 0x00000000ce600000| PB 0x00000000ce600000| Untracked 
| 231|0x00000000ce700000, 0x00000000ce700000, 0x00000000ce800000|  0%| F|  |TAMS 0x00000000ce700000| PB 0x00000000ce700000| Untracked 
| 232|0x00000000ce800000, 0x00000000ce800000, 0x00000000ce900000|  0%| F|  |TAMS 0x00000000ce800000| PB 0x00000000ce800000| Untracked 
| 233|0x00000000ce900000, 0x00000000ce900000, 0x00000000cea00000|  0%| F|  |TAMS 0x00000000ce900000| PB 0x00000000ce900000| Untracked 
| 234|0x00000000cea00000, 0x00000000cea00000, 0x00000000ceb00000|  0%| F|  |TAMS 0x00000000cea00000| PB 0x00000000cea00000| Untracked 
| 235|0x00000000ceb00000, 0x00000000ceb00000, 0x00000000cec00000|  0%| F|  |TAMS 0x00000000ceb00000| PB 0x00000000ceb00000| Untracked 
| 236|0x00000000cec00000, 0x00000000cec00000, 0x00000000ced00000|  0%| F|  |TAMS 0x00000000cec00000| PB 0x00000000cec00000| Untracked 
| 237|0x00000000ced00000, 0x00000000ced00000, 0x00000000cee00000|  0%| F|  |TAMS 0x00000000ced00000| PB 0x00000000ced00000| Untracked 
| 238|0x00000000cee00000, 0x00000000cee00000, 0x00000000cef00000|  0%| F|  |TAMS 0x00000000cee00000| PB 0x00000000cee00000| Untracked 
| 239|0x00000000cef00000, 0x00000000cef00000, 0x00000000cf000000|  0%| F|  |TAMS 0x00000000cef00000| PB 0x00000000cef00000| Untracked 
| 240|0x00000000cf000000, 0x00000000cf000000, 0x00000000cf100000|  0%| F|  |TAMS 0x00000000cf000000| PB 0x00000000cf000000| Untracked 
| 241|0x00000000cf100000, 0x00000000cf100000, 0x00000000cf200000|  0%| F|  |TAMS 0x00000000cf100000| PB 0x00000000cf100000| Untracked 
| 242|0x00000000cf200000, 0x00000000cf200000, 0x00000000cf300000|  0%| F|  |TAMS 0x00000000cf200000| PB 0x00000000cf200000| Untracked 
| 243|0x00000000cf300000, 0x00000000cf300000, 0x00000000cf400000|  0%| F|  |TAMS 0x00000000cf300000| PB 0x00000000cf300000| Untracked 
| 244|0x00000000cf400000, 0x00000000cf400000, 0x00000000cf500000|  0%| F|  |TAMS 0x00000000cf400000| PB 0x00000000cf400000| Untracked 
| 245|0x00000000cf500000, 0x00000000cf500000, 0x00000000cf600000|  0%| F|  |TAMS 0x00000000cf500000| PB 0x00000000cf500000| Untracked 

Card table byte_map: [0x0000020efa380000,0x0000020efa580000] _byte_map_base: 0x0000020ef9d80000

Marking Bits: (CMBitMap*) 0x0000020ef17f4e90
 Bits: [0x0000020efa580000, 0x0000020efb580000)

Polling page: 0x0000020eef750000

Metaspace:

Usage:
  Non-class:      3.63 MB used.
      Class:    342.98 KB used.
       Both:      3.97 MB used.

Virtual space:
  Non-class space:       64.00 MB reserved,       3.75 MB (  6%) committed,  1 nodes.
      Class space:        1.00 GB reserved,     448.00 KB ( <1%) committed,  1 nodes.
             Both:        1.06 GB reserved,       4.19 MB ( <1%) committed. 

Chunk freelists:
   Non-Class:  10.09 MB
       Class:  15.53 MB
        Both:  25.62 MB

MaxMetaspaceSize: unlimited
CompressedClassSpaceSize: 1.00 GB
Initial GC threshold: 21.00 MB
Current GC threshold: 21.00 MB
CDS: on
 - commit_granule_bytes: 65536.
 - commit_granule_words: 8192.
 - virtual_space_node_default_size: 8388608.
 - enlarge_chunks_in_place: 1.
 - use_allocation_guard: 0.


Internal statistics:

num_allocs_failed_limit: 0.
num_arena_births: 76.
num_arena_deaths: 0.
num_vsnodes_births: 2.
num_vsnodes_deaths: 0.
num_space_committed: 67.
num_space_uncommitted: 0.
num_chunks_returned_to_freelist: 0.
num_chunks_taken_from_freelist: 170.
num_chunk_merges: 0.
num_chunk_splits: 117.
num_chunks_enlarged: 78.
num_inconsistent_stats: 0.

CodeHeap 'non-profiled nmethods': size=120000Kb used=435Kb max_used=435Kb free=119564Kb
 bounds [0x0000020e87ad0000, 0x0000020e87d40000, 0x0000020e8f000000]
CodeHeap 'profiled nmethods': size=120000Kb used=1550Kb max_used=1550Kb free=118449Kb
 bounds [0x0000020e80000000, 0x0000020e80270000, 0x0000020e87530000]
CodeHeap 'non-nmethods': size=5760Kb used=1505Kb max_used=1526Kb free=4255Kb
 bounds [0x0000020e87530000, 0x0000020e877a0000, 0x0000020e87ad0000]
 total_blobs=1461 nmethods=881 adapters=485
 compilation: enabled
              stopped_count=0, restarted_count=0
 full_count=0

Compilation events (20 events):
Event: 3.146 Thread 0x0000020efe214c30  909       2       java.nio.ByteBuffer::flip (7 bytes)
Event: 3.147 Thread 0x0000020efe214c30 nmethod 909 0x0000020e80183790 code [0x0000020e80183920, 0x0000020e80183a40]
Event: 3.169 Thread 0x0000020efe210170 nmethod 838 0x0000020e87b34b90 code [0x0000020e87b34e80, 0x0000020e87b36ae0]
Event: 3.169 Thread 0x0000020efe210170  736       4       java.util.ArrayList::add (25 bytes)
Event: 3.175 Thread 0x0000020efe210170 nmethod 736 0x0000020e87b37810 code [0x0000020e87b379e0, 0x0000020e87b38240]
Event: 3.175 Thread 0x0000020efe210170  871       4       parser.PrismParser::ExpressionNot (557 bytes)
Event: 3.212 Thread 0x0000020efe210170 nmethod 871 0x0000020e87b38510 code [0x0000020e87b386e0, 0x0000020e87b38aa0]
Event: 3.212 Thread 0x0000020efe210170  868       4       java.lang.String::<init> (37 bytes)
Event: 3.214 Thread 0x0000020efe210170 nmethod 868 0x0000020e87b38c90 code [0x0000020e87b38e20, 0x0000020e87b38fa8]
Event: 3.214 Thread 0x0000020efe210170  876       4       java.lang.Integer::toString (55 bytes)
Event: 3.217 Thread 0x0000020efe210170 nmethod 876 0x0000020e87b39090 code [0x0000020e87b39240, 0x0000020e87b39648]
Event: 3.217 Thread 0x0000020efe210170  870   !   4       parser.PrismParser::ExpressionLiteral (258 bytes)
Event: 3.264 Thread 0x0000020efe210170 nmethod 870 0x0000020e87b39890 code [0x0000020e87b39b20, 0x0000020e87b3aeb8]
Event: 3.264 Thread 0x0000020efe210170  879       4       java.lang.Integer::toString (8 bytes)
Event: 3.269 Thread 0x0000020efe210170 nmethod 879 0x0000020e87b3b910 code [0x0000020e87b3bac0, 0x0000020e87b3beb0]
Event: 3.269 Thread 0x0000020efe210170  703       4       parser.PrismParser::Identifier (14 bytes)
Event: 3.276 Thread 0x0000020efe210170 nmethod 703 0x0000020e87b3c110 code [0x0000020e87b3c2c0, 0x0000020e87b3c7c8]
Event: 3.276 Thread 0x0000020efe210170  885       4       parser.PrismParser::ExpressionTemporalBinary (349 bytes)
Event: 3.280 Thread 0x0000020efe210170 nmethod 885 0x0000020e87b3c990 code [0x0000020e87b3cb40, 0x0000020e87b3cdb0]
Event: 3.280 Thread 0x0000020efe210170  886       4       parser.PrismParser::ExpressionTemporalUnary (791 bytes)

GC Heap History (9 events):
Event: 2.176 GC heap before
{Heap before GC invocations=0 (full 0):
 garbage-first heap   total 251904K, used 22528K [0x00000000c0000000, 0x0000000100000000)
  region size 1024K, 23 young (23552K), 0 survivors (0K)
 Metaspace       used 3873K, committed 4032K, reserved 1114112K
  class space    used 337K, committed 448K, reserved 1048576K
}
Event: 2.552 GC heap after
{Heap after GC invocations=1 (full 0):
 garbage-first heap   total 251904K, used 16896K [0x00000000c0000000, 0x0000000100000000)
  region size 1024K, 3 young (3072K), 3 survivors (3072K)
 Metaspace       used 3873K, committed 4032K, reserved 1114112K
  class space    used 337K, committed 448K, reserved 1048576K
}
Event: 2.700 GC heap before
{Heap before GC invocations=1 (full 0):
 garbage-first heap   total 251904K, used 32256K [0x00000000c0000000, 0x0000000100000000)
  region size 1024K, 18 young (18432K), 3 survivors (3072K)
 Metaspace       used 4061K, committed 4288K, reserved 1114112K
  class space    used 342K, committed 448K, reserved 1048576K
}
Event: 2.750 GC heap after
{Heap after GC invocations=2 (full 0):
 garbage-first heap   total 251904K, used 32256K [0x00000000c0000000, 0x0000000100000000)
  region size 1024K, 3 young (3072K), 3 survivors (3072K)
 Metaspace       used 4061K, committed 4288K, reserved 1114112K
  class space    used 342K, committed 448K, reserved 1048576K
}
Event: 2.790 GC heap before
{Heap before GC invocations=2 (full 0):
 garbage-first heap   total 251904K, used 46592K [0x00000000c0000000, 0x0000000100000000)
  region size 1024K, 17 young (17408K), 3 survivors (3072K)
 Metaspace       used 4063K, committed 4288K, reserved 1114112K
  class space    used 342K, committed 448K, reserved 1048576K
}
Event: 2.917 GC heap after
{Heap after GC invocations=3 (full 0):
 garbage-first heap   total 251904K, used 46592K [0x00000000c0000000, 0x0000000100000000)
  region size 1024K, 3 young (3072K), 3 survivors (3072K)
 Metaspace       used 4063K, committed 4288K, reserved 1114112K
  class space    used 342K, committed 448K, reserved 1048576K
}
Event: 3.090 GC heap before
{Heap before GC invocations=3 (full 0):
 garbage-first heap   total 251904K, used 74240K [0x00000000c0000000, 0x0000000100000000)
  region size 1024K, 30 young (30720K), 3 survivors (3072K)
 Metaspace       used 4064K, committed 4288K, reserved 1114112K
  class space    used 342K, committed 448K, reserved 1048576K
}
Event: 3.142 GC heap after
{Heap after GC invocations=4 (full 0):
 garbage-first heap   total 251904K, used 73728K [0x00000000c0000000, 0x0000000100000000)
  region size 1024K, 4 young (4096K), 4 survivors (4096K)
 Metaspace       used 4064K, committed 4288K, reserved 1114112K
  class space    used 342K, committed 448K, reserved 1048576K
}
Event: 3.283 GC heap before
{Heap before GC invocations=4 (full 0):
 garbage-first heap   total 251904K, used 108544K [0x00000000c0000000, 0x0000000100000000)
  region size 1024K, 38 young (38912K), 4 survivors (4096K)
 Metaspace       used 4064K, committed 4288K, reserved 1114112K
  class space    used 342K, committed 448K, reserved 1048576K
}

Dll operation events (14 events):
Event: 0.095 Loaded shared library C:\Program Files\Java\jdk-21\bin\java.dll
Event: 0.498 Loaded shared library C:\Program Files\Java\jdk-21\bin\jsvml.dll
Event: 0.523 Loaded shared library C:\Program Files\Java\jdk-21\bin\net.dll
Event: 0.528 Loaded shared library C:\Program Files\Java\jdk-21\bin\nio.dll
Event: 0.535 Loaded shared library C:\Program Files\Java\jdk-21\bin\zip.dll
Event: 0.669 Loaded shared library D:\GitHub Repos\ADTransformer\ADTransformer\PrismRunner\prism-games-3.2.1\lib\prism.dll
Event: 0.722 Loaded shared library C:\Program Files\Java\jdk-21\bin\jimage.dll
Event: 0.727 Loaded shared library C:\Program Files\Java\jdk-21\bin\awt.dll
Event: 1.041 Loaded shared library D:\GitHub Repos\ADTransformer\ADTransformer\PrismRunner\prism-games-3.2.1\lib\jdd.dll
Event: 1.057 Loaded shared library D:\GitHub Repos\ADTransformer\ADTransformer\PrismRunner\prism-games-3.2.1\lib\prismmtbdd.dll
Event: 1.062 Loaded shared library D:\GitHub Repos\ADTransformer\ADTransformer\PrismRunner\prism-games-3.2.1\lib\prismsparse.dll
Event: 1.065 Loaded shared library D:\GitHub Repos\ADTransformer\ADTransformer\PrismRunner\prism-games-3.2.1\lib\prismhybrid.dll
Event: 1.067 Loaded shared library D:\GitHub Repos\ADTransformer\ADTransformer\PrismRunner\prism-games-3.2.1\lib\dv.dll
Event: 1.069 Loaded shared library D:\GitHub Repos\ADTransformer\ADTransformer\PrismRunner\prism-games-3.2.1\lib\odd.dll

Deoptimization events (20 events):
Event: 2.559 Thread 0x0000020eef4cc980 Uncommon trap: trap_request=0xffffff45 fr.pc=0x0000020e87b016e0 relative=0x00000000000000c0
Event: 2.559 Thread 0x0000020eef4cc980 Uncommon trap: reason=unstable_if action=reinterpret pc=0x0000020e87b016e0 method=parser.PrismParserTokenManager.jjCheckNAdd(I)V @ 8 c2
Event: 2.559 Thread 0x0000020eef4cc980 DEOPT PACKING pc=0x0000020e87b016e0 sp=0x0000005e39bfee80
Event: 2.559 Thread 0x0000020eef4cc980 DEOPT UNPACKING pc=0x0000020e875846a2 sp=0x0000005e39bfee18 mode 2
Event: 2.561 Thread 0x0000020eef4cc980 Uncommon trap: trap_request=0xffffffbe fr.pc=0x0000020e87b03694 relative=0x0000000000000bd4
Event: 2.561 Thread 0x0000020eef4cc980 Uncommon trap: reason=profile_predicate action=maybe_recompile pc=0x0000020e87b03694 method=parser.PrismParserTokenManager.jjMoveNfa_0(II)I @ 53 c2
Event: 2.561 Thread 0x0000020eef4cc980 DEOPT PACKING pc=0x0000020e87b03694 sp=0x0000005e39bfe850
Event: 2.561 Thread 0x0000020eef4cc980 DEOPT UNPACKING pc=0x0000020e875846a2 sp=0x0000005e39bfe7c8 mode 2
Event: 2.561 Thread 0x0000020eef4cc980 Uncommon trap: trap_request=0xffffff45 fr.pc=0x0000020e87b0ed18 relative=0x0000000000000bb8
Event: 2.561 Thread 0x0000020eef4cc980 Uncommon trap: reason=unstable_if action=reinterpret pc=0x0000020e87b0ed18 method=parser.PrismParserTokenManager.jjMoveNfa_0(II)I @ 893 c2
Event: 2.561 Thread 0x0000020eef4cc980 DEOPT PACKING pc=0x0000020e87b0ed18 sp=0x0000005e39bfe850
Event: 2.561 Thread 0x0000020eef4cc980 DEOPT UNPACKING pc=0x0000020e875846a2 sp=0x0000005e39bfe7c0 mode 2
Event: 2.581 Thread 0x0000020eef4cc980 Uncommon trap: trap_request=0xffffff45 fr.pc=0x0000020e87b08000 relative=0x00000000000004a0
Event: 2.581 Thread 0x0000020eef4cc980 Uncommon trap: reason=unstable_if action=reinterpret pc=0x0000020e87b08000 method=parser.PrismParser.jj_consume_token(I)Lparser/Token; @ 107 c2
Event: 2.581 Thread 0x0000020eef4cc980 DEOPT PACKING pc=0x0000020e87b08000 sp=0x0000005e39bfe8f0
Event: 2.581 Thread 0x0000020eef4cc980 DEOPT UNPACKING pc=0x0000020e875846a2 sp=0x0000005e39bfe888 mode 2
Event: 2.751 Thread 0x0000020efe203c00 Uncommon trap: trap_request=0xffffff45 fr.pc=0x0000020e87af62e0 relative=0x0000000000000040
Event: 2.751 Thread 0x0000020efe203c00 Uncommon trap: reason=unstable_if action=reinterpret pc=0x0000020e87af62e0 method=java.util.concurrent.locks.AbstractQueuedSynchronizer.signalNext(Ljava/util/concurrent/locks/AbstractQueuedSynchronizer$Node;)V @ 1 c2
Event: 2.751 Thread 0x0000020efe203c00 DEOPT PACKING pc=0x0000020e87af62e0 sp=0x0000005e3a7ff090
Event: 2.751 Thread 0x0000020efe203c00 DEOPT UNPACKING pc=0x0000020e875846a2 sp=0x0000005e3a7ff020 mode 2

Classes loaded (20 events):
Event: 1.020 Loading class sun/util/resources/LocaleData$LocaleDataResourceBundleProvider done
Event: 1.020 Loading class sun/util/resources/LocaleData$CommonResourceBundleProvider done
Event: 1.020 Loading class java/util/ArrayList$SubList$1
Event: 1.020 Loading class java/util/ArrayList$SubList$1 done
Event: 1.020 Loading class sun/text/resources/cldr/FormatData_en
Event: 1.021 Loading class sun/text/resources/cldr/FormatData_en done
Event: 1.021 Loading class sun/util/resources/Bundles$2
Event: 1.021 Loading class sun/util/resources/Bundles$2 done
Event: 1.022 Loading class java/lang/InstantiationException
Event: 1.022 Loading class java/lang/InstantiationException done
Event: 1.022 Loading class java/lang/IllegalAccessException
Event: 1.022 Loading class java/lang/IllegalAccessException done
Event: 1.106 Loading class java/io/UnsupportedEncodingException
Event: 1.106 Loading class java/io/UnsupportedEncodingException done
Event: 1.125 Loading class sun/nio/cs/StreamDecoder
Event: 1.125 Loading class sun/nio/cs/StreamDecoder done
Event: 1.129 Loading class java/lang/CloneNotSupportedException
Event: 1.129 Loading class java/lang/CloneNotSupportedException done
Event: 1.131 Loading class java/lang/IndexOutOfBoundsException
Event: 1.131 Loading class java/lang/IndexOutOfBoundsException done

Classes unloaded (0 events):
No events

Classes redefined (0 events):
No events

Internal exceptions (3 events):
Event: 0.709 Thread 0x0000020eef4cc980 Exception <a 'java/lang/ClassNotFoundException'{0x00000000cf1a0178}: sun/awt/resources/spi/awtProvider> (0x00000000cf1a0178) 
thrown [s\open\src\hotspot\share\classfile\systemDictionary.cpp, line 312]
Event: 0.787 Thread 0x0000020eef4cc980 Exception <a 'java/io/FileNotFoundException'{0x00000000cf001130}> (0x00000000cf001130) 
thrown [s\open\src\hotspot\share\prims\jni.cpp, line 520]
Event: 0.793 Thread 0x0000020eef4cc980 Exception <a 'java/io/FileNotFoundException'{0x00000000cf02b1c8}> (0x00000000cf02b1c8) 
thrown [s\open\src\hotspot\share\prims\jni.cpp, line 520]

ZGC Phase Switch (0 events):
No events

VM Operations (13 events):
Event: 0.807 Executing VM operation: HandshakeAllThreads (Deoptimize)
Event: 0.807 Executing VM operation: HandshakeAllThreads (Deoptimize) done
Event: 1.822 Executing VM operation: Cleanup
Event: 1.885 Executing VM operation: Cleanup done
Event: 2.176 Executing VM operation: G1CollectForAllocation (G1 Evacuation Pause)
Event: 2.553 Executing VM operation: G1CollectForAllocation (G1 Evacuation Pause) done
Event: 2.700 Executing VM operation: G1CollectForAllocation (G1 Evacuation Pause)
Event: 2.750 Executing VM operation: G1CollectForAllocation (G1 Evacuation Pause) done
Event: 2.790 Executing VM operation: G1CollectForAllocation (G1 Evacuation Pause)
Event: 2.917 Executing VM operation: G1CollectForAllocation (G1 Evacuation Pause) done
Event: 3.090 Executing VM operation: G1CollectForAllocation (G1 Evacuation Pause)
Event: 3.142 Executing VM operation: G1CollectForAllocation (G1 Evacuation Pause) done
Event: 3.283 Executing VM operation: G1CollectForAllocation (G1 Evacuation Pause)

Events (11 events):
Event: 0.133 Thread 0x0000020eef4cc980 Thread added: 0x0000020eef4cc980
Event: 0.406 Thread 0x0000020efe203c00 Thread added: 0x0000020efe203c00
Event: 0.406 Thread 0x0000020efe207a40 Thread added: 0x0000020efe207a40
Event: 0.406 Thread 0x0000020efe2094b0 Thread added: 0x0000020efe2094b0
Event: 0.407 Thread 0x0000020efe209f10 Thread added: 0x0000020efe209f10
Event: 0.407 Thread 0x0000020efe20a970 Thread added: 0x0000020efe20a970
Event: 0.407 Thread 0x0000020efe20b3d0 Thread added: 0x0000020efe20b3d0
Event: 0.407 Thread 0x0000020efe210170 Thread added: 0x0000020efe210170
Event: 0.422 Thread 0x0000020efe214c30 Thread added: 0x0000020efe214c30
Event: 0.489 Thread 0x0000020efe3c8b90 Thread added: 0x0000020efe3c8b90
Event: 0.491 Thread 0x0000020efe3cb210 Thread added: 0x0000020efe3cb210


Dynamic libraries:
0x00007ff71d830000 - 0x00007ff71d840000 	C:\Program Files\Java\jdk-21\bin\java.exe
0x00007ffecd850000 - 0x00007ffecda48000 	C:\Windows\SYSTEM32\ntdll.dll
0x00007ffecc050000 - 0x00007ffecc112000 	C:\Windows\System32\KERNEL32.DLL
0x00007ffecaec0000 - 0x00007ffecb1b6000 	C:\Windows\System32\KERNELBASE.dll
0x00007ffecb600000 - 0x00007ffecb700000 	C:\Windows\System32\ucrtbase.dll
0x00007ffec0210000 - 0x00007ffec0229000 	C:\Program Files\Java\jdk-21\bin\jli.dll
0x00007ffecbe70000 - 0x00007ffecbf1f000 	C:\Windows\System32\ADVAPI32.dll
0x00007ffecbbb0000 - 0x00007ffecbc4e000 	C:\Windows\System32\msvcrt.dll
0x00007ffecc9a0000 - 0x00007ffecca3f000 	C:\Windows\System32\sechost.dll
0x00007ffecbf20000 - 0x00007ffecc043000 	C:\Windows\System32\RPCRT4.dll
0x00007ffecb250000 - 0x00007ffecb277000 	C:\Windows\System32\bcrypt.dll
0x00007ffecd0f0000 - 0x00007ffecd28d000 	C:\Windows\System32\USER32.dll
0x00007ffecb5d0000 - 0x00007ffecb5f2000 	C:\Windows\System32\win32u.dll
0x00007ffecd3d0000 - 0x00007ffecd3fb000 	C:\Windows\System32\GDI32.dll
0x00007ffecb280000 - 0x00007ffecb39a000 	C:\Windows\System32\gdi32full.dll
0x00007ffecb700000 - 0x00007ffecb79d000 	C:\Windows\System32\msvcp_win.dll
0x00007ffec0290000 - 0x00007ffec02ab000 	C:\Program Files\Java\jdk-21\bin\VCRUNTIME140.dll
0x00007ffeb5fd0000 - 0x00007ffeb626a000 	C:\Windows\WinSxS\amd64_microsoft.windows.common-controls_6595b64144ccf1df_6.0.19041.5794_none_60bcd33171f2783c\COMCTL32.dll
0x00007ffec3180000 - 0x00007ffec318a000 	C:\Windows\SYSTEM32\VERSION.dll
0x00007ffecbb80000 - 0x00007ffecbbaf000 	C:\Windows\System32\IMM32.DLL
0x00007ffeb6510000 - 0x00007ffeb651c000 	C:\Program Files\Java\jdk-21\bin\vcruntime140_1.dll
0x00007ffe5d120000 - 0x00007ffe5d1ae000 	C:\Program Files\Java\jdk-21\bin\msvcp140.dll
0x00007ffe1c030000 - 0x00007ffe1cd47000 	C:\Program Files\Java\jdk-21\bin\server\jvm.dll
0x00007ffecd290000 - 0x00007ffecd2fb000 	C:\Windows\System32\WS2_32.dll
0x00007ffeca3c0000 - 0x00007ffeca40b000 	C:\Windows\SYSTEM32\POWRPROF.dll
0x00007ffebea00000 - 0x00007ffebea27000 	C:\Windows\SYSTEM32\WINMM.dll
0x00007ffeca280000 - 0x00007ffeca292000 	C:\Windows\SYSTEM32\UMPDC.dll
0x00007ffec8d00000 - 0x00007ffec8d12000 	C:\Windows\SYSTEM32\kernel.appcore.dll
0x00007ffea36d0000 - 0x00007ffea36da000 	C:\Program Files\Java\jdk-21\bin\jimage.dll
0x00007ffebefb0000 - 0x00007ffebf1b1000 	C:\Windows\SYSTEM32\DBGHELP.DLL
0x00007ffeb3d70000 - 0x00007ffeb3da4000 	C:\Windows\SYSTEM32\dbgcore.DLL
0x00007ffecb1c0000 - 0x00007ffecb242000 	C:\Windows\System32\bcryptPrimitives.dll
0x00007ffea36b0000 - 0x00007ffea36cf000 	C:\Program Files\Java\jdk-21\bin\java.dll
0x00007ffecc1d0000 - 0x00007ffecc93e000 	C:\Windows\System32\SHELL32.dll
0x00007ffec8f00000 - 0x00007ffec96a3000 	C:\Windows\SYSTEM32\windows.storage.dll
0x00007ffecd420000 - 0x00007ffecd773000 	C:\Windows\System32\combase.dll
0x00007ffeca8f0000 - 0x00007ffeca91b000 	C:\Windows\SYSTEM32\Wldp.dll
0x00007ffecd300000 - 0x00007ffecd3cd000 	C:\Windows\System32\OLEAUT32.dll
0x00007ffecc120000 - 0x00007ffecc1cd000 	C:\Windows\System32\SHCORE.dll
0x00007ffecd780000 - 0x00007ffecd7d5000 	C:\Windows\System32\shlwapi.dll
0x00007ffecadf0000 - 0x00007ffecae15000 	C:\Windows\SYSTEM32\profapi.dll
0x00007ffe5b9b0000 - 0x00007ffe5ba87000 	C:\Program Files\Java\jdk-21\bin\jsvml.dll
0x00007ffe96840000 - 0x00007ffe96850000 	C:\Program Files\Java\jdk-21\bin\net.dll
0x00007ffec3720000 - 0x00007ffec382a000 	C:\Windows\SYSTEM32\WINHTTP.dll
0x00007ffeca600000 - 0x00007ffeca66c000 	C:\Windows\system32\mswsock.dll
0x00007ffe96820000 - 0x00007ffe96836000 	C:\Program Files\Java\jdk-21\bin\nio.dll
0x00007ffe93b50000 - 0x00007ffe93b68000 	C:\Program Files\Java\jdk-21\bin\zip.dll
0x00007ffe1be40000 - 0x00007ffe1c030000 	D:\GitHub Repos\ADTransformer\ADTransformer\PrismRunner\prism-games-3.2.1\lib\prism.dll
0x00007ffe58760000 - 0x00007ffe588ef000 	C:\Program Files\Java\jdk-21\bin\awt.dll
0x00007ffec8460000 - 0x00007ffec84f4000 	C:\Windows\SYSTEM32\apphelp.dll
0x00007ffea7db0000 - 0x00007ffea7dc7000 	C:\Windows\system32\napinsp.dll
0x00007ffea7d90000 - 0x00007ffea7dab000 	C:\Windows\system32\pnrpnsp.dll
0x00007ffec5910000 - 0x00007ffec592d000 	C:\Windows\system32\wshbth.dll
0x00007ffec6860000 - 0x00007ffec687d000 	C:\Windows\system32\NLAapi.dll
0x00007ffeca2a0000 - 0x00007ffeca2db000 	C:\Windows\SYSTEM32\IPHLPAPI.DLL
0x00007ffeca2f0000 - 0x00007ffeca3ba000 	C:\Windows\SYSTEM32\DNSAPI.dll
0x00007ffecb850000 - 0x00007ffecb858000 	C:\Windows\System32\NSI.dll
0x00007ffea7c20000 - 0x00007ffea7c32000 	C:\Windows\System32\winrnr.dll
0x00007ffec3a60000 - 0x00007ffec3a6a000 	C:\Windows\System32\rasadhlp.dll
0x00007ffebe970000 - 0x00007ffebe9f0000 	C:\Windows\System32\fwpuclnt.dll
0x00007ffe5b8c0000 - 0x00007ffe5b9a4000 	D:\GitHub Repos\ADTransformer\ADTransformer\PrismRunner\prism-games-3.2.1\lib\jdd.dll
0x00007ffe10830000 - 0x00007ffe10ac0000 	D:\GitHub Repos\ADTransformer\ADTransformer\PrismRunner\prism-games-3.2.1\lib\dd.dll
0x00007ffe1bc30000 - 0x00007ffe1be31000 	D:\GitHub Repos\ADTransformer\ADTransformer\PrismRunner\prism-games-3.2.1\lib\prismmtbdd.dll
0x00007ffe1f360000 - 0x00007ffe1f447000 	D:\GitHub Repos\ADTransformer\ADTransformer\PrismRunner\prism-games-3.2.1\lib\dv.dll
0x00007ffe105e0000 - 0x00007ffe10823000 	D:\GitHub Repos\ADTransformer\ADTransformer\PrismRunner\prism-games-3.2.1\lib\prismsparse.dll
0x0000000180000000 - 0x000000018009f000 	D:\GitHub Repos\ADTransformer\ADTransformer\PrismRunner\prism-games-3.2.1\lib\lpsolve55.dll
0x00007ffe1e0d0000 - 0x00007ffe1e1ad000 	D:\GitHub Repos\ADTransformer\ADTransformer\PrismRunner\prism-games-3.2.1\lib\odd.dll
0x00007ffe103a0000 - 0x00007ffe105d1000 	D:\GitHub Repos\ADTransformer\ADTransformer\PrismRunner\prism-games-3.2.1\lib\prismhybrid.dll

dbghelp: loaded successfully - version: 4.0.5 - missing functions: none
symbol engine: initialized successfully - sym options: 0x614 - pdb path: .;C:\Program Files\Java\jdk-21\bin;C:\Windows\SYSTEM32;C:\Windows\WinSxS\amd64_microsoft.windows.common-controls_6595b64144ccf1df_6.0.19041.5794_none_60bcd33171f2783c;C:\Program Files\Java\jdk-21\bin\server;D:\GitHub Repos\ADTransformer\ADTransformer\PrismRunner\prism-games-3.2.1\lib

VM Arguments:
jvm_args: -Xmx1g -Xss4M -Djava.library.path=..\lib 
java_command: prism.PrismCL D:\GitHub Repos\ADTransformer\ADTransformer\GeneratedPrismFiles\generatedSample.prism D:\GitHub Repos\ADTransformer\ADTransformer\ParetoFrontProps\paretoFrontProperty.props -const INIT_DEFENDER_BUDGET=48,INIT_ATTACKER_BUDGET=10
java_class_path (initial): ..\lib\prism.jar;..\classes;..;..\lib\pepa.zip;..\lib\colt.jar;..\lib\com.microsoft.z3.jar;..\lib\commons-math3-3.3.jar;..\lib\epsgraphics.jar;..\lib\jas.jar;..\lib\jcommon.jar;..\lib\jfreechart.jar;..\lib\jhoafparser.jar;..\lib\junit-platform-console-standalone.jar;..\lib\log4j-api.jar;..\lib\log4j-core.jar;..\lib\lpsolve55j.jar;..\lib\nailgun-server.jar;..\lib\ppl_java.jar;..\lib\prism.jar;..\lib\yices.jar
Launcher Type: SUN_STANDARD

[Global flags]
     intx CICompilerCount                          = 4                                         {product} {ergonomic}
     uint ConcGCThreads                            = 3                                         {product} {ergonomic}
     uint G1ConcRefinementThreads                  = 10                                        {product} {ergonomic}
   size_t G1HeapRegionSize                         = 1048576                                   {product} {ergonomic}
    uintx GCDrainStackTargetSize                   = 64                                        {product} {ergonomic}
   size_t InitialHeapSize                          = 257949696                                 {product} {ergonomic}
   size_t MarkStackSize                            = 4194304                                   {product} {ergonomic}
   size_t MaxHeapSize                              = 1073741824                                {product} {command line}
   size_t MaxNewSize                               = 643825664                                 {product} {ergonomic}
   size_t MinHeapDeltaBytes                        = 1048576                                   {product} {ergonomic}
   size_t MinHeapSize                              = 8388608                                   {product} {ergonomic}
    uintx NonNMethodCodeHeapSize                   = 5839372                                {pd product} {ergonomic}
    uintx NonProfiledCodeHeapSize                  = 122909434                              {pd product} {ergonomic}
    uintx ProfiledCodeHeapSize                     = 122909434                              {pd product} {ergonomic}
    uintx ReservedCodeCacheSize                    = 251658240                              {pd product} {ergonomic}
     bool SegmentedCodeCache                       = true                                      {product} {ergonomic}
   size_t SoftMaxHeapSize                          = 1073741824                             {manageable} {ergonomic}
     intx ThreadStackSize                          = 4096                                   {pd product} {command line}
     bool UseCompressedOops                        = true                           {product lp64_product} {ergonomic}
     bool UseG1GC                                  = true                                      {product} {ergonomic}
     bool UseLargePagesIndividualAllocation        = false                                  {pd product} {ergonomic}

Logging:
Log output configuration:
 #0: stdout all=warning uptime,level,tags foldmultilines=false
 #1: stderr all=off uptime,level,tags foldmultilines=false

Environment Variables:
JAVA_HOME=C:\Program Files\Java\jdk-21
PATH=..\lib;C:\Program Files\Common Files\Oracle\Java\javapath;C:\Program Files\PlasticSCM5\server;C:\Program Files\PlasticSCM5\client;C:\Program Files (x86)\Razer Chroma SDK\bin;C:\Program Files\Razer Chroma SDK\bin;C:\Program Files (x86)\Razer\ChromaBroadcast\bin;C:\Program Files\Razer\ChromaBroadcast\bin;C:\Windows\system32;C:\Windows;C:\Windows\System32\Wbem;C:\Windows\System32\WindowsPowerShell\v1.0\;C:\Windows\System32\OpenSSH\;C:\Program Files\Microsoft SQL Server\150\Tools\Binn\;C:\Program Files\Microsoft SQL Server\Client SDK\ODBC\170\Tools\Binn\;C:\Windows\system32\config\systemprofile\AppData\Local\Microsoft\WindowsApps;C:\Program Files\NVIDIA Corporation\NVIDIA NvDLISR;C:\Program Files (x86)\NVIDIA Corporation\PhysX\Common;C:\Users\kiril\AppData\Roaming\nvm;C:\Program Files\nodejs;C:\Program Files\apache-maven-3.9.6\bin;C:\Program Files\Java\jdk-21\bin;C:\Program Files\dotnet\;C:\minikube;C:\Program Files\Docker\Docker\resources\bin;E:\PRISM\bin;E:\PRISM\prism-games-3.2.1\bin;C:\Program Files\Git\cmd;C:\Users\kiril\AppData\Local\Programs\Python\Python313\;C:\Users\kiril\AppData\Local\Programs\Python\Python313\Scripts\;C:\Users\kiril\AppData\Local\Programs\Python\Python311\Scripts\;C:\Users\kiril\AppData\Local\Programs\Python\Python311\;C:\Program Files\MySQL\MySQL Shell 8.0\bin\;C:\Users\kiril\AppData\Local\Microsoft\WindowsApps;C:\Program Files\JetBrains\JetBrains Rider 2022.2.4\bin;;C:\Users\kiril\AppData\Local\GitHubDesktop\bin;D:\GolangIDE\GoLand 2022.2.5\bin;;D:\VSCode\Microsoft VS Code\bin;C:\Users\kiril\AppData\Roaming\npm;C:\Program Files\JetBrains\PyCharm Community Edition 2022.3.2\bin;;C:\Users\kiril\AppData\Roaming\nvm;C:\Program Files\nodejs;D:\IntellJava\IntelliJ IDEA 2023.3.4\bin;;C:\Program Files\apache-maven-3.9.6\bin;C:\Users\kiril\.dotnet\tools;C:\pmd-bin-7.6.0\bin;E:\PRISM\prism-games-3.2.1\bin;
USERNAME=kiril
OS=Windows_NT
PROCESSOR_IDENTIFIER=AMD64 Family 25 Model 80 Stepping 0, AuthenticAMD
TMP=C:\Users\kiril\AppData\Local\Temp
TEMP=C:\Users\kiril\AppData\Local\Temp




Periodic native trim disabled

---------------  S Y S T E M  ---------------

OS:
 Windows 10 , 64 bit Build 19041 (10.0.19041.5794)
OS uptime: 0 days 12:34 hours
Hyper-V role detected

CPU: total 12 (initial active 12) (12 cores per cpu, 2 threads per core) family 25 model 80 stepping 0 microcode 0x0, cx8, cmov, fxsr, ht, mmx, 3dnowpref, sse, sse2, sse3, ssse3, sse4a, sse4.1, sse4.2, popcnt, lzcnt, tsc, tscinvbit, avx, avx2, aes, erms, clmul, bmi1, bmi2, adx, sha, fma, vzeroupper, clflush, clflushopt, hv, rdtscp, rdpid, fsrm, f16c, cet_ss
Processor Information for all 12 processors :
  Max Mhz: 3301, Current Mhz: 3301, Mhz Limit: 3301

Memory: 4k page, system-wide physical 15716M (10M free)
TotalPageFile size 29550M (AvailPageFile size 255M)
current process WorkingSet (physical memory assigned to process): 207M, peak: 209M
current process commit charge ("private bytes"): 377M, peak: 689M

vm_info: Java HotSpot(TM) 64-Bit Server VM (21.0.2+13-LTS-58) for windows-amd64 JRE (21.0.2+13-LTS-58), built on 2024-01-05T18:32:24Z by "mach5one" with MS VC++ 17.1 (VS2022)

END.
